{"C:\\Users\\Boo\\Desktop\\Shefaa\\shefaa\\src\\services\\index.ts": {"path":"C:\\Users\\Boo\\Desktop\\Shefaa\\shefaa\\src\\services\\index.ts","all":false,"statementMap":{"0":{"start":{"line":1,"column":0},"end":{"line":1,"column":72}}},"s":{"0":1},"branchMap":{},"b":{},"fnMap":{},"f":{}}
,"C:\\Users\\Boo\\Desktop\\Shefaa\\shefaa\\src\\services\\queryKeys.ts": {"path":"C:\\Users\\Boo\\Desktop\\Shefaa\\shefaa\\src\\services\\queryKeys.ts","all":false,"statementMap":{"2":{"start":{"line":3,"column":0},"end":{"line":3,"column":85}},"3":{"start":{"line":4,"column":0},"end":{"line":4,"column":58}},"4":{"start":{"line":5,"column":0},"end":{"line":5,"column":64}},"6":{"start":{"line":7,"column":0},"end":{"line":7,"column":26}},"7":{"start":{"line":8,"column":0},"end":{"line":8,"column":9}},"8":{"start":{"line":9,"column":0},"end":{"line":9,"column":48}},"9":{"start":{"line":10,"column":0},"end":{"line":10,"column":57}},"10":{"start":{"line":11,"column":0},"end":{"line":11,"column":4}},"11":{"start":{"line":12,"column":0},"end":{"line":12,"column":13}},"12":{"start":{"line":13,"column":0},"end":{"line":13,"column":65}},"13":{"start":{"line":14,"column":0},"end":{"line":14,"column":177}},"14":{"start":{"line":15,"column":0},"end":{"line":15,"column":32}},"15":{"start":{"line":16,"column":0},"end":{"line":16,"column":107}},"16":{"start":{"line":17,"column":0},"end":{"line":17,"column":127}},"17":{"start":{"line":18,"column":0},"end":{"line":18,"column":61}},"18":{"start":{"line":19,"column":0},"end":{"line":19,"column":81}},"19":{"start":{"line":20,"column":0},"end":{"line":20,"column":4}},"20":{"start":{"line":21,"column":0},"end":{"line":21,"column":12}},"21":{"start":{"line":22,"column":0},"end":{"line":22,"column":64}},"22":{"start":{"line":23,"column":0},"end":{"line":23,"column":142}},"23":{"start":{"line":24,"column":0},"end":{"line":24,"column":31}},"24":{"start":{"line":25,"column":0},"end":{"line":25,"column":106}},"25":{"start":{"line":26,"column":0},"end":{"line":26,"column":124}},"26":{"start":{"line":27,"column":0},"end":{"line":27,"column":4}},"27":{"start":{"line":28,"column":0},"end":{"line":28,"column":17}},"28":{"start":{"line":29,"column":0},"end":{"line":29,"column":69}},"29":{"start":{"line":30,"column":0},"end":{"line":30,"column":177}},"30":{"start":{"line":31,"column":0},"end":{"line":31,"column":36}},"31":{"start":{"line":32,"column":0},"end":{"line":32,"column":77}},"32":{"start":{"line":33,"column":0},"end":{"line":33,"column":80}},"33":{"start":{"line":34,"column":0},"end":{"line":34,"column":107}},"34":{"start":{"line":35,"column":0},"end":{"line":35,"column":61}},"35":{"start":{"line":36,"column":0},"end":{"line":36,"column":77}},"36":{"start":{"line":37,"column":0},"end":{"line":37,"column":4}},"37":{"start":{"line":38,"column":0},"end":{"line":38,"column":12}},"38":{"start":{"line":39,"column":0},"end":{"line":39,"column":64}},"39":{"start":{"line":40,"column":0},"end":{"line":40,"column":177}},"40":{"start":{"line":41,"column":0},"end":{"line":41,"column":31}},"41":{"start":{"line":42,"column":0},"end":{"line":42,"column":74}},"42":{"start":{"line":43,"column":0},"end":{"line":43,"column":72}},"43":{"start":{"line":44,"column":0},"end":{"line":44,"column":92}},"44":{"start":{"line":45,"column":0},"end":{"line":45,"column":127}},"45":{"start":{"line":46,"column":0},"end":{"line":46,"column":124}},"46":{"start":{"line":47,"column":0},"end":{"line":47,"column":4}},"47":{"start":{"line":48,"column":0},"end":{"line":48,"column":14}},"48":{"start":{"line":49,"column":0},"end":{"line":49,"column":66}},"49":{"start":{"line":50,"column":0},"end":{"line":50,"column":177}},"50":{"start":{"line":51,"column":0},"end":{"line":51,"column":33}},"51":{"start":{"line":52,"column":0},"end":{"line":52,"column":94}},"52":{"start":{"line":53,"column":0},"end":{"line":53,"column":100}},"53":{"start":{"line":54,"column":0},"end":{"line":54,"column":92}},"54":{"start":{"line":55,"column":0},"end":{"line":55,"column":128}},"55":{"start":{"line":56,"column":0},"end":{"line":56,"column":4}},"56":{"start":{"line":57,"column":0},"end":{"line":57,"column":15}},"57":{"start":{"line":58,"column":0},"end":{"line":58,"column":67}},"58":{"start":{"line":59,"column":0},"end":{"line":59,"column":177}},"59":{"start":{"line":60,"column":0},"end":{"line":60,"column":34}},"60":{"start":{"line":61,"column":0},"end":{"line":61,"column":95}},"61":{"start":{"line":62,"column":0},"end":{"line":62,"column":4}},"62":{"start":{"line":63,"column":0},"end":{"line":63,"column":13}},"63":{"start":{"line":64,"column":0},"end":{"line":64,"column":65}},"64":{"start":{"line":65,"column":0},"end":{"line":65,"column":177}},"65":{"start":{"line":66,"column":0},"end":{"line":66,"column":32}},"66":{"start":{"line":67,"column":0},"end":{"line":67,"column":93}},"67":{"start":{"line":68,"column":0},"end":{"line":68,"column":4}},"68":{"start":{"line":69,"column":0},"end":{"line":69,"column":18}},"69":{"start":{"line":70,"column":0},"end":{"line":70,"column":70}},"70":{"start":{"line":71,"column":0},"end":{"line":71,"column":177}},"71":{"start":{"line":72,"column":0},"end":{"line":72,"column":37}},"72":{"start":{"line":73,"column":0},"end":{"line":73,"column":4}},"73":{"start":{"line":74,"column":0},"end":{"line":74,"column":18}},"74":{"start":{"line":75,"column":0},"end":{"line":75,"column":73}},"75":{"start":{"line":76,"column":0},"end":{"line":76,"column":4}},"76":{"start":{"line":77,"column":0},"end":{"line":77,"column":13}},"77":{"start":{"line":78,"column":0},"end":{"line":78,"column":72}},"78":{"start":{"line":79,"column":0},"end":{"line":79,"column":4}},"79":{"start":{"line":80,"column":0},"end":{"line":80,"column":10}},"80":{"start":{"line":81,"column":0},"end":{"line":81,"column":22}},"87":{"start":{"line":88,"column":0},"end":{"line":88,"column":42}},"88":{"start":{"line":89,"column":0},"end":{"line":89,"column":23}},"94":{"start":{"line":95,"column":0},"end":{"line":95,"column":43}},"95":{"start":{"line":96,"column":0},"end":{"line":96,"column":28}},"103":{"start":{"line":104,"column":0},"end":{"line":104,"column":48}},"104":{"start":{"line":105,"column":0},"end":{"line":105,"column":69}},"105":{"start":{"line":106,"column":0},"end":{"line":106,"column":67}},"106":{"start":{"line":107,"column":0},"end":{"line":107,"column":73}},"107":{"start":{"line":108,"column":0},"end":{"line":108,"column":4}},"108":{"start":{"line":109,"column":0},"end":{"line":109,"column":12}},"109":{"start":{"line":110,"column":0},"end":{"line":110,"column":64}},"110":{"start":{"line":111,"column":0},"end":{"line":111,"column":90}},"111":{"start":{"line":112,"column":0},"end":{"line":112,"column":104}},"112":{"start":{"line":113,"column":0},"end":{"line":113,"column":94}},"113":{"start":{"line":114,"column":0},"end":{"line":114,"column":106}},"114":{"start":{"line":115,"column":0},"end":{"line":115,"column":104}},"115":{"start":{"line":116,"column":0},"end":{"line":116,"column":110}},"116":{"start":{"line":117,"column":0},"end":{"line":117,"column":116}},"117":{"start":{"line":118,"column":0},"end":{"line":118,"column":110}},"118":{"start":{"line":119,"column":0},"end":{"line":119,"column":112}},"119":{"start":{"line":120,"column":0},"end":{"line":120,"column":4}},"120":{"start":{"line":121,"column":0},"end":{"line":121,"column":17}},"121":{"start":{"line":122,"column":0},"end":{"line":122,"column":91}},"122":{"start":{"line":123,"column":0},"end":{"line":123,"column":4}},"123":{"start":{"line":124,"column":0},"end":{"line":124,"column":17}},"124":{"start":{"line":125,"column":0},"end":{"line":125,"column":113}},"125":{"start":{"line":126,"column":0},"end":{"line":126,"column":4}},"126":{"start":{"line":127,"column":0},"end":{"line":127,"column":13}},"127":{"start":{"line":128,"column":0},"end":{"line":128,"column":91}},"128":{"start":{"line":129,"column":0},"end":{"line":129,"column":23}},"135":{"start":{"line":136,"column":0},"end":{"line":136,"column":76}},"136":{"start":{"line":137,"column":0},"end":{"line":137,"column":129}},"137":{"start":{"line":138,"column":0},"end":{"line":138,"column":78}},"138":{"start":{"line":139,"column":0},"end":{"line":139,"column":73}},"139":{"start":{"line":140,"column":0},"end":{"line":140,"column":4}},"140":{"start":{"line":141,"column":0},"end":{"line":141,"column":11}}},"s":{"2":1,"3":1,"4":0,"6":1,"7":1,"8":1,"9":1,"10":1,"11":1,"12":1,"13":1,"14":0,"15":1,"16":1,"17":1,"18":1,"19":1,"20":1,"21":1,"22":1,"23":0,"24":1,"25":1,"26":1,"27":1,"28":1,"29":1,"30":0,"31":1,"32":0,"33":1,"34":1,"35":1,"36":1,"37":1,"38":1,"39":1,"40":0,"41":1,"42":0,"43":1,"44":1,"45":1,"46":1,"47":1,"48":1,"49":1,"50":0,"51":1,"52":1,"53":1,"54":1,"55":1,"56":1,"57":1,"58":1,"59":0,"60":1,"61":1,"62":1,"63":1,"64":1,"65":0,"66":1,"67":1,"68":1,"69":1,"70":1,"71":0,"72":1,"73":1,"74":1,"75":1,"76":1,"77":1,"78":1,"79":1,"80":1,"87":0,"88":1,"94":0,"95":1,"103":0,"104":1,"105":1,"106":1,"107":1,"108":1,"109":1,"110":1,"111":1,"112":1,"113":1,"114":1,"115":1,"116":1,"117":1,"118":1,"119":1,"120":1,"121":1,"122":1,"123":1,"124":1,"125":1,"126":1,"127":1,"128":1,"135":0,"136":1,"137":1,"138":1,"139":1,"140":1},"branchMap":{"0":{"type":"branch","line":3,"loc":{"start":{"line":3,"column":18},"end":{"line":3,"column":85}},"locations":[{"start":{"line":3,"column":18},"end":{"line":3,"column":85}}]},"1":{"type":"branch","line":13,"loc":{"start":{"line":13,"column":10},"end":{"line":13,"column":65}},"locations":[{"start":{"line":13,"column":10},"end":{"line":13,"column":65}}]},"2":{"type":"branch","line":106,"loc":{"start":{"line":106,"column":22},"end":{"line":106,"column":67}},"locations":[{"start":{"line":106,"column":22},"end":{"line":106,"column":67}}]}},"b":{"0":[1],"1":[1],"2":[1]},"fnMap":{"0":{"name":"tenantKey","decl":{"start":{"line":3,"column":18},"end":{"line":3,"column":85}},"loc":{"start":{"line":3,"column":18},"end":{"line":3,"column":85}},"line":3},"1":{"name":"listKey","decl":{"start":{"line":4,"column":16},"end":{"line":5,"column":64}},"loc":{"start":{"line":4,"column":16},"end":{"line":5,"column":64}},"line":4},"2":{"name":"session","decl":{"start":{"line":9,"column":13},"end":{"line":9,"column":48}},"loc":{"start":{"line":9,"column":13},"end":{"line":9,"column":48}},"line":9},"3":{"name":"root","decl":{"start":{"line":13,"column":10},"end":{"line":13,"column":65}},"loc":{"start":{"line":13,"column":10},"end":{"line":13,"column":65}},"line":13},"4":{"name":"list","decl":{"start":{"line":14,"column":10},"end":{"line":15,"column":32}},"loc":{"start":{"line":14,"column":10},"end":{"line":15,"column":32}},"line":14},"5":{"name":"detail","decl":{"start":{"line":16,"column":12},"end":{"line":16,"column":107}},"loc":{"start":{"line":16,"column":12},"end":{"line":16,"column":107}},"line":16},"6":{"name":"documents","decl":{"start":{"line":17,"column":15},"end":{"line":17,"column":127}},"loc":{"start":{"line":17,"column":15},"end":{"line":17,"column":127}},"line":17},"7":{"name":"root","decl":{"start":{"line":22,"column":10},"end":{"line":22,"column":64}},"loc":{"start":{"line":22,"column":10},"end":{"line":22,"column":64}},"line":22},"8":{"name":"list","decl":{"start":{"line":23,"column":10},"end":{"line":24,"column":31}},"loc":{"start":{"line":23,"column":10},"end":{"line":24,"column":31}},"line":23},"9":{"name":"detail","decl":{"start":{"line":25,"column":12},"end":{"line":25,"column":106}},"loc":{"start":{"line":25,"column":12},"end":{"line":25,"column":106}},"line":25},"10":{"name":"root","decl":{"start":{"line":29,"column":10},"end":{"line":29,"column":69}},"loc":{"start":{"line":29,"column":10},"end":{"line":29,"column":69}},"line":29},"11":{"name":"list","decl":{"start":{"line":30,"column":10},"end":{"line":31,"column":36}},"loc":{"start":{"line":30,"column":10},"end":{"line":31,"column":36}},"line":30},"12":{"name":"calendar","decl":{"start":{"line":32,"column":14},"end":{"line":33,"column":80}},"loc":{"start":{"line":32,"column":14},"end":{"line":33,"column":80}},"line":32},"13":{"name":"statusCounts","decl":{"start":{"line":34,"column":18},"end":{"line":34,"column":107}},"loc":{"start":{"line":34,"column":18},"end":{"line":34,"column":107}},"line":34},"14":{"name":"root","decl":{"start":{"line":39,"column":10},"end":{"line":39,"column":64}},"loc":{"start":{"line":39,"column":10},"end":{"line":39,"column":64}},"line":39},"15":{"name":"list","decl":{"start":{"line":40,"column":10},"end":{"line":41,"column":31}},"loc":{"start":{"line":40,"column":10},"end":{"line":41,"column":31}},"line":40},"16":{"name":"range","decl":{"start":{"line":42,"column":11},"end":{"line":43,"column":72}},"loc":{"start":{"line":42,"column":11},"end":{"line":43,"column":72}},"line":42},"17":{"name":"summary","decl":{"start":{"line":44,"column":13},"end":{"line":44,"column":92}},"loc":{"start":{"line":44,"column":13},"end":{"line":44,"column":92}},"line":44},"18":{"name":"monthCount","decl":{"start":{"line":45,"column":16},"end":{"line":45,"column":127}},"loc":{"start":{"line":45,"column":16},"end":{"line":45,"column":127}},"line":45},"19":{"name":"root","decl":{"start":{"line":49,"column":10},"end":{"line":49,"column":66}},"loc":{"start":{"line":49,"column":10},"end":{"line":49,"column":66}},"line":49},"20":{"name":"list","decl":{"start":{"line":50,"column":10},"end":{"line":51,"column":33}},"loc":{"start":{"line":50,"column":10},"end":{"line":51,"column":33}},"line":50},"21":{"name":"summary","decl":{"start":{"line":52,"column":13},"end":{"line":52,"column":94}},"loc":{"start":{"line":52,"column":13},"end":{"line":52,"column":94}},"line":52},"22":{"name":"operations","decl":{"start":{"line":53,"column":16},"end":{"line":53,"column":100}},"loc":{"start":{"line":53,"column":16},"end":{"line":53,"column":100}},"line":53},"23":{"name":"owners","decl":{"start":{"line":54,"column":12},"end":{"line":54,"column":92}},"loc":{"start":{"line":54,"column":12},"end":{"line":54,"column":92}},"line":54},"24":{"name":"root","decl":{"start":{"line":58,"column":10},"end":{"line":58,"column":67}},"loc":{"start":{"line":58,"column":10},"end":{"line":58,"column":67}},"line":58},"25":{"name":"list","decl":{"start":{"line":59,"column":10},"end":{"line":60,"column":34}},"loc":{"start":{"line":59,"column":10},"end":{"line":60,"column":34}},"line":59},"26":{"name":"root","decl":{"start":{"line":64,"column":10},"end":{"line":64,"column":65}},"loc":{"start":{"line":64,"column":10},"end":{"line":64,"column":65}},"line":64},"27":{"name":"list","decl":{"start":{"line":65,"column":10},"end":{"line":66,"column":32}},"loc":{"start":{"line":65,"column":10},"end":{"line":66,"column":32}},"line":65},"28":{"name":"root","decl":{"start":{"line":70,"column":10},"end":{"line":70,"column":70}},"loc":{"start":{"line":70,"column":10},"end":{"line":70,"column":70}},"line":70},"29":{"name":"list","decl":{"start":{"line":71,"column":10},"end":{"line":72,"column":37}},"loc":{"start":{"line":71,"column":10},"end":{"line":72,"column":37}},"line":71},"30":{"name":"tenants","decl":{"start":{"line":81,"column":13},"end":{"line":88,"column":42}},"loc":{"start":{"line":81,"column":13},"end":{"line":88,"column":42}},"line":81},"31":{"name":"profiles","decl":{"start":{"line":89,"column":14},"end":{"line":95,"column":43}},"loc":{"start":{"line":89,"column":14},"end":{"line":95,"column":43}},"line":89},"32":{"name":"subscriptions","decl":{"start":{"line":96,"column":19},"end":{"line":104,"column":48}},"loc":{"start":{"line":96,"column":19},"end":{"line":104,"column":48}},"line":96},"33":{"name":"subscriptionStats","decl":{"start":{"line":105,"column":23},"end":{"line":105,"column":69}},"loc":{"start":{"line":105,"column":23},"end":{"line":105,"column":69}},"line":105},"34":{"name":"operationsAlerts","decl":{"start":{"line":106,"column":22},"end":{"line":106,"column":67}},"loc":{"start":{"line":106,"column":22},"end":{"line":106,"column":67}},"line":106},"35":{"name":"root","decl":{"start":{"line":110,"column":10},"end":{"line":110,"column":64}},"loc":{"start":{"line":110,"column":10},"end":{"line":110,"column":64}},"line":110},"36":{"name":"access","decl":{"start":{"line":111,"column":12},"end":{"line":111,"column":90}},"loc":{"start":{"line":111,"column":12},"end":{"line":111,"column":90}},"line":111},"37":{"name":"refreshStatus","decl":{"start":{"line":112,"column":19},"end":{"line":112,"column":104}},"loc":{"start":{"line":112,"column":19},"end":{"line":112,"column":104}},"line":112},"38":{"name":"overview","decl":{"start":{"line":113,"column":14},"end":{"line":113,"column":94}},"loc":{"start":{"line":113,"column":14},"end":{"line":113,"column":94}},"line":113},"39":{"name":"revenueByMonth","decl":{"start":{"line":114,"column":20},"end":{"line":114,"column":106}},"loc":{"start":{"line":114,"column":20},"end":{"line":114,"column":106}},"line":114},"40":{"name":"patientGrowth","decl":{"start":{"line":115,"column":19},"end":{"line":115,"column":104}},"loc":{"start":{"line":115,"column":19},"end":{"line":115,"column":104}},"line":115},"41":{"name":"appointmentTypes","decl":{"start":{"line":116,"column":22},"end":{"line":116,"column":110}},"loc":{"start":{"line":116,"column":22},"end":{"line":116,"column":110}},"line":116},"42":{"name":"appointmentStatuses","decl":{"start":{"line":117,"column":25},"end":{"line":117,"column":116}},"loc":{"start":{"line":117,"column":25},"end":{"line":117,"column":116}},"line":117},"43":{"name":"revenueByService","decl":{"start":{"line":118,"column":22},"end":{"line":118,"column":110}},"loc":{"start":{"line":118,"column":22},"end":{"line":118,"column":110}},"line":118},"44":{"name":"tenant","decl":{"start":{"line":128,"column":12},"end":{"line":128,"column":91}},"loc":{"start":{"line":128,"column":12},"end":{"line":128,"column":91}},"line":128},"45":{"name":"profiles","decl":{"start":{"line":129,"column":14},"end":{"line":136,"column":76}},"loc":{"start":{"line":129,"column":14},"end":{"line":136,"column":76}},"line":129},"46":{"name":"notifications","decl":{"start":{"line":137,"column":19},"end":{"line":137,"column":129}},"loc":{"start":{"line":137,"column":19},"end":{"line":137,"column":129}},"line":137}},"f":{"0":1,"1":0,"2":0,"3":1,"4":0,"5":0,"6":0,"7":0,"8":0,"9":0,"10":0,"11":0,"12":0,"13":0,"14":0,"15":0,"16":0,"17":0,"18":0,"19":0,"20":0,"21":0,"22":0,"23":0,"24":0,"25":0,"26":0,"27":0,"28":0,"29":0,"30":0,"31":0,"32":0,"33":0,"34":1,"35":0,"36":0,"37":0,"38":0,"39":0,"40":0,"41":0,"42":0,"43":0,"44":0,"45":0,"46":0}}
,"C:\\Users\\Boo\\Desktop\\Shefaa\\shefaa\\src\\services\\admin\\admin.repository.ts": {"path":"C:\\Users\\Boo\\Desktop\\Shefaa\\shefaa\\src\\services\\admin\\admin.repository.ts","all":false,"statementMap":{"0":{"start":{"line":1,"column":0},"end":{"line":1,"column":13}},"13":{"start":{"line":14,"column":0},"end":{"line":14,"column":95}},"14":{"start":{"line":15,"column":0},"end":{"line":15,"column":28}},"15":{"start":{"line":16,"column":0},"end":{"line":16,"column":110}},"16":{"start":{"line":17,"column":0},"end":{"line":17,"column":117}},"52":{"start":{"line":53,"column":0},"end":{"line":53,"column":49}},"53":{"start":{"line":54,"column":0},"end":{"line":54,"column":65}},"54":{"start":{"line":55,"column":0},"end":{"line":55,"column":47}},"55":{"start":{"line":56,"column":0},"end":{"line":56,"column":52}},"56":{"start":{"line":57,"column":0},"end":{"line":57,"column":47}},"58":{"start":{"line":59,"column":0},"end":{"line":59,"column":15}},"59":{"start":{"line":60,"column":0},"end":{"line":60,"column":30}},"60":{"start":{"line":61,"column":0},"end":{"line":61,"column":30}},"61":{"start":{"line":62,"column":0},"end":{"line":62,"column":102}},"62":{"start":{"line":63,"column":0},"end":{"line":63,"column":25}},"63":{"start":{"line":64,"column":0},"end":{"line":64,"column":27}},"65":{"start":{"line":66,"column":0},"end":{"line":66,"column":47}},"66":{"start":{"line":67,"column":0},"end":{"line":67,"column":39}},"67":{"start":{"line":68,"column":0},"end":{"line":68,"column":109}},"68":{"start":{"line":69,"column":0},"end":{"line":69,"column":7}},"70":{"start":{"line":71,"column":0},"end":{"line":71,"column":82}},"71":{"start":{"line":72,"column":0},"end":{"line":72,"column":18}},"72":{"start":{"line":73,"column":0},"end":{"line":73,"column":32}},"73":{"start":{"line":74,"column":0},"end":{"line":74,"column":9}},"75":{"start":{"line":76,"column":0},"end":{"line":76,"column":53}},"76":{"start":{"line":77,"column":0},"end":{"line":77,"column":18}},"77":{"start":{"line":78,"column":0},"end":{"line":78,"column":75}},"78":{"start":{"line":79,"column":0},"end":{"line":79,"column":27}},"79":{"start":{"line":80,"column":0},"end":{"line":80,"column":25}},"80":{"start":{"line":81,"column":0},"end":{"line":81,"column":11}},"81":{"start":{"line":82,"column":0},"end":{"line":82,"column":7}},"83":{"start":{"line":84,"column":0},"end":{"line":84,"column":33}},"84":{"start":{"line":85,"column":0},"end":{"line":85,"column":28}},"85":{"start":{"line":86,"column":0},"end":{"line":86,"column":41}},"86":{"start":{"line":87,"column":0},"end":{"line":87,"column":18}},"87":{"start":{"line":88,"column":0},"end":{"line":88,"column":27}},"88":{"start":{"line":89,"column":0},"end":{"line":89,"column":35}},"89":{"start":{"line":90,"column":0},"end":{"line":90,"column":39}},"90":{"start":{"line":91,"column":0},"end":{"line":91,"column":12}},"91":{"start":{"line":92,"column":0},"end":{"line":92,"column":10}},"92":{"start":{"line":93,"column":0},"end":{"line":93,"column":42}},"94":{"start":{"line":95,"column":0},"end":{"line":95,"column":49}},"95":{"start":{"line":96,"column":0},"end":{"line":96,"column":5}},"97":{"start":{"line":98,"column":0},"end":{"line":98,"column":24}},"98":{"start":{"line":99,"column":0},"end":{"line":99,"column":22}},"99":{"start":{"line":100,"column":0},"end":{"line":100,"column":49}},"100":{"start":{"line":101,"column":0},"end":{"line":101,"column":25}},"102":{"start":{"line":103,"column":0},"end":{"line":103,"column":45}},"103":{"start":{"line":104,"column":0},"end":{"line":104,"column":37}},"104":{"start":{"line":105,"column":0},"end":{"line":105,"column":75}},"105":{"start":{"line":106,"column":0},"end":{"line":106,"column":5}},"107":{"start":{"line":108,"column":0},"end":{"line":108,"column":86}},"109":{"start":{"line":110,"column":0},"end":{"line":110,"column":47}},"111":{"start":{"line":112,"column":0},"end":{"line":112,"column":16}},"112":{"start":{"line":113,"column":0},"end":{"line":113,"column":73}},"113":{"start":{"line":114,"column":0},"end":{"line":114,"column":25}},"114":{"start":{"line":115,"column":0},"end":{"line":115,"column":23}},"115":{"start":{"line":116,"column":0},"end":{"line":116,"column":9}},"116":{"start":{"line":117,"column":0},"end":{"line":117,"column":5}},"118":{"start":{"line":119,"column":0},"end":{"line":119,"column":51}},"119":{"start":{"line":120,"column":0},"end":{"line":120,"column":103}},"120":{"start":{"line":121,"column":0},"end":{"line":121,"column":14}},"121":{"start":{"line":122,"column":0},"end":{"line":122,"column":15}},"122":{"start":{"line":123,"column":0},"end":{"line":123,"column":41}},"123":{"start":{"line":124,"column":0},"end":{"line":124,"column":45}},"124":{"start":{"line":125,"column":0},"end":{"line":125,"column":23}},"125":{"start":{"line":126,"column":0},"end":{"line":126,"column":7}},"127":{"start":{"line":128,"column":0},"end":{"line":128,"column":47}},"128":{"start":{"line":129,"column":0},"end":{"line":129,"column":4}},"129":{"start":{"line":130,"column":0},"end":{"line":130,"column":69}},"130":{"start":{"line":131,"column":0},"end":{"line":131,"column":47}},"131":{"start":{"line":132,"column":0},"end":{"line":132,"column":52}},"132":{"start":{"line":133,"column":0},"end":{"line":133,"column":47}},"133":{"start":{"line":134,"column":0},"end":{"line":134,"column":32}},"134":{"start":{"line":135,"column":0},"end":{"line":135,"column":23}},"135":{"start":{"line":136,"column":0},"end":{"line":136,"column":50}},"136":{"start":{"line":137,"column":0},"end":{"line":137,"column":25}},"137":{"start":{"line":138,"column":0},"end":{"line":138,"column":67}},"139":{"start":{"line":140,"column":0},"end":{"line":140,"column":45}},"140":{"start":{"line":141,"column":0},"end":{"line":141,"column":37}},"141":{"start":{"line":142,"column":0},"end":{"line":142,"column":58}},"142":{"start":{"line":143,"column":0},"end":{"line":143,"column":5}},"144":{"start":{"line":145,"column":0},"end":{"line":145,"column":80}},"146":{"start":{"line":147,"column":0},"end":{"line":147,"column":24}},"147":{"start":{"line":148,"column":0},"end":{"line":148,"column":82}},"148":{"start":{"line":149,"column":0},"end":{"line":149,"column":33}},"149":{"start":{"line":150,"column":0},"end":{"line":150,"column":31}},"150":{"start":{"line":151,"column":0},"end":{"line":151,"column":9}},"151":{"start":{"line":152,"column":0},"end":{"line":152,"column":5}},"153":{"start":{"line":154,"column":0},"end":{"line":154,"column":28}},"154":{"start":{"line":155,"column":0},"end":{"line":155,"column":45}},"155":{"start":{"line":156,"column":0},"end":{"line":156,"column":5}},"157":{"start":{"line":158,"column":0},"end":{"line":158,"column":63}},"158":{"start":{"line":159,"column":0},"end":{"line":159,"column":61}},"159":{"start":{"line":160,"column":0},"end":{"line":160,"column":25}},"160":{"start":{"line":161,"column":0},"end":{"line":161,"column":30}},"161":{"start":{"line":162,"column":0},"end":{"line":162,"column":30}},"163":{"start":{"line":164,"column":0},"end":{"line":164,"column":21}},"164":{"start":{"line":165,"column":0},"end":{"line":165,"column":81}},"165":{"start":{"line":166,"column":0},"end":{"line":166,"column":30}},"166":{"start":{"line":167,"column":0},"end":{"line":167,"column":28}},"167":{"start":{"line":168,"column":0},"end":{"line":168,"column":9}},"168":{"start":{"line":169,"column":0},"end":{"line":169,"column":5}},"170":{"start":{"line":171,"column":0},"end":{"line":171,"column":76}},"172":{"start":{"line":173,"column":0},"end":{"line":173,"column":37}},"173":{"start":{"line":174,"column":0},"end":{"line":174,"column":61}},"174":{"start":{"line":175,"column":0},"end":{"line":175,"column":5}},"176":{"start":{"line":177,"column":0},"end":{"line":177,"column":45}},"177":{"start":{"line":178,"column":0},"end":{"line":178,"column":17}},"178":{"start":{"line":179,"column":0},"end":{"line":179,"column":59}},"179":{"start":{"line":180,"column":0},"end":{"line":180,"column":30}},"181":{"start":{"line":182,"column":0},"end":{"line":182,"column":39}},"182":{"start":{"line":183,"column":0},"end":{"line":183,"column":4}},"183":{"start":{"line":184,"column":0},"end":{"line":184,"column":79}},"184":{"start":{"line":185,"column":0},"end":{"line":185,"column":47}},"185":{"start":{"line":186,"column":0},"end":{"line":186,"column":52}},"186":{"start":{"line":187,"column":0},"end":{"line":187,"column":47}},"187":{"start":{"line":188,"column":0},"end":{"line":188,"column":24}},"188":{"start":{"line":189,"column":0},"end":{"line":189,"column":28}},"189":{"start":{"line":190,"column":0},"end":{"line":190,"column":55}},"190":{"start":{"line":191,"column":0},"end":{"line":191,"column":25}},"192":{"start":{"line":193,"column":0},"end":{"line":193,"column":15}},"193":{"start":{"line":194,"column":0},"end":{"line":194,"column":37}},"194":{"start":{"line":195,"column":0},"end":{"line":195,"column":5}},"196":{"start":{"line":197,"column":0},"end":{"line":197,"column":17}},"197":{"start":{"line":198,"column":0},"end":{"line":198,"column":41}},"198":{"start":{"line":199,"column":0},"end":{"line":199,"column":5}},"200":{"start":{"line":201,"column":0},"end":{"line":201,"column":45}},"201":{"start":{"line":202,"column":0},"end":{"line":202,"column":37}},"202":{"start":{"line":203,"column":0},"end":{"line":203,"column":74}},"203":{"start":{"line":204,"column":0},"end":{"line":204,"column":5}},"205":{"start":{"line":206,"column":0},"end":{"line":206,"column":51}},"207":{"start":{"line":208,"column":0},"end":{"line":208,"column":47}},"209":{"start":{"line":210,"column":0},"end":{"line":210,"column":16}},"210":{"start":{"line":211,"column":0},"end":{"line":211,"column":79}},"211":{"start":{"line":212,"column":0},"end":{"line":212,"column":25}},"212":{"start":{"line":213,"column":0},"end":{"line":213,"column":23}},"213":{"start":{"line":214,"column":0},"end":{"line":214,"column":9}},"214":{"start":{"line":215,"column":0},"end":{"line":215,"column":5}},"216":{"start":{"line":217,"column":0},"end":{"line":217,"column":76}},"217":{"start":{"line":218,"column":0},"end":{"line":218,"column":4}},"218":{"start":{"line":219,"column":0},"end":{"line":219,"column":32}},"219":{"start":{"line":220,"column":0},"end":{"line":220,"column":75}},"220":{"start":{"line":221,"column":0},"end":{"line":221,"column":16}},"221":{"start":{"line":222,"column":0},"end":{"line":222,"column":84}},"222":{"start":{"line":223,"column":0},"end":{"line":223,"column":25}},"223":{"start":{"line":224,"column":0},"end":{"line":224,"column":23}},"224":{"start":{"line":225,"column":0},"end":{"line":225,"column":9}},"225":{"start":{"line":226,"column":0},"end":{"line":226,"column":5}},"227":{"start":{"line":228,"column":0},"end":{"line":228,"column":50}},"228":{"start":{"line":229,"column":0},"end":{"line":229,"column":4}},"229":{"start":{"line":230,"column":0},"end":{"line":230,"column":37}},"230":{"start":{"line":231,"column":0},"end":{"line":231,"column":81}},"231":{"start":{"line":232,"column":0},"end":{"line":232,"column":16}},"232":{"start":{"line":233,"column":0},"end":{"line":233,"column":90}},"233":{"start":{"line":234,"column":0},"end":{"line":234,"column":25}},"234":{"start":{"line":235,"column":0},"end":{"line":235,"column":23}},"235":{"start":{"line":236,"column":0},"end":{"line":236,"column":9}},"236":{"start":{"line":237,"column":0},"end":{"line":237,"column":5}},"238":{"start":{"line":239,"column":0},"end":{"line":239,"column":30}},"239":{"start":{"line":240,"column":0},"end":{"line":240,"column":62}},"240":{"start":{"line":241,"column":0},"end":{"line":241,"column":5}},"242":{"start":{"line":243,"column":0},"end":{"line":243,"column":57}},"243":{"start":{"line":244,"column":0},"end":{"line":244,"column":4}},"244":{"start":{"line":245,"column":0},"end":{"line":245,"column":42}},"245":{"start":{"line":246,"column":0},"end":{"line":246,"column":95}},"246":{"start":{"line":247,"column":0},"end":{"line":247,"column":16}},"247":{"start":{"line":248,"column":0},"end":{"line":248,"column":85}},"248":{"start":{"line":249,"column":0},"end":{"line":249,"column":25}},"249":{"start":{"line":250,"column":0},"end":{"line":250,"column":23}},"250":{"start":{"line":251,"column":0},"end":{"line":251,"column":9}},"251":{"start":{"line":252,"column":0},"end":{"line":252,"column":5}},"253":{"start":{"line":254,"column":0},"end":{"line":254,"column":73}},"254":{"start":{"line":255,"column":0},"end":{"line":255,"column":4}},"255":{"start":{"line":256,"column":0},"end":{"line":256,"column":43}},"256":{"start":{"line":257,"column":0},"end":{"line":257,"column":96}},"257":{"start":{"line":258,"column":0},"end":{"line":258,"column":16}},"258":{"start":{"line":259,"column":0},"end":{"line":259,"column":86}},"259":{"start":{"line":260,"column":0},"end":{"line":260,"column":25}},"260":{"start":{"line":261,"column":0},"end":{"line":261,"column":23}},"261":{"start":{"line":262,"column":0},"end":{"line":262,"column":9}},"262":{"start":{"line":263,"column":0},"end":{"line":263,"column":5}},"264":{"start":{"line":265,"column":0},"end":{"line":265,"column":73}},"265":{"start":{"line":266,"column":0},"end":{"line":266,"column":4}},"266":{"start":{"line":267,"column":0},"end":{"line":267,"column":66}},"267":{"start":{"line":268,"column":0},"end":{"line":268,"column":76}},"268":{"start":{"line":269,"column":0},"end":{"line":269,"column":37}},"269":{"start":{"line":270,"column":0},"end":{"line":270,"column":33}},"270":{"start":{"line":271,"column":0},"end":{"line":271,"column":7}},"271":{"start":{"line":272,"column":0},"end":{"line":272,"column":16}},"272":{"start":{"line":273,"column":0},"end":{"line":273,"column":84}},"273":{"start":{"line":274,"column":0},"end":{"line":274,"column":25}},"274":{"start":{"line":275,"column":0},"end":{"line":275,"column":23}},"275":{"start":{"line":276,"column":0},"end":{"line":276,"column":9}},"276":{"start":{"line":277,"column":0},"end":{"line":277,"column":5}},"278":{"start":{"line":279,"column":0},"end":{"line":279,"column":77}},"279":{"start":{"line":280,"column":0},"end":{"line":280,"column":4}},"280":{"start":{"line":281,"column":0},"end":{"line":281,"column":39}},"281":{"start":{"line":282,"column":0},"end":{"line":282,"column":48}},"282":{"start":{"line":283,"column":0},"end":{"line":283,"column":60}},"283":{"start":{"line":284,"column":0},"end":{"line":284,"column":66}},"285":{"start":{"line":286,"column":0},"end":{"line":286,"column":44}},"286":{"start":{"line":287,"column":0},"end":{"line":287,"column":44}},"287":{"start":{"line":288,"column":0},"end":{"line":288,"column":30}},"288":{"start":{"line":289,"column":0},"end":{"line":289,"column":37}},"289":{"start":{"line":290,"column":0},"end":{"line":290,"column":21}},"290":{"start":{"line":291,"column":0},"end":{"line":291,"column":18}},"292":{"start":{"line":293,"column":0},"end":{"line":293,"column":18}},"293":{"start":{"line":294,"column":0},"end":{"line":294,"column":80}},"294":{"start":{"line":295,"column":0},"end":{"line":295,"column":27}},"295":{"start":{"line":296,"column":0},"end":{"line":296,"column":25}},"296":{"start":{"line":297,"column":0},"end":{"line":297,"column":11}},"297":{"start":{"line":298,"column":0},"end":{"line":298,"column":7}},"299":{"start":{"line":300,"column":0},"end":{"line":300,"column":39}},"300":{"start":{"line":301,"column":0},"end":{"line":301,"column":5}},"302":{"start":{"line":303,"column":0},"end":{"line":303,"column":42}},"303":{"start":{"line":304,"column":0},"end":{"line":304,"column":28}},"304":{"start":{"line":305,"column":0},"end":{"line":305,"column":22}},"305":{"start":{"line":306,"column":0},"end":{"line":306,"column":19}},"306":{"start":{"line":307,"column":0},"end":{"line":307,"column":35}},"307":{"start":{"line":308,"column":0},"end":{"line":308,"column":16}},"309":{"start":{"line":310,"column":0},"end":{"line":310,"column":16}},"310":{"start":{"line":311,"column":0},"end":{"line":311,"column":80}},"311":{"start":{"line":312,"column":0},"end":{"line":312,"column":25}},"312":{"start":{"line":313,"column":0},"end":{"line":313,"column":23}},"313":{"start":{"line":314,"column":0},"end":{"line":314,"column":9}},"314":{"start":{"line":315,"column":0},"end":{"line":315,"column":5}},"316":{"start":{"line":317,"column":0},"end":{"line":317,"column":37}},"317":{"start":{"line":318,"column":0},"end":{"line":318,"column":4}},"318":{"start":{"line":319,"column":0},"end":{"line":319,"column":2}}},"s":{"0":1,"13":1,"14":1,"15":1,"16":1,"52":1,"53":1,"54":3,"55":3,"56":3,"58":3,"59":2,"60":2,"61":2,"62":2,"63":2,"65":2,"66":1,"67":1,"68":1,"70":2,"71":2,"72":2,"73":2,"75":2,"76":2,"77":0,"78":0,"79":0,"80":0,"81":0,"83":2,"84":2,"85":0,"86":0,"87":0,"88":0,"89":0,"90":0,"91":0,"92":2,"94":2,"95":2,"97":1,"98":1,"99":1,"100":1,"102":3,"103":0,"104":0,"105":0,"107":3,"109":3,"111":3,"112":0,"113":0,"114":0,"115":0,"116":0,"118":3,"119":0,"120":0,"121":0,"122":0,"123":0,"124":0,"125":0,"127":3,"128":3,"129":1,"130":3,"131":3,"132":3,"133":3,"134":3,"135":3,"136":3,"137":3,"139":3,"140":2,"141":2,"142":2,"144":3,"146":3,"147":0,"148":0,"149":0,"150":0,"151":0,"153":3,"154":2,"155":2,"157":1,"158":1,"159":1,"160":1,"161":1,"163":3,"164":0,"165":0,"166":0,"167":0,"168":0,"170":1,"172":3,"173":1,"174":1,"176":1,"177":1,"178":1,"179":1,"181":3,"182":3,"183":1,"184":3,"185":3,"186":3,"187":3,"188":3,"189":3,"190":3,"192":3,"193":2,"194":2,"196":3,"197":2,"198":2,"200":3,"201":1,"202":1,"203":1,"205":3,"207":3,"209":3,"210":0,"211":0,"212":0,"213":0,"214":0,"216":3,"217":3,"218":1,"219":2,"220":2,"221":1,"222":1,"223":1,"224":1,"225":1,"227":2,"228":2,"229":1,"230":1,"231":1,"232":0,"233":0,"234":0,"235":0,"236":0,"238":1,"239":1,"240":1,"242":0,"243":1,"244":1,"245":1,"246":1,"247":0,"248":0,"249":0,"250":0,"251":0,"253":1,"254":1,"255":1,"256":1,"257":1,"258":0,"259":0,"260":0,"261":0,"262":0,"264":1,"265":1,"266":1,"267":1,"268":1,"269":1,"270":1,"271":1,"272":0,"273":0,"274":0,"275":0,"276":0,"278":1,"279":1,"280":1,"281":1,"282":1,"283":1,"285":1,"286":0,"287":0,"288":0,"289":0,"290":0,"292":0,"293":0,"294":0,"295":0,"296":0,"297":0,"299":0,"300":0,"302":1,"303":1,"304":1,"305":1,"306":1,"307":1,"309":1,"310":0,"311":0,"312":0,"313":0,"314":0,"316":1,"317":1,"318":1},"branchMap":{"0":{"type":"branch","line":54,"loc":{"start":{"line":54,"column":2},"end":{"line":129,"column":4}},"locations":[{"start":{"line":54,"column":2},"end":{"line":129,"column":4}}]},"1":{"type":"branch","line":56,"loc":{"start":{"line":56,"column":23},"end":{"line":56,"column":39}},"locations":[{"start":{"line":56,"column":23},"end":{"line":56,"column":39}}]},"2":{"type":"branch","line":57,"loc":{"start":{"line":57,"column":22},"end":{"line":57,"column":41}},"locations":[{"start":{"line":57,"column":22},"end":{"line":57,"column":41}}]},"3":{"type":"branch","line":59,"loc":{"start":{"line":59,"column":14},"end":{"line":96,"column":5}},"locations":[{"start":{"line":59,"column":14},"end":{"line":96,"column":5}}]},"4":{"type":"branch","line":66,"loc":{"start":{"line":66,"column":10},"end":{"line":66,"column":46}},"locations":[{"start":{"line":66,"column":10},"end":{"line":66,"column":46}}]},"5":{"type":"branch","line":66,"loc":{"start":{"line":66,"column":46},"end":{"line":69,"column":7}},"locations":[{"start":{"line":66,"column":46},"end":{"line":69,"column":7}}]},"6":{"type":"branch","line":71,"loc":{"start":{"line":71,"column":49},"end":{"line":71,"column":67}},"locations":[{"start":{"line":71,"column":49},"end":{"line":71,"column":67}}]},"7":{"type":"branch","line":77,"loc":{"start":{"line":77,"column":17},"end":{"line":82,"column":7}},"locations":[{"start":{"line":77,"column":17},"end":{"line":82,"column":7}}]},"8":{"type":"branch","line":84,"loc":{"start":{"line":84,"column":22},"end":{"line":84,"column":31}},"locations":[{"start":{"line":84,"column":22},"end":{"line":84,"column":31}}]},"9":{"type":"branch","line":95,"loc":{"start":{"line":95,"column":36},"end":{"line":95,"column":47}},"locations":[{"start":{"line":95,"column":36},"end":{"line":95,"column":47}}]},"10":{"type":"branch","line":96,"loc":{"start":{"line":96,"column":4},"end":{"line":103,"column":18}},"locations":[{"start":{"line":96,"column":4},"end":{"line":103,"column":18}}]},"11":{"type":"branch","line":103,"loc":{"start":{"line":103,"column":8},"end":{"line":103,"column":44}},"locations":[{"start":{"line":103,"column":8},"end":{"line":103,"column":44}}]},"12":{"type":"branch","line":103,"loc":{"start":{"line":103,"column":44},"end":{"line":106,"column":5}},"locations":[{"start":{"line":103,"column":44},"end":{"line":106,"column":5}}]},"13":{"type":"branch","line":106,"loc":{"start":{"line":106,"column":4},"end":{"line":108,"column":48}},"locations":[{"start":{"line":106,"column":4},"end":{"line":108,"column":48}}]},"14":{"type":"branch","line":108,"loc":{"start":{"line":108,"column":39},"end":{"line":108,"column":57}},"locations":[{"start":{"line":108,"column":39},"end":{"line":108,"column":57}}]},"15":{"type":"branch","line":108,"loc":{"start":{"line":108,"column":48},"end":{"line":108,"column":71}},"locations":[{"start":{"line":108,"column":48},"end":{"line":108,"column":71}}]},"16":{"type":"branch","line":110,"loc":{"start":{"line":110,"column":41},"end":{"line":112,"column":15}},"locations":[{"start":{"line":110,"column":41},"end":{"line":112,"column":15}}]},"17":{"type":"branch","line":112,"loc":{"start":{"line":112,"column":15},"end":{"line":117,"column":5}},"locations":[{"start":{"line":112,"column":15},"end":{"line":117,"column":5}}]},"18":{"type":"branch","line":117,"loc":{"start":{"line":117,"column":4},"end":{"line":119,"column":28}},"locations":[{"start":{"line":117,"column":4},"end":{"line":119,"column":28}}]},"19":{"type":"branch","line":119,"loc":{"start":{"line":119,"column":20},"end":{"line":119,"column":29}},"locations":[{"start":{"line":119,"column":20},"end":{"line":119,"column":29}}]},"20":{"type":"branch","line":128,"loc":{"start":{"line":128,"column":34},"end":{"line":128,"column":45}},"locations":[{"start":{"line":128,"column":34},"end":{"line":128,"column":45}}]},"21":{"type":"branch","line":130,"loc":{"start":{"line":130,"column":2},"end":{"line":183,"column":4}},"locations":[{"start":{"line":130,"column":2},"end":{"line":183,"column":4}}]},"22":{"type":"branch","line":132,"loc":{"start":{"line":132,"column":23},"end":{"line":132,"column":39}},"locations":[{"start":{"line":132,"column":23},"end":{"line":132,"column":39}}]},"23":{"type":"branch","line":133,"loc":{"start":{"line":133,"column":22},"end":{"line":133,"column":41}},"locations":[{"start":{"line":133,"column":22},"end":{"line":133,"column":41}}]},"24":{"type":"branch","line":140,"loc":{"start":{"line":140,"column":8},"end":{"line":140,"column":44}},"locations":[{"start":{"line":140,"column":8},"end":{"line":140,"column":44}}]},"25":{"type":"branch","line":140,"loc":{"start":{"line":140,"column":44},"end":{"line":143,"column":5}},"locations":[{"start":{"line":140,"column":44},"end":{"line":143,"column":5}}]},"26":{"type":"branch","line":147,"loc":{"start":{"line":147,"column":23},"end":{"line":152,"column":5}},"locations":[{"start":{"line":147,"column":23},"end":{"line":152,"column":5}}]},"27":{"type":"branch","line":154,"loc":{"start":{"line":154,"column":27},"end":{"line":156,"column":5}},"locations":[{"start":{"line":154,"column":27},"end":{"line":156,"column":5}}]},"28":{"type":"branch","line":155,"loc":{"start":{"line":155,"column":32},"end":{"line":155,"column":43}},"locations":[{"start":{"line":155,"column":32},"end":{"line":155,"column":43}}]},"29":{"type":"branch","line":156,"loc":{"start":{"line":156,"column":4},"end":{"line":164,"column":20}},"locations":[{"start":{"line":156,"column":4},"end":{"line":164,"column":20}}]},"30":{"type":"branch","line":164,"loc":{"start":{"line":164,"column":20},"end":{"line":169,"column":5}},"locations":[{"start":{"line":164,"column":20},"end":{"line":169,"column":5}}]},"31":{"type":"branch","line":169,"loc":{"start":{"line":169,"column":4},"end":{"line":173,"column":32}},"locations":[{"start":{"line":169,"column":4},"end":{"line":173,"column":32}}]},"32":{"type":"branch","line":173,"loc":{"start":{"line":173,"column":23},"end":{"line":173,"column":34}},"locations":[{"start":{"line":173,"column":23},"end":{"line":173,"column":34}}]},"33":{"type":"branch","line":173,"loc":{"start":{"line":173,"column":36},"end":{"line":182,"column":35}},"locations":[{"start":{"line":173,"column":36},"end":{"line":182,"column":35}}]},"34":{"type":"branch","line":182,"loc":{"start":{"line":182,"column":26},"end":{"line":182,"column":37}},"locations":[{"start":{"line":182,"column":26},"end":{"line":182,"column":37}}]},"35":{"type":"branch","line":158,"loc":{"start":{"line":158,"column":33},"end":{"line":158,"column":61}},"locations":[{"start":{"line":158,"column":33},"end":{"line":158,"column":61}}]},"36":{"type":"branch","line":177,"loc":{"start":{"line":177,"column":30},"end":{"line":180,"column":30}},"locations":[{"start":{"line":177,"column":30},"end":{"line":180,"column":30}}]},"37":{"type":"branch","line":179,"loc":{"start":{"line":179,"column":51},"end":{"line":179,"column":59}},"locations":[{"start":{"line":179,"column":51},"end":{"line":179,"column":59}}]},"38":{"type":"branch","line":184,"loc":{"start":{"line":184,"column":2},"end":{"line":218,"column":4}},"locations":[{"start":{"line":184,"column":2},"end":{"line":218,"column":4}}]},"39":{"type":"branch","line":186,"loc":{"start":{"line":186,"column":23},"end":{"line":186,"column":39}},"locations":[{"start":{"line":186,"column":23},"end":{"line":186,"column":39}}]},"40":{"type":"branch","line":187,"loc":{"start":{"line":187,"column":22},"end":{"line":187,"column":41}},"locations":[{"start":{"line":187,"column":22},"end":{"line":187,"column":41}}]},"41":{"type":"branch","line":193,"loc":{"start":{"line":193,"column":14},"end":{"line":195,"column":5}},"locations":[{"start":{"line":193,"column":14},"end":{"line":195,"column":5}}]},"42":{"type":"branch","line":197,"loc":{"start":{"line":197,"column":16},"end":{"line":199,"column":5}},"locations":[{"start":{"line":197,"column":16},"end":{"line":199,"column":5}}]},"43":{"type":"branch","line":201,"loc":{"start":{"line":201,"column":8},"end":{"line":201,"column":44}},"locations":[{"start":{"line":201,"column":8},"end":{"line":201,"column":44}}]},"44":{"type":"branch","line":201,"loc":{"start":{"line":201,"column":44},"end":{"line":204,"column":5}},"locations":[{"start":{"line":201,"column":44},"end":{"line":204,"column":5}}]},"45":{"type":"branch","line":210,"loc":{"start":{"line":210,"column":15},"end":{"line":215,"column":5}},"locations":[{"start":{"line":210,"column":15},"end":{"line":215,"column":5}}]},"46":{"type":"branch","line":217,"loc":{"start":{"line":217,"column":20},"end":{"line":217,"column":30}},"locations":[{"start":{"line":217,"column":20},"end":{"line":217,"column":30}}]},"47":{"type":"branch","line":217,"loc":{"start":{"line":217,"column":63},"end":{"line":217,"column":74}},"locations":[{"start":{"line":217,"column":63},"end":{"line":217,"column":74}}]},"48":{"type":"branch","line":219,"loc":{"start":{"line":219,"column":2},"end":{"line":229,"column":4}},"locations":[{"start":{"line":219,"column":2},"end":{"line":229,"column":4}}]},"49":{"type":"branch","line":221,"loc":{"start":{"line":221,"column":15},"end":{"line":228,"column":20}},"locations":[{"start":{"line":221,"column":15},"end":{"line":228,"column":20}}]},"50":{"type":"branch","line":222,"loc":{"start":{"line":222,"column":42},"end":{"line":222,"column":83}},"locations":[{"start":{"line":222,"column":42},"end":{"line":222,"column":83}}]},"51":{"type":"branch","line":228,"loc":{"start":{"line":228,"column":12},"end":{"line":228,"column":50}},"locations":[{"start":{"line":228,"column":12},"end":{"line":228,"column":50}}]},"52":{"type":"branch","line":230,"loc":{"start":{"line":230,"column":2},"end":{"line":244,"column":4}},"locations":[{"start":{"line":230,"column":2},"end":{"line":244,"column":4}}]},"53":{"type":"branch","line":232,"loc":{"start":{"line":232,"column":15},"end":{"line":237,"column":5}},"locations":[{"start":{"line":232,"column":15},"end":{"line":237,"column":5}}]},"54":{"type":"branch","line":241,"loc":{"start":{"line":241,"column":4},"end":{"line":243,"column":57}},"locations":[{"start":{"line":241,"column":4},"end":{"line":243,"column":57}}]},"55":{"type":"branch","line":245,"loc":{"start":{"line":245,"column":2},"end":{"line":255,"column":4}},"locations":[{"start":{"line":245,"column":2},"end":{"line":255,"column":4}}]},"56":{"type":"branch","line":247,"loc":{"start":{"line":247,"column":15},"end":{"line":252,"column":5}},"locations":[{"start":{"line":247,"column":15},"end":{"line":252,"column":5}}]},"57":{"type":"branch","line":254,"loc":{"start":{"line":254,"column":34},"end":{"line":254,"column":43}},"locations":[{"start":{"line":254,"column":34},"end":{"line":254,"column":43}}]},"58":{"type":"branch","line":256,"loc":{"start":{"line":256,"column":2},"end":{"line":266,"column":4}},"locations":[{"start":{"line":256,"column":2},"end":{"line":266,"column":4}}]},"59":{"type":"branch","line":258,"loc":{"start":{"line":258,"column":15},"end":{"line":263,"column":5}},"locations":[{"start":{"line":258,"column":15},"end":{"line":263,"column":5}}]},"60":{"type":"branch","line":265,"loc":{"start":{"line":265,"column":34},"end":{"line":265,"column":43}},"locations":[{"start":{"line":265,"column":34},"end":{"line":265,"column":43}}]},"61":{"type":"branch","line":267,"loc":{"start":{"line":267,"column":2},"end":{"line":280,"column":4}},"locations":[{"start":{"line":267,"column":2},"end":{"line":280,"column":4}}]},"62":{"type":"branch","line":272,"loc":{"start":{"line":272,"column":15},"end":{"line":277,"column":5}},"locations":[{"start":{"line":272,"column":15},"end":{"line":277,"column":5}}]},"63":{"type":"branch","line":279,"loc":{"start":{"line":279,"column":34},"end":{"line":279,"column":43}},"locations":[{"start":{"line":279,"column":34},"end":{"line":279,"column":43}}]},"64":{"type":"branch","line":281,"loc":{"start":{"line":281,"column":2},"end":{"line":318,"column":4}},"locations":[{"start":{"line":281,"column":2},"end":{"line":318,"column":4}}]},"65":{"type":"branch","line":284,"loc":{"start":{"line":284,"column":36},"end":{"line":284,"column":66}},"locations":[{"start":{"line":284,"column":36},"end":{"line":284,"column":66}}]},"66":{"type":"branch","line":286,"loc":{"start":{"line":286,"column":43},"end":{"line":301,"column":5}},"locations":[{"start":{"line":286,"column":43},"end":{"line":301,"column":5}}]},"67":{"type":"branch","line":310,"loc":{"start":{"line":310,"column":15},"end":{"line":315,"column":5}},"locations":[{"start":{"line":310,"column":15},"end":{"line":315,"column":5}}]}},"b":{"0":[3],"1":[0],"2":[0],"3":[2],"4":[1],"5":[1],"6":[0],"7":[0],"8":[0],"9":[0],"10":[1],"11":[0],"12":[0],"13":[1],"14":[0],"15":[1],"16":[1],"17":[0],"18":[1],"19":[0],"20":[0],"21":[3],"22":[0],"23":[0],"24":[2],"25":[2],"26":[0],"27":[2],"28":[0],"29":[1],"30":[0],"31":[1],"32":[0],"33":[1],"34":[0],"35":[1],"36":[1],"37":[0],"38":[3],"39":[0],"40":[0],"41":[2],"42":[2],"43":[1],"44":[1],"45":[0],"46":[0],"47":[0],"48":[2],"49":[1],"50":[0],"51":[0],"52":[1],"53":[0],"54":[0],"55":[1],"56":[0],"57":[0],"58":[1],"59":[0],"60":[0],"61":[1],"62":[0],"63":[0],"64":[1],"65":[0],"66":[0],"67":[0]},"fnMap":{"0":{"name":"listTenantsPaged","decl":{"start":{"line":54,"column":2},"end":{"line":129,"column":4}},"loc":{"start":{"line":54,"column":2},"end":{"line":129,"column":4}},"line":54},"1":{"name":"listProfilesWithRolesPaged","decl":{"start":{"line":130,"column":2},"end":{"line":183,"column":4}},"loc":{"start":{"line":130,"column":2},"end":{"line":183,"column":4}},"line":130},"2":{"name":"listSubscriptionsPaged","decl":{"start":{"line":184,"column":2},"end":{"line":218,"column":4}},"loc":{"start":{"line":184,"column":2},"end":{"line":218,"column":4}},"line":184},"3":{"name":"getSubscriptionStats","decl":{"start":{"line":219,"column":2},"end":{"line":229,"column":4}},"loc":{"start":{"line":219,"column":2},"end":{"line":229,"column":4}},"line":219},"4":{"name":"getOperationsAlertSummary","decl":{"start":{"line":230,"column":2},"end":{"line":244,"column":4}},"loc":{"start":{"line":230,"column":2},"end":{"line":244,"column":4}},"line":230},"5":{"name":"getRecentJobActivity","decl":{"start":{"line":245,"column":2},"end":{"line":255,"column":4}},"loc":{"start":{"line":245,"column":2},"end":{"line":255,"column":4}},"line":245},"6":{"name":"getRecentSystemErrors","decl":{"start":{"line":256,"column":2},"end":{"line":266,"column":4}},"loc":{"start":{"line":256,"column":2},"end":{"line":266,"column":4}},"line":256},"7":{"name":"getClientErrorTrend","decl":{"start":{"line":267,"column":2},"end":{"line":280,"column":4}},"loc":{"start":{"line":267,"column":2},"end":{"line":280,"column":4}},"line":267},"8":{"name":"updateSubscription","decl":{"start":{"line":281,"column":2},"end":{"line":318,"column":4}},"loc":{"start":{"line":281,"column":2},"end":{"line":318,"column":4}},"line":281}},"f":{"0":3,"1":3,"2":3,"3":2,"4":1,"5":1,"6":1,"7":1,"8":1}}
,"C:\\Users\\Boo\\Desktop\\Shefaa\\shefaa\\src\\services\\admin\\admin.service.ts": {"path":"C:\\Users\\Boo\\Desktop\\Shefaa\\shefaa\\src\\services\\admin\\admin.service.ts","all":false,"statementMap":{"0":{"start":{"line":1,"column":0},"end":{"line":1,"column":24}},"33":{"start":{"line":34,"column":0},"end":{"line":34,"column":35}},"34":{"start":{"line":35,"column":0},"end":{"line":35,"column":50}},"35":{"start":{"line":36,"column":0},"end":{"line":36,"column":64}},"36":{"start":{"line":37,"column":0},"end":{"line":37,"column":46}},"37":{"start":{"line":38,"column":0},"end":{"line":38,"column":40}},"38":{"start":{"line":39,"column":0},"end":{"line":39,"column":44}},"39":{"start":{"line":40,"column":0},"end":{"line":40,"column":3}},"41":{"start":{"line":42,"column":0},"end":{"line":42,"column":52}},"42":{"start":{"line":43,"column":0},"end":{"line":43,"column":26}},"43":{"start":{"line":44,"column":0},"end":{"line":44,"column":96}},"44":{"start":{"line":45,"column":0},"end":{"line":45,"column":14}},"45":{"start":{"line":46,"column":0},"end":{"line":46,"column":27}},"46":{"start":{"line":47,"column":0},"end":{"line":47,"column":101}},"47":{"start":{"line":48,"column":0},"end":{"line":48,"column":14}},"48":{"start":{"line":49,"column":0},"end":{"line":49,"column":32}},"49":{"start":{"line":50,"column":0},"end":{"line":50,"column":11}},"50":{"start":{"line":51,"column":0},"end":{"line":51,"column":77}},"51":{"start":{"line":52,"column":0},"end":{"line":52,"column":46}},"52":{"start":{"line":53,"column":0},"end":{"line":53,"column":4}},"53":{"start":{"line":54,"column":0},"end":{"line":54,"column":14}},"55":{"start":{"line":56,"column":0},"end":{"line":56,"column":83}},"56":{"start":{"line":57,"column":0},"end":{"line":57,"column":13}},"57":{"start":{"line":58,"column":0},"end":{"line":58,"column":13}},"58":{"start":{"line":59,"column":0},"end":{"line":59,"column":14}},"59":{"start":{"line":60,"column":0},"end":{"line":60,"column":2}},"61":{"start":{"line":62,"column":0},"end":{"line":62,"column":94}},"62":{"start":{"line":63,"column":0},"end":{"line":63,"column":44}},"64":{"start":{"line":65,"column":0},"end":{"line":65,"column":43}},"65":{"start":{"line":66,"column":0},"end":{"line":66,"column":17}},"66":{"start":{"line":67,"column":0},"end":{"line":67,"column":26}},"67":{"start":{"line":68,"column":0},"end":{"line":68,"column":32}},"68":{"start":{"line":69,"column":0},"end":{"line":69,"column":111}},"69":{"start":{"line":70,"column":0},"end":{"line":70,"column":27}},"70":{"start":{"line":71,"column":0},"end":{"line":71,"column":44}},"71":{"start":{"line":72,"column":0},"end":{"line":72,"column":7}},"72":{"start":{"line":73,"column":0},"end":{"line":73,"column":3}},"74":{"start":{"line":75,"column":0},"end":{"line":75,"column":48}},"75":{"start":{"line":76,"column":0},"end":{"line":76,"column":17}},"76":{"start":{"line":77,"column":0},"end":{"line":77,"column":24}},"77":{"start":{"line":78,"column":0},"end":{"line":78,"column":37}},"78":{"start":{"line":79,"column":0},"end":{"line":79,"column":108}},"79":{"start":{"line":80,"column":0},"end":{"line":80,"column":27}},"80":{"start":{"line":81,"column":0},"end":{"line":81,"column":49}},"81":{"start":{"line":82,"column":0},"end":{"line":82,"column":7}},"82":{"start":{"line":83,"column":0},"end":{"line":83,"column":3}},"84":{"start":{"line":85,"column":0},"end":{"line":85,"column":47}},"85":{"start":{"line":86,"column":0},"end":{"line":86,"column":17}},"86":{"start":{"line":87,"column":0},"end":{"line":87,"column":27}},"87":{"start":{"line":88,"column":0},"end":{"line":88,"column":38}},"88":{"start":{"line":89,"column":0},"end":{"line":89,"column":118}},"89":{"start":{"line":90,"column":0},"end":{"line":90,"column":81}},"90":{"start":{"line":91,"column":0},"end":{"line":91,"column":48}},"91":{"start":{"line":92,"column":0},"end":{"line":92,"column":7}},"92":{"start":{"line":93,"column":0},"end":{"line":93,"column":3}},"94":{"start":{"line":95,"column":0},"end":{"line":95,"column":46}},"95":{"start":{"line":96,"column":0},"end":{"line":96,"column":17}},"96":{"start":{"line":97,"column":0},"end":{"line":97,"column":26}},"97":{"start":{"line":98,"column":0},"end":{"line":98,"column":35}},"98":{"start":{"line":99,"column":0},"end":{"line":99,"column":119}},"99":{"start":{"line":100,"column":0},"end":{"line":100,"column":80}},"100":{"start":{"line":101,"column":0},"end":{"line":101,"column":47}},"101":{"start":{"line":102,"column":0},"end":{"line":102,"column":7}},"102":{"start":{"line":103,"column":0},"end":{"line":103,"column":3}},"104":{"start":{"line":105,"column":0},"end":{"line":105,"column":40}},"105":{"start":{"line":106,"column":0},"end":{"line":106,"column":17}},"106":{"start":{"line":107,"column":0},"end":{"line":107,"column":27}},"107":{"start":{"line":108,"column":0},"end":{"line":108,"column":29}},"108":{"start":{"line":109,"column":0},"end":{"line":109,"column":105}},"109":{"start":{"line":110,"column":0},"end":{"line":110,"column":74}},"110":{"start":{"line":111,"column":0},"end":{"line":111,"column":41}},"111":{"start":{"line":112,"column":0},"end":{"line":112,"column":7}},"112":{"start":{"line":113,"column":0},"end":{"line":113,"column":3}},"114":{"start":{"line":115,"column":0},"end":{"line":115,"column":41}},"115":{"start":{"line":116,"column":0},"end":{"line":116,"column":17}},"116":{"start":{"line":117,"column":0},"end":{"line":117,"column":27}},"117":{"start":{"line":118,"column":0},"end":{"line":118,"column":29}},"118":{"start":{"line":119,"column":0},"end":{"line":119,"column":105}},"119":{"start":{"line":120,"column":0},"end":{"line":120,"column":74}},"120":{"start":{"line":121,"column":0},"end":{"line":121,"column":40}},"121":{"start":{"line":122,"column":0},"end":{"line":122,"column":7}},"122":{"start":{"line":123,"column":0},"end":{"line":123,"column":3}},"124":{"start":{"line":125,"column":0},"end":{"line":125,"column":48}},"125":{"start":{"line":126,"column":0},"end":{"line":126,"column":17}},"126":{"start":{"line":127,"column":0},"end":{"line":127,"column":27}},"127":{"start":{"line":128,"column":0},"end":{"line":128,"column":34}},"128":{"start":{"line":129,"column":0},"end":{"line":129,"column":115}},"129":{"start":{"line":130,"column":0},"end":{"line":130,"column":82}},"130":{"start":{"line":131,"column":0},"end":{"line":131,"column":48}},"131":{"start":{"line":132,"column":0},"end":{"line":132,"column":7}},"132":{"start":{"line":133,"column":0},"end":{"line":133,"column":3}},"134":{"start":{"line":135,"column":0},"end":{"line":135,"column":39}},"135":{"start":{"line":136,"column":0},"end":{"line":136,"column":85}},"136":{"start":{"line":137,"column":0},"end":{"line":137,"column":50}},"137":{"start":{"line":138,"column":0},"end":{"line":138,"column":36}},"138":{"start":{"line":139,"column":0},"end":{"line":139,"column":5}},"139":{"start":{"line":140,"column":0},"end":{"line":140,"column":1}},"141":{"start":{"line":142,"column":0},"end":{"line":142,"column":77}},"142":{"start":{"line":143,"column":0},"end":{"line":143,"column":54}},"143":{"start":{"line":144,"column":0},"end":{"line":144,"column":65}},"145":{"start":{"line":146,"column":0},"end":{"line":146,"column":52}},"146":{"start":{"line":147,"column":0},"end":{"line":147,"column":12}},"147":{"start":{"line":148,"column":0},"end":{"line":148,"column":38}},"148":{"start":{"line":149,"column":0},"end":{"line":149,"column":32}},"149":{"start":{"line":150,"column":0},"end":{"line":150,"column":5}},"150":{"start":{"line":151,"column":0},"end":{"line":151,"column":1}},"152":{"start":{"line":153,"column":0},"end":{"line":153,"column":64}},"153":{"start":{"line":154,"column":0},"end":{"line":154,"column":42}},"154":{"start":{"line":155,"column":0},"end":{"line":155,"column":92}},"155":{"start":{"line":156,"column":0},"end":{"line":156,"column":99}},"156":{"start":{"line":157,"column":0},"end":{"line":157,"column":76}},"157":{"start":{"line":158,"column":0},"end":{"line":158,"column":86}},"158":{"start":{"line":159,"column":0},"end":{"line":159,"column":5}},"159":{"start":{"line":160,"column":0},"end":{"line":160,"column":1}},"161":{"start":{"line":162,"column":0},"end":{"line":162,"column":65}},"162":{"start":{"line":163,"column":0},"end":{"line":163,"column":117}},"163":{"start":{"line":164,"column":0},"end":{"line":164,"column":1}},"165":{"start":{"line":166,"column":0},"end":{"line":166,"column":67}},"166":{"start":{"line":167,"column":0},"end":{"line":167,"column":121}},"167":{"start":{"line":168,"column":0},"end":{"line":168,"column":1}},"169":{"start":{"line":170,"column":0},"end":{"line":170,"column":35}},"170":{"start":{"line":171,"column":0},"end":{"line":171,"column":88}},"171":{"start":{"line":172,"column":0},"end":{"line":172,"column":1}},"173":{"start":{"line":174,"column":0},"end":{"line":174,"column":29}},"174":{"start":{"line":175,"column":0},"end":{"line":175,"column":34}},"180":{"start":{"line":181,"column":0},"end":{"line":181,"column":6}},"181":{"start":{"line":182,"column":0},"end":{"line":182,"column":9}},"182":{"start":{"line":183,"column":0},"end":{"line":183,"column":31}},"183":{"start":{"line":184,"column":0},"end":{"line":184,"column":37}},"184":{"start":{"line":185,"column":0},"end":{"line":185,"column":71}},"185":{"start":{"line":186,"column":0},"end":{"line":186,"column":43}},"186":{"start":{"line":187,"column":0},"end":{"line":187,"column":28}},"187":{"start":{"line":188,"column":0},"end":{"line":188,"column":70}},"188":{"start":{"line":189,"column":0},"end":{"line":189,"column":31}},"189":{"start":{"line":190,"column":0},"end":{"line":190,"column":52}},"190":{"start":{"line":191,"column":0},"end":{"line":191,"column":30}},"191":{"start":{"line":192,"column":0},"end":{"line":192,"column":26}},"192":{"start":{"line":193,"column":0},"end":{"line":193,"column":25}},"193":{"start":{"line":194,"column":0},"end":{"line":194,"column":86}},"194":{"start":{"line":195,"column":0},"end":{"line":195,"column":22}},"195":{"start":{"line":196,"column":0},"end":{"line":196,"column":9}},"196":{"start":{"line":197,"column":0},"end":{"line":197,"column":76}},"197":{"start":{"line":198,"column":0},"end":{"line":198,"column":19}},"198":{"start":{"line":199,"column":0},"end":{"line":199,"column":58}},"199":{"start":{"line":200,"column":0},"end":{"line":200,"column":5}},"200":{"start":{"line":201,"column":0},"end":{"line":201,"column":4}},"201":{"start":{"line":202,"column":0},"end":{"line":202,"column":44}},"206":{"start":{"line":207,"column":0},"end":{"line":207,"column":6}},"207":{"start":{"line":208,"column":0},"end":{"line":208,"column":9}},"208":{"start":{"line":209,"column":0},"end":{"line":209,"column":31}},"209":{"start":{"line":210,"column":0},"end":{"line":210,"column":37}},"210":{"start":{"line":211,"column":0},"end":{"line":211,"column":59}},"211":{"start":{"line":212,"column":0},"end":{"line":212,"column":44}},"212":{"start":{"line":213,"column":0},"end":{"line":213,"column":28}},"213":{"start":{"line":214,"column":0},"end":{"line":214,"column":80}},"214":{"start":{"line":215,"column":0},"end":{"line":215,"column":31}},"215":{"start":{"line":216,"column":0},"end":{"line":216,"column":52}},"216":{"start":{"line":217,"column":0},"end":{"line":217,"column":30}},"217":{"start":{"line":218,"column":0},"end":{"line":218,"column":25}},"218":{"start":{"line":219,"column":0},"end":{"line":219,"column":86}},"219":{"start":{"line":220,"column":0},"end":{"line":220,"column":22}},"220":{"start":{"line":221,"column":0},"end":{"line":221,"column":9}},"221":{"start":{"line":222,"column":0},"end":{"line":222,"column":81}},"222":{"start":{"line":223,"column":0},"end":{"line":223,"column":19}},"223":{"start":{"line":224,"column":0},"end":{"line":224,"column":59}},"224":{"start":{"line":225,"column":0},"end":{"line":225,"column":5}},"225":{"start":{"line":226,"column":0},"end":{"line":226,"column":4}},"226":{"start":{"line":227,"column":0},"end":{"line":227,"column":40}},"233":{"start":{"line":234,"column":0},"end":{"line":234,"column":6}},"234":{"start":{"line":235,"column":0},"end":{"line":235,"column":9}},"235":{"start":{"line":236,"column":0},"end":{"line":236,"column":31}},"236":{"start":{"line":237,"column":0},"end":{"line":237,"column":37}},"237":{"start":{"line":238,"column":0},"end":{"line":238,"column":85}},"238":{"start":{"line":239,"column":0},"end":{"line":239,"column":49}},"239":{"start":{"line":240,"column":0},"end":{"line":240,"column":28}},"240":{"start":{"line":241,"column":0},"end":{"line":241,"column":76}},"241":{"start":{"line":242,"column":0},"end":{"line":242,"column":31}},"242":{"start":{"line":243,"column":0},"end":{"line":243,"column":52}},"243":{"start":{"line":244,"column":0},"end":{"line":244,"column":30}},"244":{"start":{"line":245,"column":0},"end":{"line":245,"column":26}},"245":{"start":{"line":246,"column":0},"end":{"line":246,"column":30}},"246":{"start":{"line":247,"column":0},"end":{"line":247,"column":25}},"247":{"start":{"line":248,"column":0},"end":{"line":248,"column":86}},"248":{"start":{"line":249,"column":0},"end":{"line":249,"column":22}},"249":{"start":{"line":250,"column":0},"end":{"line":250,"column":9}},"250":{"start":{"line":251,"column":0},"end":{"line":251,"column":82}},"251":{"start":{"line":252,"column":0},"end":{"line":252,"column":19}},"252":{"start":{"line":253,"column":0},"end":{"line":253,"column":64}},"253":{"start":{"line":254,"column":0},"end":{"line":254,"column":5}},"254":{"start":{"line":255,"column":0},"end":{"line":255,"column":4}},"255":{"start":{"line":256,"column":0},"end":{"line":256,"column":32}},"256":{"start":{"line":257,"column":0},"end":{"line":257,"column":9}},"257":{"start":{"line":258,"column":0},"end":{"line":258,"column":31}},"258":{"start":{"line":259,"column":0},"end":{"line":259,"column":66}},"259":{"start":{"line":260,"column":0},"end":{"line":260,"column":56}},"260":{"start":{"line":261,"column":0},"end":{"line":261,"column":19}},"261":{"start":{"line":262,"column":0},"end":{"line":262,"column":69}},"262":{"start":{"line":263,"column":0},"end":{"line":263,"column":5}},"263":{"start":{"line":264,"column":0},"end":{"line":264,"column":4}},"264":{"start":{"line":265,"column":0},"end":{"line":265,"column":31}},"265":{"start":{"line":266,"column":0},"end":{"line":266,"column":9}},"266":{"start":{"line":267,"column":0},"end":{"line":267,"column":31}},"267":{"start":{"line":268,"column":0},"end":{"line":268,"column":113}},"268":{"start":{"line":269,"column":0},"end":{"line":269,"column":51}},"269":{"start":{"line":270,"column":0},"end":{"line":270,"column":19}},"270":{"start":{"line":271,"column":0},"end":{"line":271,"column":68}},"271":{"start":{"line":272,"column":0},"end":{"line":272,"column":5}},"272":{"start":{"line":273,"column":0},"end":{"line":273,"column":4}},"273":{"start":{"line":274,"column":0},"end":{"line":274,"column":34}},"274":{"start":{"line":275,"column":0},"end":{"line":275,"column":9}},"275":{"start":{"line":276,"column":0},"end":{"line":276,"column":31}},"276":{"start":{"line":277,"column":0},"end":{"line":277,"column":113}},"277":{"start":{"line":278,"column":0},"end":{"line":278,"column":54}},"278":{"start":{"line":279,"column":0},"end":{"line":279,"column":99}},"280":{"start":{"line":281,"column":0},"end":{"line":281,"column":56}},"281":{"start":{"line":282,"column":0},"end":{"line":282,"column":100}},"283":{"start":{"line":284,"column":0},"end":{"line":284,"column":52}},"284":{"start":{"line":285,"column":0},"end":{"line":285,"column":106}},"286":{"start":{"line":287,"column":0},"end":{"line":287,"column":66}},"288":{"start":{"line":289,"column":0},"end":{"line":289,"column":59}},"289":{"start":{"line":290,"column":0},"end":{"line":290,"column":25}},"290":{"start":{"line":291,"column":0},"end":{"line":291,"column":47}},"291":{"start":{"line":292,"column":0},"end":{"line":292,"column":49}},"292":{"start":{"line":293,"column":0},"end":{"line":293,"column":45}},"293":{"start":{"line":294,"column":0},"end":{"line":294,"column":9}},"294":{"start":{"line":295,"column":0},"end":{"line":295,"column":19}},"295":{"start":{"line":296,"column":0},"end":{"line":296,"column":71}},"296":{"start":{"line":297,"column":0},"end":{"line":297,"column":5}},"297":{"start":{"line":298,"column":0},"end":{"line":298,"column":4}},"298":{"start":{"line":299,"column":0},"end":{"line":299,"column":77}},"299":{"start":{"line":300,"column":0},"end":{"line":300,"column":9}},"300":{"start":{"line":301,"column":0},"end":{"line":301,"column":31}},"301":{"start":{"line":302,"column":0},"end":{"line":302,"column":76}},"302":{"start":{"line":303,"column":0},"end":{"line":303,"column":44}},"303":{"start":{"line":304,"column":0},"end":{"line":304,"column":64}},"304":{"start":{"line":305,"column":0},"end":{"line":305,"column":80}},"305":{"start":{"line":306,"column":0},"end":{"line":306,"column":50}},"306":{"start":{"line":307,"column":0},"end":{"line":307,"column":24}},"307":{"start":{"line":308,"column":0},"end":{"line":308,"column":40}},"308":{"start":{"line":309,"column":0},"end":{"line":309,"column":38}},"309":{"start":{"line":310,"column":0},"end":{"line":310,"column":34}},"310":{"start":{"line":311,"column":0},"end":{"line":311,"column":47}},"311":{"start":{"line":312,"column":0},"end":{"line":312,"column":45}},"312":{"start":{"line":313,"column":0},"end":{"line":313,"column":38}},"313":{"start":{"line":314,"column":0},"end":{"line":314,"column":31}},"314":{"start":{"line":315,"column":0},"end":{"line":315,"column":69}},"315":{"start":{"line":316,"column":0},"end":{"line":316,"column":11}},"316":{"start":{"line":317,"column":0},"end":{"line":317,"column":7}},"317":{"start":{"line":318,"column":0},"end":{"line":318,"column":51}},"318":{"start":{"line":319,"column":0},"end":{"line":319,"column":19}},"319":{"start":{"line":320,"column":0},"end":{"line":320,"column":65}},"320":{"start":{"line":321,"column":0},"end":{"line":321,"column":5}},"321":{"start":{"line":322,"column":0},"end":{"line":322,"column":4}},"322":{"start":{"line":323,"column":0},"end":{"line":323,"column":2}}},"s":{"0":1,"33":1,"34":1,"35":1,"36":1,"37":1,"38":1,"39":1,"41":1,"42":1,"43":1,"44":1,"45":1,"46":1,"47":1,"48":1,"49":1,"50":1,"51":1,"52":1,"53":1,"55":1,"56":1,"57":1,"58":1,"59":1,"61":5,"62":5,"64":5,"65":1,"66":1,"67":1,"68":1,"69":1,"70":1,"71":1,"72":1,"74":5,"75":1,"76":1,"77":1,"78":1,"79":1,"80":1,"81":1,"82":1,"84":5,"85":1,"86":1,"87":1,"88":1,"89":1,"90":1,"91":1,"92":1,"94":5,"95":2,"96":2,"97":2,"98":2,"99":2,"100":2,"101":2,"102":2,"104":5,"105":2,"106":2,"107":2,"108":2,"109":2,"110":2,"111":2,"112":2,"114":5,"115":1,"116":1,"117":1,"118":1,"119":1,"120":1,"121":1,"122":1,"124":5,"125":1,"126":1,"127":1,"128":1,"129":1,"130":1,"131":1,"132":1,"134":5,"135":14,"136":14,"137":12,"138":12,"139":5,"141":5,"142":5,"143":5,"145":5,"146":5,"147":5,"148":5,"149":5,"150":5,"152":2,"153":2,"154":0,"155":0,"156":0,"157":0,"158":0,"159":2,"161":2,"162":2,"163":2,"165":2,"166":2,"167":2,"169":12,"170":12,"171":12,"173":1,"174":1,"180":2,"181":2,"182":2,"183":2,"184":2,"185":2,"186":2,"187":2,"188":2,"189":2,"190":2,"191":2,"192":2,"193":0,"194":2,"195":2,"196":2,"197":2,"198":0,"199":0,"200":2,"201":1,"206":1,"207":1,"208":1,"209":1,"210":1,"211":1,"212":1,"213":1,"214":1,"215":1,"216":1,"217":1,"218":0,"219":1,"220":1,"221":1,"222":1,"223":0,"224":0,"225":1,"226":1,"233":1,"234":1,"235":1,"236":1,"237":1,"238":1,"239":1,"240":1,"241":1,"242":1,"243":1,"244":1,"245":1,"246":1,"247":0,"248":1,"249":1,"250":1,"251":1,"252":0,"253":0,"254":1,"255":1,"256":2,"257":2,"258":2,"259":1,"260":1,"261":1,"262":1,"263":2,"264":1,"265":3,"266":3,"267":3,"268":3,"269":3,"270":0,"271":0,"272":3,"273":1,"274":2,"275":2,"276":2,"277":2,"278":2,"280":2,"281":2,"283":2,"284":2,"286":2,"288":2,"289":2,"290":2,"291":2,"292":2,"293":2,"294":2,"295":0,"296":0,"297":2,"298":1,"299":1,"300":1,"301":1,"302":1,"303":1,"304":1,"305":1,"306":1,"307":1,"308":1,"309":1,"310":1,"311":1,"312":1,"313":1,"314":1,"315":1,"316":1,"317":1,"318":1,"319":0,"320":0,"321":1,"322":1},"branchMap":{"0":{"type":"branch","line":62,"loc":{"start":{"line":62,"column":0},"end":{"line":140,"column":1}},"locations":[{"start":{"line":62,"column":0},"end":{"line":140,"column":1}}]},"1":{"type":"branch","line":65,"loc":{"start":{"line":65,"column":42},"end":{"line":73,"column":3}},"locations":[{"start":{"line":65,"column":42},"end":{"line":73,"column":3}}]},"2":{"type":"branch","line":75,"loc":{"start":{"line":75,"column":47},"end":{"line":83,"column":3}},"locations":[{"start":{"line":75,"column":47},"end":{"line":83,"column":3}}]},"3":{"type":"branch","line":85,"loc":{"start":{"line":85,"column":46},"end":{"line":93,"column":3}},"locations":[{"start":{"line":85,"column":46},"end":{"line":93,"column":3}}]},"4":{"type":"branch","line":90,"loc":{"start":{"line":90,"column":58},"end":{"line":90,"column":81}},"locations":[{"start":{"line":90,"column":58},"end":{"line":90,"column":81}}]},"5":{"type":"branch","line":95,"loc":{"start":{"line":95,"column":45},"end":{"line":103,"column":3}},"locations":[{"start":{"line":95,"column":45},"end":{"line":103,"column":3}}]},"6":{"type":"branch","line":100,"loc":{"start":{"line":100,"column":53},"end":{"line":100,"column":70}},"locations":[{"start":{"line":100,"column":53},"end":{"line":100,"column":70}}]},"7":{"type":"branch","line":100,"loc":{"start":{"line":100,"column":57},"end":{"line":100,"column":80}},"locations":[{"start":{"line":100,"column":57},"end":{"line":100,"column":80}}]},"8":{"type":"branch","line":105,"loc":{"start":{"line":105,"column":39},"end":{"line":113,"column":3}},"locations":[{"start":{"line":105,"column":39},"end":{"line":113,"column":3}}]},"9":{"type":"branch","line":110,"loc":{"start":{"line":110,"column":47},"end":{"line":110,"column":64}},"locations":[{"start":{"line":110,"column":47},"end":{"line":110,"column":64}}]},"10":{"type":"branch","line":110,"loc":{"start":{"line":110,"column":51},"end":{"line":110,"column":74}},"locations":[{"start":{"line":110,"column":51},"end":{"line":110,"column":74}}]},"11":{"type":"branch","line":115,"loc":{"start":{"line":115,"column":40},"end":{"line":123,"column":3}},"locations":[{"start":{"line":115,"column":40},"end":{"line":123,"column":3}}]},"12":{"type":"branch","line":120,"loc":{"start":{"line":120,"column":51},"end":{"line":120,"column":74}},"locations":[{"start":{"line":120,"column":51},"end":{"line":120,"column":74}}]},"13":{"type":"branch","line":125,"loc":{"start":{"line":125,"column":47},"end":{"line":133,"column":3}},"locations":[{"start":{"line":125,"column":47},"end":{"line":133,"column":3}}]},"14":{"type":"branch","line":130,"loc":{"start":{"line":130,"column":54},"end":{"line":130,"column":72}},"locations":[{"start":{"line":130,"column":54},"end":{"line":130,"column":72}}]},"15":{"type":"branch","line":135,"loc":{"start":{"line":135,"column":21},"end":{"line":139,"column":5}},"locations":[{"start":{"line":135,"column":21},"end":{"line":139,"column":5}}]},"16":{"type":"branch","line":137,"loc":{"start":{"line":137,"column":29},"end":{"line":137,"column":50}},"locations":[{"start":{"line":137,"column":29},"end":{"line":137,"column":50}}]},"17":{"type":"branch","line":137,"loc":{"start":{"line":137,"column":36},"end":{"line":139,"column":5}},"locations":[{"start":{"line":137,"column":36},"end":{"line":139,"column":5}}]},"18":{"type":"branch","line":142,"loc":{"start":{"line":142,"column":0},"end":{"line":151,"column":1}},"locations":[{"start":{"line":142,"column":0},"end":{"line":151,"column":1}}]},"19":{"type":"branch","line":144,"loc":{"start":{"line":144,"column":41},"end":{"line":144,"column":55}},"locations":[{"start":{"line":144,"column":41},"end":{"line":144,"column":55}}]},"20":{"type":"branch","line":144,"loc":{"start":{"line":144,"column":43},"end":{"line":144,"column":65}},"locations":[{"start":{"line":144,"column":43},"end":{"line":144,"column":65}}]},"21":{"type":"branch","line":153,"loc":{"start":{"line":153,"column":0},"end":{"line":160,"column":1}},"locations":[{"start":{"line":153,"column":0},"end":{"line":160,"column":1}}]},"22":{"type":"branch","line":162,"loc":{"start":{"line":162,"column":0},"end":{"line":164,"column":1}},"locations":[{"start":{"line":162,"column":0},"end":{"line":164,"column":1}}]},"23":{"type":"branch","line":166,"loc":{"start":{"line":166,"column":0},"end":{"line":168,"column":1}},"locations":[{"start":{"line":166,"column":0},"end":{"line":168,"column":1}}]},"24":{"type":"branch","line":167,"loc":{"start":{"line":167,"column":24},"end":{"line":167,"column":121}},"locations":[{"start":{"line":167,"column":24},"end":{"line":167,"column":121}}]},"25":{"type":"branch","line":170,"loc":{"start":{"line":170,"column":0},"end":{"line":172,"column":1}},"locations":[{"start":{"line":170,"column":0},"end":{"line":172,"column":1}}]},"26":{"type":"branch","line":175,"loc":{"start":{"line":175,"column":2},"end":{"line":201,"column":4}},"locations":[{"start":{"line":175,"column":2},"end":{"line":201,"column":4}}]},"27":{"type":"branch","line":187,"loc":{"start":{"line":187,"column":15},"end":{"line":187,"column":28}},"locations":[{"start":{"line":187,"column":15},"end":{"line":187,"column":28}}]},"28":{"type":"branch","line":194,"loc":{"start":{"line":194,"column":-1},"end":{"line":194,"column":86}},"locations":[{"start":{"line":194,"column":-1},"end":{"line":194,"column":86}}]},"29":{"type":"branch","line":198,"loc":{"start":{"line":198,"column":6},"end":{"line":200,"column":5}},"locations":[{"start":{"line":198,"column":6},"end":{"line":200,"column":5}}]},"30":{"type":"branch","line":202,"loc":{"start":{"line":202,"column":2},"end":{"line":226,"column":4}},"locations":[{"start":{"line":202,"column":2},"end":{"line":226,"column":4}}]},"31":{"type":"branch","line":213,"loc":{"start":{"line":213,"column":15},"end":{"line":213,"column":28}},"locations":[{"start":{"line":213,"column":15},"end":{"line":213,"column":28}}]},"32":{"type":"branch","line":219,"loc":{"start":{"line":219,"column":-1},"end":{"line":219,"column":86}},"locations":[{"start":{"line":219,"column":-1},"end":{"line":219,"column":86}}]},"33":{"type":"branch","line":223,"loc":{"start":{"line":223,"column":6},"end":{"line":225,"column":5}},"locations":[{"start":{"line":223,"column":6},"end":{"line":225,"column":5}}]},"34":{"type":"branch","line":227,"loc":{"start":{"line":227,"column":2},"end":{"line":255,"column":4}},"locations":[{"start":{"line":227,"column":2},"end":{"line":255,"column":4}}]},"35":{"type":"branch","line":240,"loc":{"start":{"line":240,"column":15},"end":{"line":240,"column":28}},"locations":[{"start":{"line":240,"column":15},"end":{"line":240,"column":28}}]},"36":{"type":"branch","line":248,"loc":{"start":{"line":248,"column":-1},"end":{"line":248,"column":86}},"locations":[{"start":{"line":248,"column":-1},"end":{"line":248,"column":86}}]},"37":{"type":"branch","line":252,"loc":{"start":{"line":252,"column":6},"end":{"line":254,"column":5}},"locations":[{"start":{"line":252,"column":6},"end":{"line":254,"column":5}}]},"38":{"type":"branch","line":256,"loc":{"start":{"line":256,"column":2},"end":{"line":264,"column":4}},"locations":[{"start":{"line":256,"column":2},"end":{"line":264,"column":4}}]},"39":{"type":"branch","line":259,"loc":{"start":{"line":259,"column":63},"end":{"line":263,"column":5}},"locations":[{"start":{"line":259,"column":63},"end":{"line":263,"column":5}}]},"40":{"type":"branch","line":265,"loc":{"start":{"line":265,"column":2},"end":{"line":273,"column":4}},"locations":[{"start":{"line":265,"column":2},"end":{"line":273,"column":4}}]},"41":{"type":"branch","line":270,"loc":{"start":{"line":270,"column":6},"end":{"line":272,"column":5}},"locations":[{"start":{"line":270,"column":6},"end":{"line":272,"column":5}}]},"42":{"type":"branch","line":274,"loc":{"start":{"line":274,"column":2},"end":{"line":298,"column":4}},"locations":[{"start":{"line":274,"column":2},"end":{"line":298,"column":4}}]},"43":{"type":"branch","line":295,"loc":{"start":{"line":295,"column":6},"end":{"line":297,"column":5}},"locations":[{"start":{"line":295,"column":6},"end":{"line":297,"column":5}}]},"44":{"type":"branch","line":299,"loc":{"start":{"line":299,"column":2},"end":{"line":322,"column":4}},"locations":[{"start":{"line":299,"column":2},"end":{"line":322,"column":4}}]},"45":{"type":"branch","line":319,"loc":{"start":{"line":319,"column":6},"end":{"line":321,"column":5}},"locations":[{"start":{"line":319,"column":6},"end":{"line":321,"column":5}}]}},"b":{"0":[5],"1":[1],"2":[1],"3":[1],"4":[0],"5":[2],"6":[1],"7":[1],"8":[2],"9":[1],"10":[1],"11":[1],"12":[0],"13":[1],"14":
[...]
e":17,"column":0},"end":{"line":17,"column":51}},"17":{"start":{"line":18,"column":0},"end":{"line":18,"column":79}},"18":{"start":{"line":19,"column":0},"end":{"line":19,"column":89}},"19":{"start":{"line":20,"column":0},"end":{"line":20,"column":34}},"20":{"start":{"line":21,"column":0},"end":{"line":21,"column":3}},"21":{"start":{"line":22,"column":0},"end":{"line":22,"column":1}},"23":{"start":{"line":24,"column":0},"end":{"line":24,"column":54}},"24":{"start":{"line":25,"column":0},"end":{"line":25,"column":91}},"25":{"start":{"line":26,"column":0},"end":{"line":26,"column":104}},"26":{"start":{"line":27,"column":0},"end":{"line":27,"column":37}},"27":{"start":{"line":28,"column":0},"end":{"line":28,"column":3}},"28":{"start":{"line":29,"column":0},"end":{"line":29,"column":1}},"30":{"start":{"line":31,"column":0},"end":{"line":31,"column":49}},"31":{"start":{"line":32,"column":0},"end":{"line":32,"column":86}},"32":{"start":{"line":33,"column":0},"end":{"line":33,"column":99}},"33":{"start":{"line":34,"column":0},"end":{"line":34,"column":32}},"34":{"start":{"line":35,"column":0},"end":{"line":35,"column":3}},"35":{"start":{"line":36,"column":0},"end":{"line":36,"column":1}},"37":{"start":{"line":38,"column":0},"end":{"line":38,"column":49}},"38":{"start":{"line":39,"column":0},"end":{"line":39,"column":85}},"39":{"start":{"line":40,"column":0},"end":{"line":40,"column":98}},"40":{"start":{"line":41,"column":0},"end":{"line":41,"column":32}},"41":{"start":{"line":42,"column":0},"end":{"line":42,"column":3}},"42":{"start":{"line":43,"column":0},"end":{"line":43,"column":1}},"44":{"start":{"line":45,"column":0},"end":{"line":45,"column":53}},"45":{"start":{"line":46,"column":0},"end":{"line":46,"column":100}},"46":{"start":{"line":47,"column":0},"end":{"line":47,"column":103}},"47":{"start":{"line":48,"column":0},"end":{"line":48,"column":36}},"48":{"start":{"line":49,"column":0},"end":{"line":49,"column":3}},"49":{"start":{"line":50,"column":0},"end":{"line":50,"column":1}},"51":{"start":{"line":52,"column":0},"end":{"line":52,"column":45}},"52":{"start":{"line":53,"column":0},"end":{"line":53,"column":108}},"53":{"start":{"line":54,"column":0},"end":{"line":54,"column":108}},"54":{"start":{"line":55,"column":0},"end":{"line":55,"column":56}},"55":{"start":{"line":56,"column":0},"end":{"line":56,"column":89}},"56":{"start":{"line":57,"column":0},"end":{"line":57,"column":3}},"57":{"start":{"line":58,"column":0},"end":{"line":58,"column":111}},"58":{"start":{"line":59,"column":0},"end":{"line":59,"column":13}},"59":{"start":{"line":60,"column":0},"end":{"line":60,"column":1}},"61":{"start":{"line":62,"column":0},"end":{"line":62,"column":92}},"62":{"start":{"line":63,"column":0},"end":{"line":63,"column":63}},"63":{"start":{"line":64,"column":0},"end":{"line":64,"column":107}},"64":{"start":{"line":65,"column":0},"end":{"line":65,"column":65}},"65":{"start":{"line":66,"column":0},"end":{"line":66,"column":61}},"66":{"start":{"line":67,"column":0},"end":{"line":67,"column":1}}},"s":{"0":1,"2":1,"3":1,"4":1,"5":1,"7":1,"8":59,"9":59,"10":59,"11":59,"12":59,"13":59,"14":1,"16":1,"17":1,"18":2,"19":2,"20":2,"21":1,"23":1,"24":1,"25":19,"26":19,"27":19,"28":1,"30":1,"31":1,"32":0,"33":0,"34":0,"35":1,"37":1,"38":1,"39":2,"40":2,"41":2,"42":1,"44":1,"45":1,"46":12,"47":12,"48":12,"49":1,"51":34,"52":34,"53":34,"54":34,"55":0,"56":0,"57":34,"58":34,"59":34,"61":1,"62":39,"63":39,"64":5,"65":0,"66":0},"branchMap":{"0":{"type":"branch","line":8,"loc":{"start":{"line":8,"column":2},"end":{"line":14,"column":3}},"locations":[{"start":{"line":8,"column":2},"end":{"line":14,"column":3}}]},"1":{"type":"branch","line":11,"loc":{"start":{"line":11,"column":16},"end":{"line":11,"column":30}},"locations":[{"start":{"line":11,"column":16},"end":{"line":11,"column":30}}]},"2":{"type":"branch","line":12,"loc":{"start":{"line":12,"column":18},"end":{"line":12,"column":34}},"locations":[{"start":{"line":12,"column":18},"end":{"line":12,"column":34}}]},"3":{"type":"branch","line":13,"loc":{"start":{"line":13,"column":19},"end":{"line":13,"column":36}},"locations":[{"start":{"line":13,"column":19},"end":{"line":13,"column":36}}]},"4":{"type":"branch","line":18,"loc":{"start":{"line":18,"column":2},"end":{"line":21,"column":3}},"locations":[{"start":{"line":18,"column":2},"end":{"line":21,"column":3}}]},"5":{"type":"branch","line":19,"loc":{"start":{"line":19,"column":69},"end":{"line":19,"column":86}},"locations":[{"start":{"line":19,"column":69},"end":{"line":19,"column":86}}]},"6":{"type":"branch","line":25,"loc":{"start":{"line":25,"column":2},"end":{"line":28,"column":3}},"locations":[{"start":{"line":25,"column":2},"end":{"line":28,"column":3}}]},"7":{"type":"branch","line":26,"loc":{"start":{"line":26,"column":27},"end":{"line":26,"column":44}},"locations":[{"start":{"line":26,"column":27},"end":{"line":26,"column":44}}]},"8":{"type":"branch","line":26,"loc":{"start":{"line":26,"column":36},"end":{"line":26,"column":62}},"locations":[{"start":{"line":26,"column":36},"end":{"line":26,"column":62}}]},"9":{"type":"branch","line":26,"loc":{"start":{"line":26,"column":84},"end":{"line":26,"column":101}},"locations":[{"start":{"line":26,"column":84},"end":{"line":26,"column":101}}]},"10":{"type":"branch","line":39,"loc":{"start":{"line":39,"column":2},"end":{"line":42,"column":3}},"locations":[{"start":{"line":39,"column":2},"end":{"line":42,"column":3}}]},"11":{"type":"branch","line":40,"loc":{"start":{"line":40,"column":36},"end":{"line":40,"column":56}},"locations":[{"start":{"line":40,"column":36},"end":{"line":40,"column":56}}]},"12":{"type":"branch","line":46,"loc":{"start":{"line":46,"column":2},"end":{"line":49,"column":3}},"locations":[{"start":{"line":46,"column":2},"end":{"line":49,"column":3}}]},"13":{"type":"branch","line":47,"loc":{"start":{"line":47,"column":27},"end":{"line":47,"column":44}},"locations":[{"start":{"line":47,"column":27},"end":{"line":47,"column":44}}]},"14":{"type":"branch","line":47,"loc":{"start":{"line":47,"column":36},"end":{"line":47,"column":61}},"locations":[{"start":{"line":47,"column":36},"end":{"line":47,"column":61}}]},"15":{"type":"branch","line":47,"loc":{"start":{"line":47,"column":83},"end":{"line":47,"column":100}},"locations":[{"start":{"line":47,"column":83},"end":{"line":47,"column":100}}]},"16":{"type":"branch","line":52,"loc":{"start":{"line":52,"column":0},"end":{"line":60,"column":1}},"locations":[{"start":{"line":52,"column":0},"end":{"line":60,"column":1}}]},"17":{"type":"branch","line":53,"loc":{"start":{"line":53,"column":28},"end":{"line":53,"column":108}},"locations":[{"start":{"line":53,"column":28},"end":{"line":53,"column":108}}]},"18":{"type":"branch","line":54,"loc":{"start":{"line":54,"column":28},"end":{"line":54,"column":108}},"locations":[{"start":{"line":54,"column":28},"end":{"line":54,"column":108}}]},"19":{"type":"branch","line":55,"loc":{"start":{"line":55,"column":55},"end":{"line":57,"column":3}},"locations":[{"start":{"line":55,"column":55},"end":{"line":57,"column":3}}]},"20":{"type":"branch","line":58,"loc":{"start":{"line":58,"column":31},"end":{"line":58,"column":111}},"locations":[{"start":{"line":58,"column":31},"end":{"line":58,"column":111}}]},"21":{"type":"branch","line":62,"loc":{"start":{"line":62,"column":7},"end":{"line":67,"column":1}},"locations":[{"start":{"line":62,"column":7},"end":{"line":67,"column":1}}]},"22":{"type":"branch","line":63,"loc":{"start":{"line":63,"column":35},"end":{"line":64,"column":31}},"locations":[{"start":{"line":63,"column":35},"end":{"line":64,"column":31}}]},"23":{"type":"branch","line":63,"loc":{"start":{"line":63,"column":35},"end":{"line":63,"column":63}},"locations":[{"start":{"line":63,"column":35},"end":{"line":63,"column":63}}]},"24":{"type":"branch","line":63,"loc":{"start":{"line":63,"column":58},"end":{"line":64,"column":31}},"locations":[{"start":{"line":63,"column":58},"end":{"line":64,"column":31}}]},"25":{"type":"branch","line":64,"loc":{"start":{"line":64,"column":31},"end":{"line":67,"column":1}},"locations":[{"start":{"line":64,"column":31},"end":{"line":67,"column":1}}]},"26":{"type":"branch","line":64,"loc":{"start":{"line":64,"column":31},"end":{"line":64,"column":107}},"locations":[{"start":{"line":64,"column":31},"end":{"line":64,"column":107}}]},"27":{"type":"branch","line":64,"loc":{"start":{"line":64,"column":104},"end":{"line":65,"column":65}},"locations":[{"start":{"line":64,"column":104},"end":{"line":65,"column":65}}]},"28":{"type":"branch","line":65,"loc":{"start":{"line":65,"column":63},"end":{"line":67,"column":1}},"locations":[{"start":{"line":65,"column":63},"end":{"line":67,"column":1}}]}},"b":{"0":[59],"1":[51],"2":[51],"3":[51],"4":[2],"5":[0],"6":[19],"7":[1],"8":[18],"9":[1],"10":[2],"11":[0],"12":[12],"13":[11],"14":[1],"15":[11],"16":[34],"17":[0],"18":[0],"19":[0],"20":[0],"21":[39],"22":[37],"23":[34],"24":[5],"25":[7],"26":[0],"27":[5],"28":[0]},"fnMap":{"0":{"name":"ServiceError","decl":{"start":{"line":8,"column":2},"end":{"line":14,"column":3}},"loc":{"start":{"line":8,"column":2},"end":{"line":14,"column":3}},"line":8},"1":{"name":"ValidationError","decl":{"start":{"line":18,"column":2},"end":{"line":21,"column":3}},"loc":{"start":{"line":18,"column":2},"end":{"line":21,"column":3}},"line":18},"2":{"name":"AuthorizationError","decl":{"start":{"line":25,"column":2},"end":{"line":28,"column":3}},"loc":{"start":{"line":25,"column":2},"end":{"line":28,"column":3}},"line":25},"3":{"name":"NotFoundError","decl":{"start":{"line":32,"column":2},"end":{"line":35,"column":3}},"loc":{"start":{"line":32,"column":2},"end":{"line":35,"column":3}},"line":32},"4":{"name":"ConflictError","decl":{"start":{"line":39,"column":2},"end":{"line":42,"column":3}},"loc":{"start":{"line":39,"column":2},"end":{"line":42,"column":3}},"line":39},"5":{"name":"BusinessRuleError","decl":{"start":{"line":46,"column":2},"end":{"line":49,"column":3}},"loc":{"start":{"line":46,"column":2},"end":{"line":49,"column":3}},"line":46},"6":{"name":"mapServiceError","decl":{"start":{"line":52,"column":0},"end":{"line":60,"column":1}},"loc":{"start":{"line":52,"column":0},"end":{"line":60,"column":1}},"line":52},"7":{"name":"toServiceError","decl":{"start":{"line":62,"column":7},"end":{"line":67,"column":1}},"loc":{"start":{"line":62,"column":7},"end":{"line":67,"column":1}},"line":62}},"f":{"0":59,"1":2,"2":19,"3":0,"4":2,"5":12,"6":34,"7":39}}
,"C:\\Users\\Boo\\Desktop\\Shefaa\\shefaa\\src\\services\\supabase\\permissions.ts": {"path":"C:\\Users\\Boo\\Desktop\\Shefaa\\shefaa\\src\\services\\supabase\\permissions.ts","all":false,"statementMap":{"0":{"start":{"line":1,"column":0},"end":{"line":1,"column":56}},"4":{"start":{"line":5,"column":0},"end":{"line":5,"column":82}},"5":{"start":{"line":6,"column":0},"end":{"line":6,"column":47}},"6":{"start":{"line":7,"column":0},"end":{"line":7,"column":78}},"7":{"start":{"line":8,"column":0},"end":{"line":8,"column":17}},"8":{"start":{"line":9,"column":0},"end":{"line":9,"column":62}},"9":{"start":{"line":10,"column":0},"end":{"line":10,"column":3}},"10":{"start":{"line":11,"column":0},"end":{"line":11,"column":1}}},"s":{"0":1,"4":1,"5":72,"6":72,"7":72,"8":13,"9":13,"10":72},"branchMap":{"0":{"type":"branch","line":5,"loc":{"start":{"line":5,"column":7},"end":{"line":11,"column":1}},"locations":[{"start":{"line":5,"column":7},"end":{"line":11,"column":1}}]},"1":{"type":"branch","line":8,"loc":{"start":{"line":8,"column":16},"end":{"line":10,"column":3}},"locations":[{"start":{"line":8,"column":16},"end":{"line":10,"column":3}}]},"2":{"type":"branch","line":9,"loc":{"start":{"line":9,"column":33},"end":{"line":9,"column":62}},"locations":[{"start":{"line":9,"column":33},"end":{"line":9,"column":62}}]},"3":{"type":"branch","line":7,"loc":{"start":{"line":7,"column":35},"end":{"line":7,"column":78}},"locations":[{"start":{"line":7,"column":35},"end":{"line":7,"column":78}}]}},"b":{"0":[72],"1":[13],"2":[12],"3":[82]},"fnMap":{"0":{"name":"assertAnyPermission","decl":{"start":{"line":5,"column":7},"end":{"line":11,"column":1}},"loc":{"start":{"line":5,"column":7},"end":{"line":11,"column":1}},"line":5}},"f":{"0":72}}
,"C:\\Users\\Boo\\Desktop\\Shefaa\\shefaa\\src\\services\\supabase\\query.ts": {"path":"C:\\Users\\Boo\\Desktop\\Shefaa\\shefaa\\src\\services\\supabase\\query.ts","all":false,"statementMap":{"0":{"start":{"line":1,"column":0},"end":{"line":1,"column":40}},"2":{"start":{"line":3,"column":0},"end":{"line":3,"column":69}},"3":{"start":{"line":4,"column":0},"end":{"line":4,"column":21}},"4":{"start":{"line":5,"column":0},"end":{"line":5,"column":70}},"5":{"start":{"line":6,"column":0},"end":{"line":6,"column":30}},"6":{"start":{"line":7,"column":0},"end":{"line":7,"column":28}},"7":{"start":{"line":8,"column":0},"end":{"line":8,"column":7}},"8":{"start":{"line":9,"column":0},"end":{"line":9,"column":3}},"9":{"start":{"line":10,"column":0},"end":{"line":10,"column":26}},"10":{"start":{"line":11,"column":0},"end":{"line":11,"column":1}}},"s":{"0":1,"2":1,"3":67,"4":1,"5":1,"6":1,"7":1,"8":1,"9":66,"10":66},"branchMap":{"0":{"type":"branch","line":3,"loc":{"start":{"line":3,"column":7},"end":{"line":11,"column":1}},"locations":[{"start":{"line":3,"column":7},"end":{"line":11,"column":1}}]},"1":{"type":"branch","line":4,"loc":{"start":{"line":4,"column":20},"end":{"line":9,"column":3}},"locations":[{"start":{"line":4,"column":20},"end":{"line":9,"column":3}}]},"2":{"type":"branch","line":5,"loc":{"start":{"line":5,"column":47},"end":{"line":5,"column":69}},"locations":[{"start":{"line":5,"column":47},"end":{"line":5,"column":69}}]},"3":{"type":"branch","line":9,"loc":{"start":{"line":9,"column":2},"end":{"line":11,"column":1}},"locations":[{"start":{"line":9,"column":2},"end":{"line":11,"column":1}}]}},"b":{"0":[67],"1":[1],"2":[0],"3":[66]},"fnMap":{"0":{"name":"assertOk","decl":{"start":{"line":3,"column":7},"end":{"line":11,"column":1}},"loc":{"start":{"line":3,"column":7},"end":{"line":11,"column":1}},"line":3}},"f":{"0":67}}
,"C:\\Users\\Boo\\Desktop\\Shefaa\\shefaa\\src\\services\\supabase\\tenant.ts": {"path":"C:\\Users\\Boo\\Desktop\\Shefaa\\shefaa\\src\\services\\supabase\\tenant.ts","all":false,"statementMap":{"0":{"start":{"line":1,"column":0},"end":{"line":1,"column":48}},"3":{"start":{"line":4,"column":0},"end":{"line":4,"column":36}},"4":{"start":{"line":5,"column":0},"end":{"line":5,"column":54}},"5":{"start":{"line":6,"column":0},"end":{"line":6,"column":37}},"6":{"start":{"line":7,"column":0},"end":{"line":7,"column":53}},"7":{"start":{"line":8,"column":0},"end":{"line":8,"column":3}},"8":{"start":{"line":9,"column":0},"end":{"line":9,"column":18}},"9":{"start":{"line":10,"column":0},"end":{"line":10,"column":53}},"10":{"start":{"line":11,"column":0},"end":{"line":11,"column":25}},"11":{"start":{"line":12,"column":0},"end":{"line":12,"column":22}},"12":{"start":{"line":13,"column":0},"end":{"line":13,"column":39}},"13":{"start":{"line":14,"column":0},"end":{"line":14,"column":1}}},"s":{"0":1,"3":1,"4":3,"5":3,"6":1,"7":1,"8":2,"9":3,"10":1,"11":3,"12":3,"13":3},"branchMap":{"0":{"type":"branch","line":4,"loc":{"start":{"line":4,"column":7},"end":{"line":14,"column":1}},"locations":[{"start":{"line":4,"column":7},"end":{"line":14,"column":1}}]},"1":{"type":"branch","line":6,"loc":{"start":{"line":6,"column":7},"end":{"line":6,"column":25}},"locations":[{"start":{"line":6,"column":7},"end":{"line":6,"column":25}}]},"2":{"type":"branch","line":6,"loc":{"start":{"line":6,"column":13},"end":{"line":6,"column":36}},"locations":[{"start":{"line":6,"column":13},"end":{"line":6,"column":36}}]},"3":{"type":"branch","line":6,"loc":{"start":{"line":6,"column":36},"end":{"line":8,"column":3}},"locations":[{"start":{"line":6,"column":36},"end":{"line":8,"column":3}}]},"4":{"type":"branch","line":8,"loc":{"start":{"line":8,"column":2},"end":{"line":10,"column":35}},"locations":[{"start":{"line":8,"column":2},"end":{"line":10,"column":35}}]},"5":{"type":"branch","line":10,"loc":{"start":{"line":10,"column":18},"end":{"line":10,"column":53}},"locations":[{"start":{"line":10,"column":18},"end":{"line":10,"column":53}}]},"6":{"type":"branch","line":10,"loc":{"start":{"line":10,"column":51},"end":{"line":11,"column":25}},"locations":[{"start":{"line":10,"column":51},"end":{"line":11,"column":25}}]},"7":{"type":"branch","line":12,"loc":{"start":{"line":12,"column":-1},"end":{"line":12,"column":21}},"locations":[{"start":{"line":12,"column":-1},"end":{"line":12,"column":21}}]}},"b":{"0":[3],"1":[2],"2":[2],"3":[1],"4":[2],"5":[1],"6":[1],"7":[1]},"fnMap":{"0":{"name":"getTenantContext","decl":{"start":{"line":4,"column":7},"end":{"line":14,"column":1}},"loc":{"start":{"line":4,"column":7},"end":{"line":14,"column":1}},"line":4}},"f":{"0":3}}
,"C:\\Users\\Boo\\Desktop\\Shefaa\\shefaa\\src\\services\\telemedicine\\telemedicine.repository.ts": {"path":"C:\\Users\\Boo\\Desktop\\Shefaa\\shefaa\\src\\services\\telemedicine\\telemedicine.repository.ts","all":true,"statementMap":{"0":{"start":{"line":1,"column":0},"end":{"line":1,"column":87}},"4":{"start":{"line":5,"column":0},"end":{"line":5,"column":39}},"5":{"start":{"line":6,"column":0},"end":{"line":6,"column":46}},"6":{"start":{"line":7,"column":0},"end":{"line":7,"column":76}},"7":{"start":{"line":8,"column":0},"end":{"line":8,"column":46}},"8":{"start":{"line":9,"column":0},"end":{"line":9,"column":7}},"9":{"start":{"line":10,"column":0},"end":{"line":10,"column":16}},"10":{"start":{"line":11,"column":0},"end":{"line":11,"column":84}},"11":{"start":{"line":12,"column":0},"end":{"line":12,"column":25}},"12":{"start":{"line":13,"column":0},"end":{"line":13,"column":23}},"13":{"start":{"line":14,"column":0},"end":{"line":14,"column":9}},"14":{"start":{"line":15,"column":0},"end":{"line":15,"column":5}},"15":{"start":{"line":16,"column":0},"end":{"line":16,"column":42}},"16":{"start":{"line":17,"column":0},"end":{"line":17,"column":4}},"17":{"start":{"line":18,"column":0},"end":{"line":18,"column":2}}},"s":{"0":0,"4":0,"5":0,"6":0,"7":0,"8":0,"9":0,"10":0,"11":0,"12":0,"13":0,"14":0,"15":0,"16":0,"17":0},"branchMap":{"0":{"type":"branch","line":1,"loc":{"start":{"line":1,"column":0},"end":{"line":18,"column":-116}},"locations":[{"start":{"line":1,"column":0},"end":{"line":18,"column":-116}}]}},"b":{"0":[0]},"fnMap":{"0":{"name":"(empty-report)","decl":{"start":{"line":1,"column":0},"end":{"line":18,"column":-116}},"loc":{"start":{"line":1,"column":0},"end":{"line":18,"column":-116}},"line":1}},"f":{"0":0}}
,"C:\\Users\\Boo\\Desktop\\Shefaa\\shefaa\\src\\services\\telemedicine\\telemedicine.service.ts": {"path":"C:\\Users\\Boo\\Desktop\\Shefaa\\shefaa\\src\\services\\telemedicine\\telemedicine.service.ts","all":true,"statementMap":{"0":{"start":{"line":1,"column":0},"end":{"line":1,"column":89}},"4":{"start":{"line":5,"column":0},"end":{"line":5,"column":36}},"5":{"start":{"line":6,"column":0},"end":{"line":6,"column":46}},"6":{"start":{"line":7,"column":0},"end":{"line":7,"column":9}},"7":{"start":{"line":8,"column":0},"end":{"line":8,"column":79}},"8":{"start":{"line":9,"column":0},"end":{"line":9,"column":56}},"9":{"start":{"line":10,"column":0},"end":{"line":10,"column":19}},"10":{"start":{"line":11,"column":0},"end":{"line":11,"column":69}},"11":{"start":{"line":12,"column":0},"end":{"line":12,"column":5}},"12":{"start":{"line":13,"column":0},"end":{"line":13,"column":4}},"13":{"start":{"line":14,"column":0},"end":{"line":14,"column":2}}},"s":{"0":0,"4":0,"5":0,"6":0,"7":0,"8":0,"9":0,"10":0,"11":0,"12":0,"13":0},"branchMap":{"0":{"type":"branch","line":1,"loc":{"start":{"line":1,"column":0},"end":{"line":14,"column":-226}},"locations":[{"start":{"line":1,"column":0},"end":{"line":14,"column":-226}}]}},"b":{"0":[0]},"fnMap":{"0":{"name":"(empty-report)","decl":{"start":{"line":1,"column":0},"end":{"line":14,"column":-226}},"loc":{"start":{"line":1,"column":0},"end":{"line":14,"column":-226}},"line":1}},"f":{"0":0}}
}
