{"C:\\Users\\Boo\\Desktop\\Shefaa\\shefaa\\src\\services\\index.ts": {"path":"C:\\Users\\Boo\\Desktop\\Shefaa\\shefaa\\src\\services\\index.ts","all":false,"statementMap":{"0":{"start":{"line":1,"column":0},"end":{"line":1,"column":72}}},"s":{"0":1},"branchMap":{},"b":{},"fnMap":{},"f":{}}
,"C:\\Users\\Boo\\Desktop\\Shefaa\\shefaa\\src\\services\\queryKeys.ts": {"path":"C:\\Users\\Boo\\Desktop\\Shefaa\\shefaa\\src\\services\\queryKeys.ts","all":false,"statementMap":{"2":{"start":{"line":3,"column":0},"end":{"line":3,"column":85}},"3":{"start":{"line":4,"column":0},"end":{"line":4,"column":58}},"4":{"start":{"line":5,"column":0},"end":{"line":5,"column":64}},"6":{"start":{"line":7,"column":0},"end":{"line":7,"column":26}},"7":{"start":{"line":8,"column":0},"end":{"line":8,"column":9}},"8":{"start":{"line":9,"column":0},"end":{"line":9,"column":48}},"9":{"start":{"line":10,"column":0},"end":{"line":10,"column":57}},"10":{"start":{"line":11,"column":0},"end":{"line":11,"column":4}},"11":{"start":{"line":12,"column":0},"end":{"line":12,"column":13}},"12":{"start":{"line":13,"column":0},"end":{"line":13,"column":65}},"13":{"start":{"line":14,"column":0},"end":{"line":14,"column":129}},"14":{"start":{"line":15,"column":0},"end":{"line":15,"column":32}},"15":{"start":{"line":16,"column":0},"end":{"line":16,"column":107}},"16":{"start":{"line":17,"column":0},"end":{"line":17,"column":127}},"17":{"start":{"line":18,"column":0},"end":{"line":18,"column":61}},"18":{"start":{"line":19,"column":0},"end":{"line":19,"column":81}},"19":{"start":{"line":20,"column":0},"end":{"line":20,"column":4}},"20":{"start":{"line":21,"column":0},"end":{"line":21,"column":12}},"21":{"start":{"line":22,"column":0},"end":{"line":22,"column":64}},"22":{"start":{"line":23,"column":0},"end":{"line":23,"column":94}},"23":{"start":{"line":24,"column":0},"end":{"line":24,"column":31}},"24":{"start":{"line":25,"column":0},"end":{"line":25,"column":106}},"25":{"start":{"line":26,"column":0},"end":{"line":26,"column":124}},"26":{"start":{"line":27,"column":0},"end":{"line":27,"column":4}},"27":{"start":{"line":28,"column":0},"end":{"line":28,"column":17}},"28":{"start":{"line":29,"column":0},"end":{"line":29,"column":69}},"29":{"start":{"line":30,"column":0},"end":{"line":30,"column":129}},"30":{"start":{"line":31,"column":0},"end":{"line":31,"column":36}},"31":{"start":{"line":32,"column":0},"end":{"line":32,"column":77}},"32":{"start":{"line":33,"column":0},"end":{"line":33,"column":80}},"33":{"start":{"line":34,"column":0},"end":{"line":34,"column":107}},"34":{"start":{"line":35,"column":0},"end":{"line":35,"column":4}},"35":{"start":{"line":36,"column":0},"end":{"line":36,"column":12}},"36":{"start":{"line":37,"column":0},"end":{"line":37,"column":64}},"37":{"start":{"line":38,"column":0},"end":{"line":38,"column":129}},"38":{"start":{"line":39,"column":0},"end":{"line":39,"column":31}},"39":{"start":{"line":40,"column":0},"end":{"line":40,"column":74}},"40":{"start":{"line":41,"column":0},"end":{"line":41,"column":72}},"41":{"start":{"line":42,"column":0},"end":{"line":42,"column":92}},"42":{"start":{"line":43,"column":0},"end":{"line":43,"column":127}},"43":{"start":{"line":44,"column":0},"end":{"line":44,"column":4}},"44":{"start":{"line":45,"column":0},"end":{"line":45,"column":14}},"45":{"start":{"line":46,"column":0},"end":{"line":46,"column":66}},"46":{"start":{"line":47,"column":0},"end":{"line":47,"column":129}},"47":{"start":{"line":48,"column":0},"end":{"line":48,"column":33}},"48":{"start":{"line":49,"column":0},"end":{"line":49,"column":94}},"49":{"start":{"line":50,"column":0},"end":{"line":50,"column":4}},"50":{"start":{"line":51,"column":0},"end":{"line":51,"column":15}},"51":{"start":{"line":52,"column":0},"end":{"line":52,"column":67}},"52":{"start":{"line":53,"column":0},"end":{"line":53,"column":129}},"53":{"start":{"line":54,"column":0},"end":{"line":54,"column":34}},"54":{"start":{"line":55,"column":0},"end":{"line":55,"column":95}},"55":{"start":{"line":56,"column":0},"end":{"line":56,"column":4}},"56":{"start":{"line":57,"column":0},"end":{"line":57,"column":13}},"57":{"start":{"line":58,"column":0},"end":{"line":58,"column":65}},"58":{"start":{"line":59,"column":0},"end":{"line":59,"column":129}},"59":{"start":{"line":60,"column":0},"end":{"line":60,"column":32}},"60":{"start":{"line":61,"column":0},"end":{"line":61,"column":93}},"61":{"start":{"line":62,"column":0},"end":{"line":62,"column":4}},"62":{"start":{"line":63,"column":0},"end":{"line":63,"column":18}},"63":{"start":{"line":64,"column":0},"end":{"line":64,"column":70}},"64":{"start":{"line":65,"column":0},"end":{"line":65,"column":129}},"65":{"start":{"line":66,"column":0},"end":{"line":66,"column":37}},"66":{"start":{"line":67,"column":0},"end":{"line":67,"column":4}},"67":{"start":{"line":68,"column":0},"end":{"line":68,"column":18}},"68":{"start":{"line":69,"column":0},"end":{"line":69,"column":73}},"69":{"start":{"line":70,"column":0},"end":{"line":70,"column":4}},"70":{"start":{"line":71,"column":0},"end":{"line":71,"column":13}},"71":{"start":{"line":72,"column":0},"end":{"line":72,"column":72}},"72":{"start":{"line":73,"column":0},"end":{"line":73,"column":4}},"73":{"start":{"line":74,"column":0},"end":{"line":74,"column":10}},"74":{"start":{"line":75,"column":0},"end":{"line":75,"column":93}},"75":{"start":{"line":76,"column":0},"end":{"line":76,"column":42}},"76":{"start":{"line":77,"column":0},"end":{"line":77,"column":79}},"77":{"start":{"line":78,"column":0},"end":{"line":78,"column":43}},"78":{"start":{"line":79,"column":0},"end":{"line":79,"column":116}},"79":{"start":{"line":80,"column":0},"end":{"line":80,"column":48}},"80":{"start":{"line":81,"column":0},"end":{"line":81,"column":69}},"81":{"start":{"line":82,"column":0},"end":{"line":82,"column":4}},"82":{"start":{"line":83,"column":0},"end":{"line":83,"column":12}},"83":{"start":{"line":84,"column":0},"end":{"line":84,"column":64}},"84":{"start":{"line":85,"column":0},"end":{"line":85,"column":90}},"85":{"start":{"line":86,"column":0},"end":{"line":86,"column":94}},"86":{"start":{"line":87,"column":0},"end":{"line":87,"column":106}},"87":{"start":{"line":88,"column":0},"end":{"line":88,"column":104}},"88":{"start":{"line":89,"column":0},"end":{"line":89,"column":110}},"89":{"start":{"line":90,"column":0},"end":{"line":90,"column":116}},"90":{"start":{"line":91,"column":0},"end":{"line":91,"column":110}},"91":{"start":{"line":92,"column":0},"end":{"line":92,"column":112}},"92":{"start":{"line":93,"column":0},"end":{"line":93,"column":4}},"93":{"start":{"line":94,"column":0},"end":{"line":94,"column":17}},"94":{"start":{"line":95,"column":0},"end":{"line":95,"column":91}},"95":{"start":{"line":96,"column":0},"end":{"line":96,"column":4}},"96":{"start":{"line":97,"column":0},"end":{"line":97,"column":17}},"97":{"start":{"line":98,"column":0},"end":{"line":98,"column":113}},"98":{"start":{"line":99,"column":0},"end":{"line":99,"column":4}},"99":{"start":{"line":100,"column":0},"end":{"line":100,"column":13}},"100":{"start":{"line":101,"column":0},"end":{"line":101,"column":91}},"101":{"start":{"line":102,"column":0},"end":{"line":102,"column":98}},"102":{"start":{"line":103,"column":0},"end":{"line":103,"column":76}},"103":{"start":{"line":104,"column":0},"end":{"line":104,"column":129}},"104":{"start":{"line":105,"column":0},"end":{"line":105,"column":78}},"105":{"start":{"line":106,"column":0},"end":{"line":106,"column":73}},"106":{"start":{"line":107,"column":0},"end":{"line":107,"column":4}},"107":{"start":{"line":108,"column":0},"end":{"line":108,"column":11}}},"s":{"2":1,"3":1,"4":0,"6":1,"7":1,"8":1,"9":1,"10":1,"11":1,"12":1,"13":1,"14":0,"15":1,"16":1,"17":1,"18":1,"19":1,"20":1,"21":1,"22":1,"23":0,"24":1,"25":1,"26":1,"27":1,"28":1,"29":1,"30":0,"31":1,"32":0,"33":1,"34":1,"35":1,"36":1,"37":1,"38":0,"39":1,"40":0,"41":1,"42":1,"43":1,"44":1,"45":1,"46":1,"47":0,"48":1,"49":1,"50":1,"51":1,"52":1,"53":0,"54":1,"55":1,"56":1,"57":1,"58":1,"59":0,"60":1,"61":1,"62":1,"63":1,"64":1,"65":0,"66":1,"67":1,"68":1,"69":1,"70":1,"71":1,"72":1,"73":1,"74":1,"75":0,"76":1,"77":0,"78":1,"79":0,"80":1,"81":1,"82":1,"83":1,"84":1,"85":1,"86":1,"87":1,"88":1,"89":1,"90":1,"91":1,"92":1,"93":1,"94":1,"95":1,"96":1,"97":1,"98":1,"99":1,"100":1,"101":1,"102":0,"103":1,"104":1,"105":1,"106":1,"107":1},"branchMap":{"0":{"type":"branch","line":3,"loc":{"start":{"line":3,"column":18},"end":{"line":3,"column":85}},"locations":[{"start":{"line":3,"column":18},"end":{"line":3,"column":85}}]},"1":{"type":"branch","line":13,"loc":{"start":{"line":13,"column":10},"end":{"line":13,"column":65}},"locations":[{"start":{"line":13,"column":10},"end":{"line":13,"column":65}}]}},"b":{"0":[1],"1":[1]},"fnMap":{"0":{"name":"tenantKey","decl":{"start":{"line":3,"column":18},"end":{"line":3,"column":85}},"loc":{"start":{"line":3,"column":18},"end":{"line":3,"column":85}},"line":3},"1":{"name":"listKey","decl":{"start":{"line":4,"column":16},"end":{"line":5,"column":64}},"loc":{"start":{"line":4,"column":16},"end":{"line":5,"column":64}},"line":4},"2":{"name":"session","decl":{"start":{"line":9,"column":13},"end":{"line":9,"column":48}},"loc":{"start":{"line":9,"column":13},"end":{"line":9,"column":48}},"line":9},"3":{"name":"root","decl":{"start":{"line":13,"column":10},"end":{"line":13,"column":65}},"loc":{"start":{"line":13,"column":10},"end":{"line":13,"column":65}},"line":13},"4":{"name":"list","decl":{"start":{"line":14,"column":10},"end":{"line":15,"column":32}},"loc":{"start":{"line":14,"column":10},"end":{"line":15,"column":32}},"line":14},"5":{"name":"detail","decl":{"start":{"line":16,"column":12},"end":{"line":16,"column":107}},"loc":{"start":{"line":16,"column":12},"end":{"line":16,"column":107}},"line":16},"6":{"name":"documents","decl":{"start":{"line":17,"column":15},"end":{"line":17,"column":127}},"loc":{"start":{"line":17,"column":15},"end":{"line":17,"column":127}},"line":17},"7":{"name":"root","decl":{"start":{"line":22,"column":10},"end":{"line":22,"column":64}},"loc":{"start":{"line":22,"column":10},"end":{"line":22,"column":64}},"line":22},"8":{"name":"list","decl":{"start":{"line":23,"column":10},"end":{"line":24,"column":31}},"loc":{"start":{"line":23,"column":10},"end":{"line":24,"column":31}},"line":23},"9":{"name":"detail","decl":{"start":{"line":25,"column":12},"end":{"line":25,"column":106}},"loc":{"start":{"line":25,"column":12},"end":{"line":25,"column":106}},"line":25},"10":{"name":"root","decl":{"start":{"line":29,"column":10},"end":{"line":29,"column":69}},"loc":{"start":{"line":29,"column":10},"end":{"line":29,"column":69}},"line":29},"11":{"name":"list","decl":{"start":{"line":30,"column":10},"end":{"line":31,"column":36}},"loc":{"start":{"line":30,"column":10},"end":{"line":31,"column":36}},"line":30},"12":{"name":"calendar","decl":{"start":{"line":32,"column":14},"end":{"line":33,"column":80}},"loc":{"start":{"line":32,"column":14},"end":{"line":33,"column":80}},"line":32},"13":{"name":"root","decl":{"start":{"line":37,"column":10},"end":{"line":37,"column":64}},"loc":{"start":{"line":37,"column":10},"end":{"line":37,"column":64}},"line":37},"14":{"name":"list","decl":{"start":{"line":38,"column":10},"end":{"line":39,"column":31}},"loc":{"start":{"line":38,"column":10},"end":{"line":39,"column":31}},"line":38},"15":{"name":"range","decl":{"start":{"line":40,"column":11},"end":{"line":41,"column":72}},"loc":{"start":{"line":40,"column":11},"end":{"line":41,"column":72}},"line":40},"16":{"name":"summary","decl":{"start":{"line":42,"column":13},"end":{"line":42,"column":92}},"loc":{"start":{"line":42,"column":13},"end":{"line":42,"column":92}},"line":42},"17":{"name":"root","decl":{"start":{"line":46,"column":10},"end":{"line":46,"column":66}},"loc":{"start":{"line":46,"column":10},"end":{"line":46,"column":66}},"line":46},"18":{"name":"list","decl":{"start":{"line":47,"column":10},"end":{"line":48,"column":33}},"loc":{"start":{"line":47,"column":10},"end":{"line":48,"column":33}},"line":47},"19":{"name":"root","decl":{"start":{"line":52,"column":10},"end":{"line":52,"column":67}},"loc":{"start":{"line":52,"column":10},"end":{"line":52,"column":67}},"line":52},"20":{"name":"list","decl":{"start":{"line":53,"column":10},"end":{"line":54,"column":34}},"loc":{"start":{"line":53,"column":10},"end":{"line":54,"column":34}},"line":53},"21":{"name":"root","decl":{"start":{"line":58,"column":10},"end":{"line":58,"column":65}},"loc":{"start":{"line":58,"column":10},"end":{"line":58,"column":65}},"line":58},"22":{"name":"list","decl":{"start":{"line":59,"column":10},"end":{"line":60,"column":32}},"loc":{"start":{"line":59,"column":10},"end":{"line":60,"column":32}},"line":59},"23":{"name":"root","decl":{"start":{"line":64,"column":10},"end":{"line":64,"column":70}},"loc":{"start":{"line":64,"column":10},"end":{"line":64,"column":70}},"line":64},"24":{"name":"list","decl":{"start":{"line":65,"column":10},"end":{"line":66,"column":37}},"loc":{"start":{"line":65,"column":10},"end":{"line":66,"column":37}},"line":65},"25":{"name":"tenants","decl":{"start":{"line":75,"column":13},"end":{"line":76,"column":42}},"loc":{"start":{"line":75,"column":13},"end":{"line":76,"column":42}},"line":75},"26":{"name":"profiles","decl":{"start":{"line":77,"column":14},"end":{"line":78,"column":43}},"loc":{"start":{"line":77,"column":14},"end":{"line":78,"column":43}},"line":77},"27":{"name":"subscriptions","decl":{"start":{"line":79,"column":19},"end":{"line":80,"column":48}},"loc":{"start":{"line":79,"column":19},"end":{"line":80,"column":48}},"line":79},"28":{"name":"root","decl":{"start":{"line":84,"column":10},"end":{"line":84,"column":64}},"loc":{"start":{"line":84,"column":10},"end":{"line":84,"column":64}},"line":84},"29":{"name":"access","decl":{"start":{"line":85,"column":12},"end":{"line":85,"column":90}},"loc":{"start":{"line":85,"column":12},"end":{"line":85,"column":90}},"line":85},"30":{"name":"overview","decl":{"start":{"line":86,"column":14},"end":{"line":86,"column":94}},"loc":{"start":{"line":86,"column":14},"end":{"line":86,"column":94}},"line":86},"31":{"name":"revenueByMonth","decl":{"start":{"line":87,"column":20},"end":{"line":87,"column":106}},"loc":{"start":{"line":87,"column":20},"end":{"line":87,"column":106}},"line":87},"32":{"name":"patientGrowth","decl":{"start":{"line":88,"column":19},"end":{"line":88,"column":104}},"loc":{"start":{"line":88,"column":19},"end":{"line":88,"column":104}},"line":88},"33":{"name":"appointmentTypes","decl":{"start":{"line":89,"column":22},"end":{"line":89,"column":110}},"loc":{"start":{"line":89,"column":22},"end":{"line":89,"column":110}},"line":89},"34":{"name":"appointmentStatuses","decl":{"start":{"line":90,"column":25},"end":{"line":90,"column":116}},"loc":{"start":{"line":90,"column":25},"end":{"line":90,"column":116}},"line":90},"35":{"name":"revenueByService","decl":{"start":{"line":91,"column":22},"end":{"line":91,"column":110}},"loc":{"start":{"line":91,"column":22},"end":{"line":91,"column":110}},"line":91},"36":{"name":"tenant","decl":{"start":{"line":101,"column":12},"end":{"line":101,"column":91}},"loc":{"start":{"line":101,"column":12},"end":{"line":101,"column":91}},"line":101},"37":{"name":"profiles","decl":{"start":{"line":102,"column":14},"end":{"line":103,"column":76}},"loc":{"start":{"line":102,"column":14},"end":{"line":103,"column":76}},"line":102},"38":{"name":"notifications","decl":{"start":{"line":104,"column":19},"end":{"line":104,"column":129}},"loc":{"start":{"line":104,"column":19},"end":{"line":104,"column":129}},"line":104}},"f":{"0":1,"1":0,"2":0,"3":1,"4":0,"5":0,"6":0,"7":0,"8":0,"9":0,"10":0,"11":0,"12":0,"13":0,"14":0,"15":0,"16":0,"17":0,"18":0,"19":0,"20":0,"21":0,"22":0,"23":0,"24":0,"25":0,"26":0,"27":0,"28":0,"29":0,"30":0,"31":0,"32":0,"33":0,"34":0,"35":0,"36":0,"37":0,"38":0}}
,"C:\\Users\\Boo\\Desktop\\Shefaa\\shefaa\\src\\services\\admin\\admin.repository.ts": {"path":"C:\\Users\\Boo\\Desktop\\Shefaa\\shefaa\\src\\services\\admin\\admin.repository.ts","all":false,"statementMap":{"0":{"start":{"line":1,"column":0},"end":{"line":1,"column":105}},"5":{"start":{"line":6,"column":0},"end":{"line":6,"column":95}},"6":{"start":{"line":7,"column":0},"end":{"line":7,"column":28}},"7":{"start":{"line":8,"column":0},"end":{"line":8,"column":110}},"8":{"start":{"line":9,"column":0},"end":{"line":9,"column":117}},"33":{"start":{"line":34,"column":0},"end":{"line":34,"column":49}},"34":{"start":{"line":35,"column":0},"end":{"line":35,"column":59}},"35":{"start":{"line":36,"column":0},"end":{"line":36,"column":47}},"37":{"start":{"line":38,"column":0},"end":{"line":38,"column":15}},"38":{"start":{"line":39,"column":0},"end":{"line":39,"column":30}},"39":{"start":{"line":40,"column":0},"end":{"line":40,"column":30}},"40":{"start":{"line":41,"column":0},"end":{"line":41,"column":102}},"41":{"start":{"line":42,"column":0},"end":{"line":42,"column":25}},"42":{"start":{"line":43,"column":0},"end":{"line":43,"column":50}},"43":{"start":{"line":44,"column":0},"end":{"line":44,"column":27}},"45":{"start":{"line":46,"column":0},"end":{"line":46,"column":47}},"46":{"start":{"line":47,"column":0},"end":{"line":47,"column":39}},"47":{"start":{"line":48,"column":0},"end":{"line":48,"column":109}},"48":{"start":{"line":49,"column":0},"end":{"line":49,"column":7}},"50":{"start":{"line":51,"column":0},"end":{"line":51,"column":53}},"51":{"start":{"line":52,"column":0},"end":{"line":52,"column":18}},"52":{"start":{"line":53,"column":0},"end":{"line":53,"column":75}},"53":{"start":{"line":54,"column":0},"end":{"line":54,"column":27}},"54":{"start":{"line":55,"column":0},"end":{"line":55,"column":25}},"55":{"start":{"line":56,"column":0},"end":{"line":56,"column":11}},"56":{"start":{"line":57,"column":0},"end":{"line":57,"column":7}},"58":{"start":{"line":59,"column":0},"end":{"line":59,"column":33}},"59":{"start":{"line":60,"column":0},"end":{"line":60,"column":28}},"60":{"start":{"line":61,"column":0},"end":{"line":61,"column":41}},"61":{"start":{"line":62,"column":0},"end":{"line":62,"column":18}},"62":{"start":{"line":63,"column":0},"end":{"line":63,"column":27}},"63":{"start":{"line":64,"column":0},"end":{"line":64,"column":35}},"64":{"start":{"line":65,"column":0},"end":{"line":65,"column":39}},"65":{"start":{"line":66,"column":0},"end":{"line":66,"column":12}},"66":{"start":{"line":67,"column":0},"end":{"line":67,"column":10}},"67":{"start":{"line":68,"column":0},"end":{"line":68,"column":42}},"69":{"start":{"line":70,"column":0},"end":{"line":70,"column":49}},"70":{"start":{"line":71,"column":0},"end":{"line":71,"column":5}},"72":{"start":{"line":73,"column":0},"end":{"line":73,"column":24}},"73":{"start":{"line":74,"column":0},"end":{"line":74,"column":22}},"74":{"start":{"line":75,"column":0},"end":{"line":75,"column":49}},"75":{"start":{"line":76,"column":0},"end":{"line":76,"column":48}},"76":{"start":{"line":77,"column":0},"end":{"line":77,"column":25}},"78":{"start":{"line":79,"column":0},"end":{"line":79,"column":45}},"79":{"start":{"line":80,"column":0},"end":{"line":80,"column":37}},"80":{"start":{"line":81,"column":0},"end":{"line":81,"column":75}},"81":{"start":{"line":82,"column":0},"end":{"line":82,"column":5}},"83":{"start":{"line":84,"column":0},"end":{"line":84,"column":47}},"85":{"start":{"line":86,"column":0},"end":{"line":86,"column":16}},"86":{"start":{"line":87,"column":0},"end":{"line":87,"column":73}},"87":{"start":{"line":88,"column":0},"end":{"line":88,"column":25}},"88":{"start":{"line":89,"column":0},"end":{"line":89,"column":23}},"89":{"start":{"line":90,"column":0},"end":{"line":90,"column":9}},"90":{"start":{"line":91,"column":0},"end":{"line":91,"column":5}},"92":{"start":{"line":93,"column":0},"end":{"line":93,"column":51}},"93":{"start":{"line":94,"column":0},"end":{"line":94,"column":103}},"94":{"start":{"line":95,"column":0},"end":{"line":95,"column":14}},"95":{"start":{"line":96,"column":0},"end":{"line":96,"column":15}},"96":{"start":{"line":97,"column":0},"end":{"line":97,"column":41}},"97":{"start":{"line":98,"column":0},"end":{"line":98,"column":45}},"98":{"start":{"line":99,"column":0},"end":{"line":99,"column":23}},"99":{"start":{"line":100,"column":0},"end":{"line":100,"column":7}},"101":{"start":{"line":102,"column":0},"end":{"line":102,"column":47}},"102":{"start":{"line":103,"column":0},"end":{"line":103,"column":4}},"103":{"start":{"line":104,"column":0},"end":{"line":104,"column":63}},"104":{"start":{"line":105,"column":0},"end":{"line":105,"column":47}},"105":{"start":{"line":106,"column":0},"end":{"line":106,"column":32}},"106":{"start":{"line":107,"column":0},"end":{"line":107,"column":23}},"107":{"start":{"line":108,"column":0},"end":{"line":108,"column":50}},"108":{"start":{"line":109,"column":0},"end":{"line":109,"column":48}},"109":{"start":{"line":110,"column":0},"end":{"line":110,"column":25}},"111":{"start":{"line":112,"column":0},"end":{"line":112,"column":45}},"112":{"start":{"line":113,"column":0},"end":{"line":113,"column":37}},"113":{"start":{"line":114,"column":0},"end":{"line":114,"column":58}},"114":{"start":{"line":115,"column":0},"end":{"line":115,"column":5}},"116":{"start":{"line":117,"column":0},"end":{"line":117,"column":80}},"118":{"start":{"line":119,"column":0},"end":{"line":119,"column":24}},"119":{"start":{"line":120,"column":0},"end":{"line":120,"column":82}},"120":{"start":{"line":121,"column":0},"end":{"line":121,"column":33}},"121":{"start":{"line":122,"column":0},"end":{"line":122,"column":31}},"122":{"start":{"line":123,"column":0},"end":{"line":123,"column":9}},"123":{"start":{"line":124,"column":0},"end":{"line":124,"column":5}},"125":{"start":{"line":126,"column":0},"end":{"line":126,"column":28}},"126":{"start":{"line":127,"column":0},"end":{"line":127,"column":45}},"127":{"start":{"line":128,"column":0},"end":{"line":128,"column":5}},"129":{"start":{"line":130,"column":0},"end":{"line":130,"column":63}},"130":{"start":{"line":131,"column":0},"end":{"line":131,"column":61}},"131":{"start":{"line":132,"column":0},"end":{"line":132,"column":25}},"132":{"start":{"line":133,"column":0},"end":{"line":133,"column":30}},"133":{"start":{"line":134,"column":0},"end":{"line":134,"column":30}},"135":{"start":{"line":136,"column":0},"end":{"line":136,"column":21}},"136":{"start":{"line":137,"column":0},"end":{"line":137,"column":81}},"137":{"start":{"line":138,"column":0},"end":{"line":138,"column":30}},"138":{"start":{"line":139,"column":0},"end":{"line":139,"column":28}},"139":{"start":{"line":140,"column":0},"end":{"line":140,"column":9}},"140":{"start":{"line":141,"column":0},"end":{"line":141,"column":5}},"142":{"start":{"line":143,"column":0},"end":{"line":143,"column":76}},"144":{"start":{"line":145,"column":0},"end":{"line":145,"column":37}},"145":{"start":{"line":146,"column":0},"end":{"line":146,"column":61}},"146":{"start":{"line":147,"column":0},"end":{"line":147,"column":5}},"148":{"start":{"line":149,"column":0},"end":{"line":149,"column":45}},"149":{"start":{"line":150,"column":0},"end":{"line":150,"column":17}},"150":{"start":{"line":151,"column":0},"end":{"line":151,"column":59}},"151":{"start":{"line":152,"column":0},"end":{"line":152,"column":30}},"153":{"start":{"line":154,"column":0},"end":{"line":154,"column":39}},"154":{"start":{"line":155,"column":0},"end":{"line":155,"column":4}},"155":{"start":{"line":156,"column":0},"end":{"line":156,"column":73}},"156":{"start":{"line":157,"column":0},"end":{"line":157,"column":47}},"157":{"start":{"line":158,"column":0},"end":{"line":158,"column":24}},"158":{"start":{"line":159,"column":0},"end":{"line":159,"column":28}},"159":{"start":{"line":160,"column":0},"end":{"line":160,"column":55}},"160":{"start":{"line":161,"column":0},"end":{"line":161,"column":48}},"161":{"start":{"line":162,"column":0},"end":{"line":162,"column":25}},"163":{"start":{"line":164,"column":0},"end":{"line":164,"column":15}},"164":{"start":{"line":165,"column":0},"end":{"line":165,"column":37}},"165":{"start":{"line":166,"column":0},"end":{"line":166,"column":5}},"167":{"start":{"line":168,"column":0},"end":{"line":168,"column":17}},"168":{"start":{"line":169,"column":0},"end":{"line":169,"column":41}},"169":{"start":{"line":170,"column":0},"end":{"line":170,"column":5}},"171":{"start":{"line":172,"column":0},"end":{"line":172,"column":45}},"172":{"start":{"line":173,"column":0},"end":{"line":173,"column":37}},"173":{"start":{"line":174,"column":0},"end":{"line":174,"column":74}},"174":{"start":{"line":175,"column":0},"end":{"line":175,"column":5}},"176":{"start":{"line":177,"column":0},"end":{"line":177,"column":47}},"178":{"start":{"line":179,"column":0},"end":{"line":179,"column":16}},"179":{"start":{"line":180,"column":0},"end":{"line":180,"column":79}},"180":{"start":{"line":181,"column":0},"end":{"line":181,"column":25}},"181":{"start":{"line":182,"column":0},"end":{"line":182,"column":23}},"182":{"start":{"line":183,"column":0},"end":{"line":183,"column":9}},"183":{"start":{"line":184,"column":0},"end":{"line":184,"column":5}},"185":{"start":{"line":186,"column":0},"end":{"line":186,"column":76}},"186":{"start":{"line":187,"column":0},"end":{"line":187,"column":4}},"187":{"start":{"line":188,"column":0},"end":{"line":188,"column":32}},"188":{"start":{"line":189,"column":0},"end":{"line":189,"column":75}},"189":{"start":{"line":190,"column":0},"end":{"line":190,"column":16}},"190":{"start":{"line":191,"column":0},"end":{"line":191,"column":84}},"191":{"start":{"line":192,"column":0},"end":{"line":192,"column":25}},"192":{"start":{"line":193,"column":0},"end":{"line":193,"column":23}},"193":{"start":{"line":194,"column":0},"end":{"line":194,"column":9}},"194":{"start":{"line":195,"column":0},"end":{"line":195,"column":5}},"196":{"start":{"line":197,"column":0},"end":{"line":197,"column":50}},"197":{"start":{"line":198,"column":0},"end":{"line":198,"column":4}},"198":{"start":{"line":199,"column":0},"end":{"line":199,"column":39}},"199":{"start":{"line":200,"column":0},"end":{"line":200,"column":48}},"200":{"start":{"line":201,"column":0},"end":{"line":201,"column":60}},"201":{"start":{"line":202,"column":0},"end":{"line":202,"column":66}},"203":{"start":{"line":204,"column":0},"end":{"line":204,"column":44}},"204":{"start":{"line":205,"column":0},"end":{"line":205,"column":44}},"205":{"start":{"line":206,"column":0},"end":{"line":206,"column":30}},"206":{"start":{"line":207,"column":0},"end":{"line":207,"column":37}},"207":{"start":{"line":208,"column":0},"end":{"line":208,"column":21}},"208":{"start":{"line":209,"column":0},"end":{"line":209,"column":18}},"210":{"start":{"line":211,"column":0},"end":{"line":211,"column":18}},"211":{"start":{"line":212,"column":0},"end":{"line":212,"column":80}},"212":{"start":{"line":213,"column":0},"end":{"line":213,"column":27}},"213":{"start":{"line":214,"column":0},"end":{"line":214,"column":25}},"214":{"start":{"line":215,"column":0},"end":{"line":215,"column":11}},"215":{"start":{"line":216,"column":0},"end":{"line":216,"column":7}},"217":{"start":{"line":218,"column":0},"end":{"line":218,"column":39}},"218":{"start":{"line":219,"column":0},"end":{"line":219,"column":5}},"220":{"start":{"line":221,"column":0},"end":{"line":221,"column":42}},"221":{"start":{"line":222,"column":0},"end":{"line":222,"column":28}},"222":{"start":{"line":223,"column":0},"end":{"line":223,"column":22}},"223":{"start":{"line":224,"column":0},"end":{"line":224,"column":19}},"224":{"start":{"line":225,"column":0},"end":{"line":225,"column":35}},"225":{"start":{"line":226,"column":0},"end":{"line":226,"column":16}},"227":{"start":{"line":228,"column":0},"end":{"line":228,"column":16}},"228":{"start":{"line":229,"column":0},"end":{"line":229,"column":80}},"229":{"start":{"line":230,"column":0},"end":{"line":230,"column":25}},"230":{"start":{"line":231,"column":0},"end":{"line":231,"column":23}},"231":{"start":{"line":232,"column":0},"end":{"line":232,"column":9}},"232":{"start":{"line":233,"column":0},"end":{"line":233,"column":5}},"234":{"start":{"line":235,"column":0},"end":{"line":235,"column":37}},"235":{"start":{"line":236,"column":0},"end":{"line":236,"column":4}},"236":{"start":{"line":237,"column":0},"end":{"line":237,"column":2}}},"s":{"0":1,"5":1,"6":1,"7":1,"8":1,"33":1,"34":1,"35":3,"37":3,"38":2,"39":2,"40":2,"41":2,"42":2,"43":2,"45":2,"46":1,"47":1,"48":1,"50":2,"51":2,"52":0,"53":0,"54":0,"55":0,"56":0,"58":2,"59":2,"60":0,"61":0,"62":0,"63":0,"64":0,"65":0,"66":0,"67":2,"69":2,"70":2,"72":1,"73":1,"74":1,"75":1,"76":1,"78":3,"79":0,"80":0,"81":0,"83":1,"85":3,"86":0,"87":0,"88":0,"89":0,"90":0,"92":3,"93":0,"94":0,"95":0,"96":0,"97":0,"98":0,"99":0,"101":3,"102":3,"103":1,"104":3,"105":3,"106":3,"107":3,"108":3,"109":3,"111":3,"112":2,"113":2,"114":2,"116":3,"118":3,"119":0,"120":0,"121":0,"122":0,"123":0,"125":3,"126":2,"127":2,"129":1,"130":1,"131":1,"132":1,"133":1,"135":3,"136":0,"137":0,"138":0,"139":0,"140":0,"142":1,"144":3,"145":1,"146":1,"148":1,"149":1,"150":1,"151":1,"153":3,"154":3,"155":1,"156":3,"157":3,"158":3,"159":3,"160":3,"161":3,"163":3,"164":2,"165":2,"167":3,"168":2,"169":2,"171":3,"172":1,"173":1,"174":1,"176":3,"178":3,"179":0,"180":0,"181":0,"182":0,"183":0,"185":3,"186":3,"187":1,"188":2,"189":2,"190":1,"191":1,"192":1,"193":1,"194":1,"196":2,"197":2,"198":1,"199":1,"200":1,"201":1,"203":1,"204":0,"205":0,"206":0,"207":0,"208":0,"210":0,"211":0,"212":0,"213":0,"214":0,"215":0,"217":0,"218":0,"220":1,"221":1,"222":1,"223":1,"224":1,"225":1,"227":1,"228":0,"229":0,"230":0,"231":0,"232":0,"234":1,"235":1,"236":1},"branchMap":{"0":{"type":"branch","line":35,"loc":{"start":{"line":35,"column":2},"end":{"line":103,"column":4}},"locations":[{"start":{"line":35,"column":2},"end":{"line":103,"column":4}}]},"1":{"type":"branch","line":38,"loc":{"start":{"line":38,"column":14},"end":{"line":71,"column":5}},"locations":[{"start":{"line":38,"column":14},"end":{"line":71,"column":5}}]},"2":{"type":"branch","line":46,"loc":{"start":{"line":46,"column":10},"end":{"line":46,"column":46}},"locations":[{"start":{"line":46,"column":10},"end":{"line":46,"column":46}}]},"3":{"type":"branch","line":46,"loc":{"start":{"line":46,"column":46},"end":{"line":49,"column":7}},"locations":[{"start":{"line":46,"column":46},"end":{"line":49,"column":7}}]},"4":{"type":"branch","line":52,"loc":{"start":{"line":52,"column":17},"end":{"line":57,"column":7}},"locations":[{"start":{"line":52,"column":17},"end":{"line":57,"column":7}}]},"5":{"type":"branch","line":59,"loc":{"start":{"line":59,"column":22},"end":{"line":59,"column":31}},"locations":[{"start":{"line":59,"column":22},"end":{"line":59,"column":31}}]},"6":{"type":"branch","line":70,"loc":{"start":{"line":70,"column":36},"end":{"line":70,"column":47}},"locations":[{"start":{"line":70,"column":36},"end":{"line":70,"column":47}}]},"7":{"type":"branch","line":71,"loc":{"start":{"line":71,"column":4},"end":{"line":79,"column":18}},"locations":[{"start":{"line":71,"column":4},"end":{"line":79,"column":18}}]},"8":{"type":"branch","line":79,"loc":{"start":{"line":79,"column":8},"end":{"line":79,"column":44}},"locations":[{"start":{"line":79,"column":8},"end":{"line":79,"column":44}}]},"9":{"type":"branch","line":79,"loc":{"start":{"line":79,"column":44},"end":{"line":82,"column":5}},"locations":[{"start":{"line":79,"column":44},"end":{"line":82,"column":5}}]},"10":{"type":"branch","line":82,"loc":{"start":{"line":82,"column":4},"end":{"line":86,"column":15}},"locations":[{"start":{"line":82,"column":4},"end":{"line":86,"column":15}}]},"11":{"type":"branch","line":86,"loc":{"start":{"line":86,"column":15},"end":{"line":91,"column":5}},"locations":[{"start":{"line":86,"column":15},"end":{"line":91,"column":5}}]},"12":{"type":"branch","line":91,"loc":{"start":{"line":91,"column":4},"end":{"line":93,"column":28}},"locations":[{"start":{"line":91,"column":4},"end":{"line":93,"column":28}}]},"13":{"type":"branch","line":93,"loc":{"start":{"line":93,"column":20},"end":{"line":93,"column":29}},"locations":[{"start":{"line":93,"column":20},"end":{"line":93,"column":29}}]},"14":{"type":"branch","line":102,"loc":{"start":{"line":102,"column":34},"end":{"line":102,"column":45}},"locations":[{"start":{"line":102,"column":34},"end":{"line":102,"column":45}}]},"15":{"type":"branch","line":104,"loc":{"start":{"line":104,"column":2},"end":{"line":155,"column":4}},"locations":[{"start":{"line":104,"column":2},"end":{"line":155,"column":4}}]},"16":{"type":"branch","line":112,"loc":{"start":{"line":112,"column":8},"end":{"line":112,"column":44}},"locations":[{"start":{"line":112,"column":8},"end":{"line":112,"column":44}}]},"17":{"type":"branch","line":112,"loc":{"start":{"line":112,"column":44},"end":{"line":115,"column":5}},"locations":[{"start":{"line":112,"column":44},"end":{"line":115,"column":5}}]},"18":{"type":"branch","line":119,"loc":{"start":{"line":119,"column":23},"end":{"line":124,"column":5}},"locations":[{"start":{"line":119,"column":23},"end":{"line":124,"column":5}}]},"19":{"type":"branch","line":126,"loc":{"start":{"line":126,"column":27},"end":{"line":128,"column":5}},"locations":[{"start":{"line":126,"column":27},"end":{"line":128,"column":5}}]},"20":{"type":"branch","line":127,"loc":{"start":{"line":127,"column":32},"end":{"line":127,"column":43}},"locations":[{"start":{"line":127,"column":32},"end":{"line":127,"column":43}}]},"21":{"type":"branch","line":128,"loc":{"start":{"line":128,"column":4},"end":{"line":136,"column":20}},"locations":[{"start":{"line":128,"column":4},"end":{"line":136,"column":20}}]},"22":{"type":"branch","line":136,"loc":{"start":{"line":136,"column":20},"end":{"line":141,"column":5}},"locations":[{"start":{"line":136,"column":20},"end":{"line":141,"column":5}}]},"23":{"type":"branch","line":141,"loc":{"start":{"line":141,"column":4},"end":{"line":145,"column":32}},"locations":[{"start":{"line":141,"column":4},"end":{"line":145,"column":32}}]},"24":{"type":"branch","line":145,"loc":{"start":{"line":145,"column":23},"end":{"line":145,"column":34}},"locations":[{"start":{"line":145,"column":23},"end":{"line":145,"column":34}}]},"25":{"type":"branch","line":145,"loc":{"start":{"line":145,"column":36},"end":{"line":154,"column":35}},"locations":[{"start":{"line":145,"column":36},"end":{"line":154,"column":35}}]},"26":{"type":"branch","line":154,"loc":{"start":{"line":154,"column":26},"end":{"line":154,"column":37}},"locations":[{"start":{"line":154,"column":26},"end":{"line":154,"column":37}}]},"27":{"type":"branch","line":130,"loc":{"start":{"line":130,"column":33},"end":{"line":130,"column":61}},"locations":[{"start":{"line":130,"column":33},"end":{"line":130,"column":61}}]},"28":{"type":"branch","line":149,"loc":{"start":{"line":149,"column":30},"end":{"line":152,"column":30}},"locations":[{"start":{"line":149,"column":30},"end":{"line":152,"column":30}}]},"29":{"type":"branch","line":151,"loc":{"start":{"line":151,"column":51},"end":{"line":151,"column":59}},"locations":[{"start":{"line":151,"column":51},"end":{"line":151,"column":59}}]},"30":{"type":"branch","line":156,"loc":{"start":{"line":156,"column":2},"end":{"line":187,"column":4}},"locations":[{"start":{"line":156,"column":2},"end":{"line":187,"column":4}}]},"31":{"type":"branch","line":164,"loc":{"start":{"line":164,"column":14},"end":{"line":166,"column":5}},"locations":[{"start":{"line":164,"column":14},"end":{"line":166,"column":5}}]},"32":{"type":"branch","line":168,"loc":{"start":{"line":168,"column":16},"end":{"line":170,"column":5}},"locations":[{"start":{"line":168,"column":16},"end":{"line":170,"column":5}}]},"33":{"type":"branch","line":172,"loc":{"start":{"line":172,"column":8},"end":{"line":172,"column":44}},"locations":[{"start":{"line":172,"column":8},"end":{"line":172,"column":44}}]},"34":{"type":"branch","line":172,"loc":{"start":{"line":172,"column":44},"end":{"line":175,"column":5}},"locations":[{"start":{"line":172,"column":44},"end":{"line":175,"column":5}}]},"35":{"type":"branch","line":179,"loc":{"start":{"line":179,"column":15},"end":{"line":184,"column":5}},"locations":[{"start":{"line":179,"column":15},"end":{"line":184,"column":5}}]},"36":{"type":"branch","line":186,"loc":{"start":{"line":186,"column":20},"end":{"line":186,"column":30}},"locations":[{"start":{"line":186,"column":20},"end":{"line":186,"column":30}}]},"37":{"type":"branch","line":186,"loc":{"start":{"line":186,"column":63},"end":{"line":186,"column":74}},"locations":[{"start":{"line":186,"column":63},"end":{"line":186,"column":74}}]},"38":{"type":"branch","line":188,"loc":{"start":{"line":188,"column":2},"end":{"line":198,"column":4}},"locations":[{"start":{"line":188,"column":2},"end":{"line":198,"column":4}}]},"39":{"type":"branch","line":190,"loc":{"start":{"line":190,"column":15},"end":{"line":197,"column":20}},"locations":[{"start":{"line":190,"column":15},"end":{"line":197,"column":20}}]},"40":{"type":"branch","line":191,"loc":{"start":{"line":191,"column":42},"end":{"line":191,"column":83}},"locations":[{"start":{"line":191,"column":42},"end":{"line":191,"column":83}}]},"41":{"type":"branch","line":197,"loc":{"start":{"line":197,"column":12},"end":{"line":197,"column":50}},"locations":[{"start":{"line":197,"column":12},"end":{"line":197,"column":50}}]},"42":{"type":"branch","line":199,"loc":{"start":{"line":199,"column":2},"end":{"line":236,"column":4}},"locations":[{"start":{"line":199,"column":2},"end":{"line":236,"column":4}}]},"43":{"type":"branch","line":202,"loc":{"start":{"line":202,"column":36},"end":{"line":202,"column":66}},"locations":[{"start":{"line":202,"column":36},"end":{"line":202,"column":66}}]},"44":{"type":"branch","line":204,"loc":{"start":{"line":204,"column":43},"end":{"line":219,"column":5}},"locations":[{"start":{"line":204,"column":43},"end":{"line":219,"column":5}}]},"45":{"type":"branch","line":228,"loc":{"start":{"line":228,"column":15},"end":{"line":233,"column":5}},"locations":[{"start":{"line":228,"column":15},"end":{"line":233,"column":5}}]}},"b":{"0":[3],"1":[2],"2":[1],"3":[1],"4":[0],"5":[0],"6":[0],"7":[1],"8":[0],"9":[0],"10":[1],"11":[0],"12":[1],"13":[0],"14":[0],"15":[3],"16":[2],"17":[2],"18":[0],"19":[2],"20":[0],"21":[1],"22":[0],"23":[1],"24":[0],"25":[1],"26":[0],"27":[1],"28":[1],"29":[0],"30":[3],"31":[2],"32":[2],"33":[1],"34":[1],"35":[0],"36":[0],"37":[0],"38":[2],"39":[1],"40":[0],"41":[0],"42":[1],"43":[0],"44":[0],"45":[0]},"fnMap":{"0":{"name":"listTenantsPaged","decl":{"start":{"line":35,"column":2},"end":{"line":103,"column":4}},"loc":{"start":{"line":35,"column":2},"end":{"line":103,"column":4}},"line":35},"1":{"name":"listProfilesWithRolesPaged","decl":{"start":{"line":104,"column":2},"end":{"line":155,"column":4}},"loc":{"start":{"line":104,"column":2},"end":{"line":155,"column":4}},"line":104},"2":{"name":"listSubscriptionsPaged","decl":{"start":{"line":156,"column":2},"end":{"line":187,"column":4}},"loc":{"start":{"line":156,"column":2},"end":{"line":187,"column":4}},"line":156},"3":{"name":"getSubscriptionStats","decl":{"start":{"line":188,"column":2},"end":{"line":198,"column":4}},"loc":{"start":{"line":188,"column":2},"end":{"line":198,"column":4}},"line":188},"4":{"name":"updateSubscription","decl":{"start":{"line":199,"column":2},"end":{"line":236,"column":4}},"loc":{"start":{"line":199,"column":2},"end":{"line":236,"column":4}},"line":199}},"f":{"0":3,"1":3,"2":3,"3":2,"4":1}}
,"C:\\Users\\Boo\\Desktop\\Shefaa\\shefaa\\src\\services\\admin\\admin.service.ts": {"path":"C:\\Users\\Boo\\Desktop\\Shefaa\\shefaa\\src\\services\\admin\\admin.service.ts","all":false,"statementMap":{"0":{"start":{"line":1,"column":0},"end":{"line":1,"column":24}},"17":{"start":{"line":18,"column":0},"end":{"line":18,"column":35}},"18":{"start":{"line":19,"column":0},"end":{"line":19,"column":50}},"19":{"start":{"line":20,"column":0},"end":{"line":20,"column":64}},"20":{"start":{"line":21,"column":0},"end":{"line":21,"column":46}},"21":{"start":{"line":22,"column":0},"end":{"line":22,"column":40}},"22":{"start":{"line":23,"column":0},"end":{"line":23,"column":44}},"23":{"start":{"line":24,"column":0},"end":{"line":24,"column":3}},"25":{"start":{"line":26,"column":0},"end":{"line":26,"column":29}},"26":{"start":{"line":27,"column":0},"end":{"line":27,"column":104}},"27":{"start":{"line":28,"column":0},"end":{"line":28,"column":9}},"28":{"start":{"line":29,"column":0},"end":{"line":29,"column":120}},"29":{"start":{"line":30,"column":0},"end":{"line":30,"column":70}},"30":{"start":{"line":31,"column":0},"end":{"line":31,"column":31}},"31":{"start":{"line":32,"column":0},"end":{"line":32,"column":52}},"32":{"start":{"line":33,"column":0},"end":{"line":33,"column":30}},"33":{"start":{"line":34,"column":0},"end":{"line":34,"column":26}},"34":{"start":{"line":35,"column":0},"end":{"line":35,"column":9}},"35":{"start":{"line":36,"column":0},"end":{"line":36,"column":76}},"36":{"start":{"line":37,"column":0},"end":{"line":37,"column":19}},"37":{"start":{"line":38,"column":0},"end":{"line":38,"column":58}},"38":{"start":{"line":39,"column":0},"end":{"line":39,"column":5}},"39":{"start":{"line":40,"column":0},"end":{"line":40,"column":4}},"40":{"start":{"line":41,"column":0},"end":{"line":41,"column":99}},"41":{"start":{"line":42,"column":0},"end":{"line":42,"column":9}},"42":{"start":{"line":43,"column":0},"end":{"line":43,"column":108}},"43":{"start":{"line":44,"column":0},"end":{"line":44,"column":80}},"44":{"start":{"line":45,"column":0},"end":{"line":45,"column":31}},"45":{"start":{"line":46,"column":0},"end":{"line":46,"column":52}},"46":{"start":{"line":47,"column":0},"end":{"line":47,"column":30}},"47":{"start":{"line":48,"column":0},"end":{"line":48,"column":9}},"48":{"start":{"line":49,"column":0},"end":{"line":49,"column":81}},"49":{"start":{"line":50,"column":0},"end":{"line":50,"column":19}},"50":{"start":{"line":51,"column":0},"end":{"line":51,"column":59}},"51":{"start":{"line":52,"column":0},"end":{"line":52,"column":5}},"52":{"start":{"line":53,"column":0},"end":{"line":53,"column":4}},"53":{"start":{"line":54,"column":0},"end":{"line":54,"column":127}},"54":{"start":{"line":55,"column":0},"end":{"line":55,"column":9}},"55":{"start":{"line":56,"column":0},"end":{"line":56,"column":37}},"56":{"start":{"line":57,"column":0},"end":{"line":57,"column":85}},"57":{"start":{"line":58,"column":0},"end":{"line":58,"column":28}},"58":{"start":{"line":59,"column":0},"end":{"line":59,"column":76}},"59":{"start":{"line":60,"column":0},"end":{"line":60,"column":31}},"60":{"start":{"line":61,"column":0},"end":{"line":61,"column":52}},"61":{"start":{"line":62,"column":0},"end":{"line":62,"column":30}},"62":{"start":{"line":63,"column":0},"end":{"line":63,"column":26}},"63":{"start":{"line":64,"column":0},"end":{"line":64,"column":30}},"64":{"start":{"line":65,"column":0},"end":{"line":65,"column":9}},"65":{"start":{"line":66,"column":0},"end":{"line":66,"column":82}},"66":{"start":{"line":67,"column":0},"end":{"line":67,"column":19}},"67":{"start":{"line":68,"column":0},"end":{"line":68,"column":64}},"68":{"start":{"line":69,"column":0},"end":{"line":69,"column":5}},"69":{"start":{"line":70,"column":0},"end":{"line":70,"column":4}},"70":{"start":{"line":71,"column":0},"end":{"line":71,"column":32}},"71":{"start":{"line":72,"column":0},"end":{"line":72,"column":9}},"72":{"start":{"line":73,"column":0},"end":{"line":73,"column":66}},"73":{"start":{"line":74,"column":0},"end":{"line":74,"column":56}},"74":{"start":{"line":75,"column":0},"end":{"line":75,"column":19}},"75":{"start":{"line":76,"column":0},"end":{"line":76,"column":69}},"76":{"start":{"line":77,"column":0},"end":{"line":77,"column":5}},"77":{"start":{"line":78,"column":0},"end":{"line":78,"column":4}},"78":{"start":{"line":79,"column":0},"end":{"line":79,"column":77}},"79":{"start":{"line":80,"column":0},"end":{"line":80,"column":9}},"80":{"start":{"line":81,"column":0},"end":{"line":81,"column":44}},"81":{"start":{"line":82,"column":0},"end":{"line":82,"column":64}},"82":{"start":{"line":83,"column":0},"end":{"line":83,"column":80}},"83":{"start":{"line":84,"column":0},"end":{"line":84,"column":50}},"84":{"start":{"line":85,"column":0},"end":{"line":85,"column":24}},"85":{"start":{"line":86,"column":0},"end":{"line":86,"column":40}},"86":{"start":{"line":87,"column":0},"end":{"line":87,"column":38}},"87":{"start":{"line":88,"column":0},"end":{"line":88,"column":34}},"88":{"start":{"line":89,"column":0},"end":{"line":89,"column":47}},"89":{"start":{"line":90,"column":0},"end":{"line":90,"column":45}},"90":{"start":{"line":91,"column":0},"end":{"line":91,"column":38}},"91":{"start":{"line":92,"column":0},"end":{"line":92,"column":31}},"92":{"start":{"line":93,"column":0},"end":{"line":93,"column":69}},"93":{"start":{"line":94,"column":0},"end":{"line":94,"column":11}},"94":{"start":{"line":95,"column":0},"end":{"line":95,"column":7}},"95":{"start":{"line":96,"column":0},"end":{"line":96,"column":51}},"96":{"start":{"line":97,"column":0},"end":{"line":97,"column":19}},"97":{"start":{"line":98,"column":0},"end":{"line":98,"column":65}},"98":{"start":{"line":99,"column":0},"end":{"line":99,"column":5}},"99":{"start":{"line":100,"column":0},"end":{"line":100,"column":4}},"100":{"start":{"line":101,"column":0},"end":{"line":101,"column":2}}},"s":{"0":1,"17":1,"18":1,"19":1,"20":1,"21":1,"22":1,"23":1,"25":1,"26":1,"27":1,"28":1,"29":1,"30":1,"31":1,"32":1,"33":1,"34":1,"35":1,"36":1,"37":0,"38":0,"39":1,"40":1,"41":1,"42":1,"43":1,"44":1,"45":1,"46":1,"47":1,"48":1,"49":1,"50":0,"51":0,"52":1,"53":1,"54":1,"55":1,"56":1,"57":1,"58":1,"59":1,"60":1,"61":1,"62":1,"63":1,"64":1,"65":1,"66":1,"67":0,"68":0,"69":1,"70":1,"71":1,"72":1,"73":1,"74":1,"75":0,"76":0,"77":1,"78":1,"79":1,"80":1,"81":1,"82":1,"83":1,"84":1,"85":1,"86":1,"87":1,"88":1,"89":1,"90":1,"91":1,"92":1,"93":1,"94":1,"95":1,"96":1,"97":0,"98":0,"99":1,"100":1},"branchMap":{"0":{"type":"branch","line":27,"loc":{"start":{"line":27,"column":2},"end":{"line":40,"column":4}},"locations":[{"start":{"line":27,"column":2},"end":{"line":40,"column":4}}]},"1":{"type":"branch","line":29,"loc":{"start":{"line":29,"column":107},"end":{"line":29,"column":120}},"locations":[{"start":{"line":29,"column":107},"end":{"line":29,"column":120}}]},"2":{"type":"branch","line":37,"loc":{"start":{"line":37,"column":6},"end":{"line":39,"column":5}},"locations":[{"start":{"line":37,"column":6},"end":{"line":39,"column":5}}]},"3":{"type":"branch","line":41,"loc":{"start":{"line":41,"column":2},"end":{"line":53,"column":4}},"locations":[{"start":{"line":41,"column":2},"end":{"line":53,"column":4}}]},"4":{"type":"branch","line":43,"loc":{"start":{"line":43,"column":95},"end":{"line":43,"column":108}},"locations":[{"start":{"line":43,"column":95},"end":{"line":43,"column":108}}]},"5":{"type":"branch","line":50,"loc":{"start":{"line":50,"column":6},"end":{"line":52,"column":5}},"locations":[{"start":{"line":50,"column":6},"end":{"line":52,"column":5}}]},"6":{"type":"branch","line":54,"loc":{"start":{"line":54,"column":2},"end":{"line":70,"column":4}},"locations":[{"start":{"line":54,"column":2},"end":{"line":70,"column":4}}]},"7":{"type":"branch","line":58,"loc":{"start":{"line":58,"column":15},"end":{"line":58,"column":28}},"locations":[{"start":{"line":58,"column":15},"end":{"line":58,"column":28}}]},"8":{"type":"branch","line":67,"loc":{"start":{"line":67,"column":6},"end":{"line":69,"column":5}},"locations":[{"start":{"line":67,"column":6},"end":{"line":69,"column":5}}]},"9":{"type":"branch","line":71,"loc":{"start":{"line":71,"column":2},"end":{"line":78,"column":4}},"locations":[{"start":{"line":71,"column":2},"end":{"line":78,"column":4}}]},"10":{"type":"branch","line":75,"loc":{"start":{"line":75,"column":6},"end":{"line":77,"column":5}},"locations":[{"start":{"line":75,"column":6},"end":{"line":77,"column":5}}]},"11":{"type":"branch","line":79,"loc":{"start":{"line":79,"column":2},"end":{"line":100,"column":4}},"locations":[{"start":{"line":79,"column":2},"end":{"line":100,"column":4}}]},"12":{"type":"branch","line":97,"loc":{"start":{"line":97,"column":6},"end":{"line":99,"column":5}},"locations":[{"start":{"line":97,"column":6},"end":{"line":99,"column":5}}]}},"b":{"0":[1],"1":[0],"2":[0],"3":[1],"4":[0],"5":[0],"6":[1],"7":[0],"8":[0],"9":[1],"10":[0],"11":[1],"12":[0]},"fnMap":{"0":{"name":"listTenantsPaged","decl":{"start":{"line":27,"column":2},"end":{"line":40,"column":4}},"loc":{"start":{"line":27,"column":2},"end":{"line":40,"column":4}},"line":27},"1":{"name":"listProfilesWithRolesPaged","decl":{"start":{"line":41,"column":2},"end":{"line":53,"column":4}},"loc":{"start":{"line":41,"column":2},"end":{"line":53,"column":4}},"line":41},"2":{"name":"listSubscriptionsPaged","decl":{"start":{"line":54,"column":2},"end":{"line":70,"column":4}},"loc":{"start":{"line":54,"column":2},"end":{"line":70,"column":4}},"line":54},"3":{"name":"getSubscriptionStats","decl":{"start":{"line":71,"column":2},"end":{"line":78,"column":4}},"loc":{"start":{"line":71,"column":2},"end":{"line":78,"column":4}},"line":71},"4":{"name":"updateSubscription","decl":{"start":{"line":79,"column":2},"end":{"line":100,"column":4}},"loc":{"start":{"line":79,"column":2},"end":{"line":100,"column":4}},"line":79}},"f":{"0":1,"1":1,"2":1,"3":1,"4":1}}
,"C:\\Users\\Boo\\Desktop\\Shefaa\\shefaa\\src\\services\\appointments\\appointment.repository.ts": {"path":"C:\\Users\\Boo\\Desktop\\Shefaa\\shefaa\\src\\services\\appointments\\appointment.repository.ts","all":false,"statementMap":{"0":{"start":{"line":1,"column":0},"end":{"line":1,"column":13}},"13":{"start":{"line":14,"column":0},"end":{"line":14,"column":27}},"14":{"start":{"line":15,"column":0},"end":{"line":15,"column":146}},"15":{"start":{"line":16,"column":0},"end":{"line":16,"column":85}},"16":{"start":{"line":17,"column":0},"end":{"line":17,"column":114}},"18":{"start":{"line":19,"column":0},"end":{"line":19,"column":51}},"19":{"start":{"line":20,"column":0},"end":{"line":20,"column":103}},"20":{"start":{"line":21,"column":0},"end":{"line":21,"column":34}},"21":{"start":{"line":22,"column":0},"end":{"line":22,"column":21}},"22":{"start":{"line":23,"column":0},"end":{"line":23,"column":15}},"23":{"start":{"line":24,"column":0},"end":{"line":24,"column":15}},"24":{"start":{"line":25,"column":0},"end":{"line":25,"column":11}},"25":{"start":{"line":26,"column":0},"end":{"line":26,"column":3}},"27":{"start":{"line":28,"column":0},"end":{"line":28,"column":41}},"28":{"start":{"line":29,"column":0},"end":{"line":29,"column":60}},"29":{"start":{"line":30,"column":0},"end":{"line":30,"column":1}},"50":{"start":{"line":51,"column":0},"end":{"line":51,"column":61}},"51":{"start":{"line":52,"column":0},"end":{"line":52,"column":37}},"52":{"start":{"line":53,"column":0},"end":{"line":53,"column":34}},"53":{"start":{"line":54,"column":0},"end":{"line":54,"column":43}},"54":{"start":{"line":55,"column":0},"end":{"line":55,"column":39}},"55":{"start":{"line":56,"column":0},"end":{"line":56,"column":35}},"56":{"start":{"line":57,"column":0},"end":{"line":57,"column":51}},"58":{"start":{"line":59,"column":0},"end":{"line":59,"column":24}},"59":{"start":{"line":60,"column":0},"end":{"line":60,"column":27}},"60":{"start":{"line":61,"column":0},"end":{"line":61,"column":54}},"61":{"start":{"line":62,"column":0},"end":{"line":62,"column":32}},"62":{"start":{"line":63,"column":0},"end":{"line":63,"column":30}},"64":{"start":{"line":65,"column":0},"end":{"line":65,"column":41}},"65":{"start":{"line":66,"column":0},"end":{"line":66,"column":74}},"66":{"start":{"line":67,"column":0},"end":{"line":67,"column":49}},"67":{"start":{"line":68,"column":0},"end":{"line":68,"column":5}},"68":{"start":{"line":69,"column":0},"end":{"line":69,"column":80}},"69":{"start":{"line":70,"column":0},"end":{"line":70,"column":55}},"70":{"start":{"line":71,"column":0},"end":{"line":71,"column":5}},"71":{"start":{"line":72,"column":0},"end":{"line":72,"column":82}},"72":{"start":{"line":73,"column":0},"end":{"line":73,"column":57}},"73":{"start":{"line":74,"column":0},"end":{"line":74,"column":5}},"74":{"start":{"line":75,"column":0},"end":{"line":75,"column":80}},"75":{"start":{"line":76,"column":0},"end":{"line":76,"column":63}},"76":{"start":{"line":77,"column":0},"end":{"line":77,"column":5}},"77":{"start":{"line":78,"column":0},"end":{"line":78,"column":76}},"78":{"start":{"line":79,"column":0},"end":{"line":79,"column":61}},"79":{"start":{"line":80,"column":0},"end":{"line":80,"column":5}},"81":{"start":{"line":82,"column":0},"end":{"line":82,"column":21}},"82":{"start":{"line":83,"column":0},"end":{"line":83,"column":51}},"83":{"start":{"line":84,"column":0},"end":{"line":84,"column":37}},"84":{"start":{"line":85,"column":0},"end":{"line":85,"column":50}},"85":{"start":{"line":86,"column":0},"end":{"line":86,"column":19}},"86":{"start":{"line":87,"column":0},"end":{"line":87,"column":33}},"87":{"start":{"line":88,"column":0},"end":{"line":88,"column":5}},"89":{"start":{"line":90,"column":0},"end":{"line":90,"column":86}},"90":{"start":{"line":91,"column":0},"end":{"line":91,"column":26}},"91":{"start":{"line":92,"column":0},"end":{"line":92,"column":27}},"92":{"start":{"line":93,"column":0},"end":{"line":93,"column":58}},"94":{"start":{"line":95,"column":0},"end":{"line":95,"column":82}},"96":{"start":{"line":97,"column":0},"end":{"line":97,"column":47}},"97":{"start":{"line":98,"column":0},"end":{"line":98,"column":16}},"98":{"start":{"line":99,"column":0},"end":{"line":99,"column":78}},"99":{"start":{"line":100,"column":0},"end":{"line":100,"column":25}},"100":{"start":{"line":101,"column":0},"end":{"line":101,"column":23}},"101":{"start":{"line":102,"column":0},"end":{"line":102,"column":9}},"102":{"start":{"line":103,"column":0},"end":{"line":103,"column":5}},"104":{"start":{"line":105,"column":0},"end":{"line":105,"column":70}},"105":{"start":{"line":106,"column":0},"end":{"line":106,"column":4}},"106":{"start":{"line":107,"column":0},"end":{"line":107,"column":50}},"107":{"start":{"line":108,"column":0},"end":{"line":108,"column":34}},"108":{"start":{"line":109,"column":0},"end":{"line":109,"column":43}},"109":{"start":{"line":110,"column":0},"end":{"line":110,"column":39}},"110":{"start":{"line":111,"column":0},"end":{"line":111,"column":35}},"111":{"start":{"line":112,"column":0},"end":{"line":112,"column":51}},"113":{"start":{"line":114,"column":0},"end":{"line":114,"column":24}},"114":{"start":{"line":115,"column":0},"end":{"line":115,"column":27}},"115":{"start":{"line":116,"column":0},"end":{"line":116,"column":74}},"116":{"start":{"line":117,"column":0},"end":{"line":117,"column":32}},"117":{"start":{"line":118,"column":0},"end":{"line":118,"column":30}},"119":{"start":{"line":120,"column":0},"end":{"line":120,"column":41}},"120":{"start":{"line":121,"column":0},"end":{"line":121,"column":74}},"121":{"start":{"line":122,"column":0},"end":{"line":122,"column":49}},"122":{"start":{"line":123,"column":0},"end":{"line":123,"column":5}},"123":{"start":{"line":124,"column":0},"end":{"line":124,"column":80}},"124":{"start":{"line":125,"column":0},"end":{"line":125,"column":55}},"125":{"start":{"line":126,"column":0},"end":{"line":126,"column":5}},"126":{"start":{"line":127,"column":0},"end":{"line":127,"column":82}},"127":{"start":{"line":128,"column":0},"end":{"line":128,"column":57}},"128":{"start":{"line":129,"column":0},"end":{"line":129,"column":5}},"129":{"start":{"line":130,"column":0},"end":{"line":130,"column":80}},"130":{"start":{"line":131,"column":0},"end":{"line":131,"column":63}},"131":{"start":{"line":132,"column":0},"end":{"line":132,"column":5}},"132":{"start":{"line":133,"column":0},"end":{"line":133,"column":76}},"133":{"start":{"line":134,"column":0},"end":{"line":134,"column":61}},"134":{"start":{"line":135,"column":0},"end":{"line":135,"column":5}},"136":{"start":{"line":137,"column":0},"end":{"line":137,"column":21}},"137":{"start":{"line":138,"column":0},"end":{"line":138,"column":51}},"138":{"start":{"line":139,"column":0},"end":{"line":139,"column":46}},"139":{"start":{"line":140,"column":0},"end":{"line":140,"column":50}},"140":{"start":{"line":141,"column":0},"end":{"line":141,"column":19}},"141":{"start":{"line":142,"column":0},"end":{"line":142,"column":33}},"142":{"start":{"line":143,"column":0},"end":{"line":143,"column":5}},"144":{"start":{"line":145,"column":0},"end":{"line":145,"column":86}},"145":{"start":{"line":146,"column":0},"end":{"line":146,"column":26}},"146":{"start":{"line":147,"column":0},"end":{"line":147,"column":27}},"147":{"start":{"line":148,"column":0},"end":{"line":148,"column":58}},"149":{"start":{"line":150,"column":0},"end":{"line":150,"column":82}},"151":{"start":{"line":152,"column":0},"end":{"line":152,"column":47}},"152":{"start":{"line":153,"column":0},"end":{"line":153,"column":16}},"153":{"start":{"line":154,"column":0},"end":{"line":154,"column":78}},"154":{"start":{"line":155,"column":0},"end":{"line":155,"column":25}},"155":{"start":{"line":156,"column":0},"end":{"line":156,"column":23}},"156":{"start":{"line":157,"column":0},"end":{"line":157,"column":9}},"157":{"start":{"line":158,"column":0},"end":{"line":158,"column":5}},"159":{"start":{"line":160,"column":0},"end":{"line":160,"column":87}},"160":{"start":{"line":161,"column":0},"end":{"line":161,"column":4}},"161":{"start":{"line":162,"column":0},"end":{"line":162,"column":55}},"162":{"start":{"line":163,"column":0},"end":{"line":163,"column":38}},"163":{"start":{"line":164,"column":0},"end":{"line":164,"column":39}},"164":{"start":{"line":165,"column":0},"end":{"line":165,"column":42}},"165":{"start":{"line":166,"column":0},"end":{"line":166,"column":27}},"166":{"start":{"line":167,"column":0},"end":{"line":167,"column":54}},"167":{"start":{"line":168,"column":0},"end":{"line":168,"column":32}},"168":{"start":{"line":169,"column":0},"end":{"line":169,"column":29}},"169":{"start":{"line":170,"column":0},"end":{"line":170,"column":37}},"170":{"start":{"line":171,"column":0},"end":{"line":171,"column":35}},"171":{"start":{"line":172,"column":0},"end":{"line":172,"column":53}},"172":{"start":{"line":173,"column":0},"end":{"line":173,"column":41}},"174":{"start":{"line":175,"column":0},"end":{"line":175,"column":16}},"175":{"start":{"line":176,"column":0},"end":{"line":176,"column":78}},"176":{"start":{"line":177,"column":0},"end":{"line":177,"column":25}},"177":{"start":{"line":178,"column":0},"end":{"line":178,"column":23}},"178":{"start":{"line":179,"column":0},"end":{"line":179,"column":9}},"179":{"start":{"line":180,"column":0},"end":{"line":180,"column":5}},"181":{"start":{"line":182,"column":0},"end":{"line":182,"column":58}},"182":{"start":{"line":183,"column":0},"end":{"line":183,"column":4}},"183":{"start":{"line":184,"column":0},"end":{"line":184,"column":52}},"184":{"start":{"line":185,"column":0},"end":{"line":185,"column":38}},"185":{"start":{"line":186,"column":0},"end":{"line":186,"column":39}},"186":{"start":{"line":187,"column":0},"end":{"line":187,"column":42}},"187":{"start":{"line":188,"column":0},"end":{"line":188,"column":27}},"188":{"start":{"line":189,"column":0},"end":{"line":189,"column":46}},"189":{"start":{"line":190,"column":0},"end":{"line":190,"column":32}},"190":{"start":{"line":191,"column":0},"end":{"line":191,"column":29}},"191":{"start":{"line":192,"column":0},"end":{"line":192,"column":34}},"192":{"start":{"line":193,"column":0},"end":{"line":193,"column":54}},"193":{"start":{"line":194,"column":0},"end":{"line":194,"column":41}},"195":{"start":{"line":196,"column":0},"end":{"line":196,"column":16}},"196":{"start":{"line":197,"column":0},"end":{"line":197,"column":86}},"197":{"start":{"line":198,"column":0},"end":{"line":198,"column":25}},"198":{"start":{"line":199,"column":0},"end":{"line":199,"column":23}},"199":{"start":{"line":200,"column":0},"end":{"line":200,"column":9}},"200":{"start":{"line":201,"column":0},"end":{"line":201,"column":5}},"202":{"start":{"line":203,"column":0},"end":{"line":203,"column":51}},"203":{"start":{"line":204,"column":0},"end":{"line":204,"column":4}},"204":{"start":{"line":205,"column":0},"end":{"line":205,"column":33}},"205":{"start":{"line":206,"column":0},"end":{"line":206,"column":85}},"206":{"start":{"line":207,"column":0},"end":{"line":207,"column":38}},"207":{"start":{"line":208,"column":0},"end":{"line":208,"column":38}},"208":{"start":{"line":209,"column":0},"end":{"line":209,"column":47}},"209":{"start":{"line":210,"column":0},"end":{"line":210,"column":31}},"210":{"start":{"line":211,"column":0},"end":{"line":211,"column":55}},"211":{"start":{"line":212,"column":0},"end":{"line":212,"column":36}},"212":{"start":{"line":213,"column":0},"end":{"line":213,"column":33}},"213":{"start":{"line":214,"column":0},"end":{"line":214,"column":32}},"214":{"start":{"line":215,"column":0},"end":{"line":215,"column":20}},"215":{"start":{"line":216,"column":0},"end":{"line":216,"column":88}},"216":{"start":{"line":217,"column":0},"end":{"line":217,"column":29}},"217":{"start":{"line":218,"column":0},"end":{"line":218,"column":27}},"218":{"start":{"line":219,"column":0},"end":{"line":219,"column":13}},"219":{"start":{"line":220,"column":0},"end":{"line":220,"column":9}},"220":{"start":{"line":221,"column":0},"end":{"line":221,"column":45}},"221":{"start":{"line":222,"column":0},"end":{"line":222,"column":9}},"224":{"start":{"line":225,"column":0},"end":{"line":225,"column":77}},"225":{"start":{"line":226,"column":0},"end":{"line":226,"column":26}},"226":{"start":{"line":227,"column":0},"end":{"line":227,"column":17}},"227":{"start":{"line":228,"column":0},"end":{"line":228,"column":11}},"228":{"start":{"line":229,"column":0},"end":{"line":229,"column":4}},"229":{"start":{"line":230,"column":0},"end":{"line":230,"column":31}},"230":{"start":{"line":231,"column":0},"end":{"line":231,"column":33}},"231":{"start":{"line":232,"column":0},"end":{"line":232,"column":27}},"232":{"start":{"line":233,"column":0},"end":{"line":233,"column":34}},"233":{"start":{"line":234,"column":0},"end":{"line":234,"column":19}},"234":{"start":{"line":235,"column":0},"end":{"line":235,"column":32}},"235":{"start":{"line":236,"column":0},"end":{"line":236,"column":29}},"236":{"start":{"line":237,"column":0},"end":{"line":237,"column":16}},"238":{"start":{"line":239,"column":0},"end":{"line":239,"column":43}},"239":{"start":{"line":240,"column":0},"end":{"line":240,"column":4}},"240":{"start":{"line":241,"column":0},"end":{"line":241,"column":69}},"241":{"start":{"line":242,"column":0},"end":{"line":242,"column":24}},"242":{"start":{"line":243,"column":0},"end":{"line":243,"column":27}},"243":{"start":{"line":244,"column":0},"end":{"line":244,"column":51}},"244":{"start":{"line":245,"column":0},"end":{"line":245,"column":32}},"245":{"start":{"line":246,"column":0},"end":{"line":246,"column":29}},"246":{"start":{"line":247,"column":0},"end":{"line":247,"column":32}},"247":{"start":{"line":248,"column":0},"end":{"line":248,"column":46}},"248":{"start":{"line":249,"column":0},"end":{"line":249,"column":34}},"250":{"start":{"line":251,"column":0},"end":{"line":251,"column":20}},"251":{"start":{"line":252,"column":0},"end":{"line":252,"column":41}},"252":{"start":{"line":253,"column":0},"end":{"line":253,"column":5}},"254":{"start":{"line":255,"column":0},"end":{"line":255,"column":41}},"255":{"start":{"line":256,"column":0},"end":{"line":256,"column":16}},"256":{"start":{"line":257,"column":0},"end":{"line":257,"column":88}},"257":{"start":{"line":258,"column":0},"end":{"line":258,"column":25}},"258":{"start":{"line":259,"column":0},"end":{"line":259,"column":23}},"259":{"start":{"line":260,"column":0},"end":{"line":260,"column":9}},"260":{"start":{"line":261,"column":0},"end":{"line":261,"column":5}},"262":{"start":{"line":263,"column":0},"end":{"line":263,"column":28}},"263":{"start":{"line":264,"column":0},"end":{"line":264,"column":4}},"264":{"start":{"line":265,"column":0},"end":{"line":265,"column":33}},"265":{"start":{"line":266,"column":0},"end":{"line":266,"column":46}},"266":{"start":{"line":267,"column":0},"end":{"line":267,"column":26}},"267":{"start":{"line":268,"column":0},"end":{"line":268,"column":35}},"268":{"start":{"line":269,"column":0},"end":{"line":269,"column":33}},"269":{"start":{"line":270,"column":0},"end":{"line":270,"column":47}},"270":{"start":{"line":271,"column":0},"end":{"line":271,"column":23}},"271":{"start":{"line":272,"column":0},"end":{"line":272,"column":6}},"273":{"start":{"line":274,"column":0},"end":{"line":274,"column":96}},"274":{"start":{"line":275,"column":0},"end":{"line":275,"column":66}},"275":{"start":{"line":276,"column":0},"end":{"line":276,"column":63}},"277":{"start":{"line":278,"column":0},"end":{"line":278,"column":33}},"278":{"start":{"line":279,"column":0},"end":{"line":279,"column":27}},"279":{"start":{"line":280,"column":0},"end":{"line":280,"column":29}},"280":{"start":{"line":281,"column":0},"end":{"line":281,"column":34}},"281":{"start":{"line":282,"column":0},"end":{"line":282,"column":16}},"283":{"start":{"line":284,"column":0},"end":{"line":284,"column":43}},"284":{"start":{"line":285,"column":0},"end":{"line":285,"column":4}},"285":{"start":{"line":286,"column":0},"end":{"line":286,"column":37}},"286":{"start":{"line":287,"column":0},"end":{"line":287,"column":48}},"288":{"start":{"line":289,"column":0},"end":{"line":289,"column":78}},"289":{"start":{"line":290,"column":0},"end":{"line":290,"column":75}},"290":{"start":{"line":291,"column":0},"end":{"line":291,"column":96}},"291":{"start":{"line":292,"column":0},"end":{"line":292,"column":96}},"292":{"start":{"line":293,"column":0},"end":{"line":293,"column":60}},"293":{"start":{"line":294,"column":0},"end":{"line":294,"column":66}},"294":{"start":{"line":295,"column":0},"end":{"line":295,"column":63}},"296":{"start":{"line":297,"column":0},"end":{"line":297,"column":44}},"297":{"start":{"line":298,"column":0},"end":{"line":298,"column":35}},"298":{"start":{"line":299,"column":0},"end":{"line":299,"column":29}},"299":{"start":{"line":300,"column":0},"end":{"line":300,"column":36}},"300":{"start":{"line":301,"column":0},"end":{"line":301,"column":21}},"301":{"start":{"line":302,"column":0},"end":{"line":302,"column":34}},"302":{"start":{"line":303,"column":0},"end":{"line":303,"column":18}},"303":{"start":{"line":304,"column":0},"end":{"line":304,"column":45}},"304":{"start":{"line":305,"column":0},"end":{"line":305,"column":5}},"306":{"start":{"line":307,"column":0},"end":{"line":307,"column":33}},"307":{"start":{"line":308,"column":0},"end":{"line":308,"column":27}},"308":{"start":{"line":309,"column":0},"end":{"line":309,"column":22}},"309":{"start":{"line":310,"column":0},"end":{"line":310,"column":19}},"310":{"start":{"line":311,"column":0},"end":{"line":311,"column":32}},"311":{"start":{"line":312,"column":0},"end":{"line":312,"column":34}},"312":{"start":{"line":313,"column":0},"end":{"line":313,"column":16}},"314":{"start":{"line":315,"column":0},"end":{"line":315,"column":43}},"315":{"start":{"line":316,"column":0},"end":{"line":316,"column":4}},"316":{"start":{"line":317,"column":0},"end":{"line":317,"column":39}},"317":{"start":{"line":318,"column":0},"end":{"line":318,"column":33}},"318":{"start":{"line":319,"column":0},"end":{"line":319,"column":27}},"319":{"start":{"line":320,"column":0},"end":{"line":320,"column":75}},"320":{"start":{"line":321,"column":0},"end":{"line":321,"column":19}},"321":{"start":{"line":322,"column":0},"end":{"line":322,"column":32}},"322":{"start":{"line":323,"column":0},"end":{"line":323,"column":34}},"323":{"start":{"line":324,"column":0},"end":{"line":324,"column":16}},"325":{"start":{"line":326,"column":0},"end":{"line":326,"column":43}},"326":{"start":{"line":327,"column":0},"end":{"line":327,"column":4}},"327":{"start":{"line":328,"column":0},"end":{"line":328,"column":31}},"328":{"start":{"line":329,"column":0},"end":{"line":329,"column":33}},"329":{"start":{"line":330,"column":0},"end":{"line":330,"column":27}},"330":{"start":{"line":331,"column":0},"end":{"line":331,"column":53}},"331":{"start":{"line":332,"column":0},"end":{"line":332,"column":19}},"332":{"start":{"line":333,"column":0},"end":{"line":333,"column":32}},"333":{"start":{"line":334,"column":0},"end":{"line":334,"column":34}},"334":{"start":{"line":335,"column":0},"end":{"line":335,"column":16}},"336":{"start":{"line":337,"column":0},"end":{"line":337,"column":43}},"337":{"start":{"line":338,"column":0},"end":{"line":338,"column":4}},"338":{"start":{"line":339,"column":0},"end":{"line":339,"column":2}}},"s":{"0":1,"13":1,"14":1,"15":1,"16":1,"18":1,"19":1,"20":1,"21":1,"22":1,"23":1,"24":1,"25":1,"27":2,"28":2,"29":2,"50":1,"51":1,"52":4,"53":4,"54":4,"55":4,"56":4,"58":4,"59":4,"60":4,"61":4,"62":4,"64":4,"65":4,"66":1,"67":1,"68":4,"69":1,"70":1,"71":4,"72":1,"73":1,"74":4,"75":1,"76":1,"77":4,"78":1,"79":1,"81":4,"82":1,"83":1,"84":1,"85":1,"86":1,"87":1,"89":4,"90":1,"91":3,"92":4,"94":4,"96":4,"97":4,"98":1,"99":1,"100":1,"101":1,"102":1,"104":4,"105":4,"106":1,"107":2,"108":2,"109":2,"110":2,"111":2,"113":2,"114":2,"115":2,"116":2,"117":2,"119":2,"120":2,"121":1,"122":1,"123":2,"124":0,"125":0,"126":2,"127":0,"128":0,"129":2,"130":0,"131":0,"132":2,"133":0,"134":0,"136":2,"137":1,"138":1,"139":1,"140":1,"141":1,"142":1,"144":2,"145":1,"146":1,"147":2,"149":2,"151":2,"152":2,"153":0,"154":0,"155":0,"156":0,"157":0,"159":2,"160":2,"161":1,"162":2,"163":2,"164":2,"165":2,"166":2,"167":2,"168":2,"169":2,"170":2,"171":2,"172":2,"174":2,"175":1,"176":1,"177":1,"178":1,"179":1,"181":2,"182":2,"183":1,"184":1,"185":1,"186":1,"187":1,"188":1,"189":1,"190":1,"191":1,"192":1,"193":1,"195":1,"196":0,"197":0,"198":0,"199":0,"200":0,"202":1,"203":1,"204":1,"205":1,"206":1,"207":1,"208":4,"209":4,"210":4,"211":4,"212":4,"213":4,"214":4,"215":0,"216":0,"217":0,"218":0,"219":0,"220":4,"221":4,"224":1,"225":4,"226":4,"227":1,"228":1,"229":1,"230":2,"231":2,"232":2,"233":2,"234":2,"235":2,"236":2,"238":2,"239":2,"240":1,"241":2,"242":2,"243":2,"244":2,"245":2,"246":2,"247":2,"248":2,"250":2,"251":1,"252":1,"254":2,"255":2,"256":0,"257":0,"258":0,"259":0,"260":0,"262":2,"263":2,"264":1,"265":3,"266":3,"267":3,"268":3,"269":3,"270":3,"271":3,"273":3,"274":3,"275":3,"277":3,"278":3,"279":3,"280":3,"281":3,"283":3,"284":3,"285":1,"286":3,"288":3,"289":3,"290":3,"291":3,"292":3,"293":3,"294":3,"296":3,"297":1,"298":1,"299":1,"300":1,"301":1,"302":1,"303":1,"304":1,"306":2,"307":2,"308":2,"309":2,"310":2,"311":2,"312":2,"314":2,"315":2,"316":1,"317":1,"318":1,"319":1,"320":1,"321":1,"322":1,"323":1,"325":1,"326":1,"327":1,"328":1,"329":1,"330":1,"331":1,"332":1,"333":1,"334":1,"336":1,"337":1,"338":1},"branchMap":{"0":{"type":"branch","line":28,"loc":{"start":{"line":28,"column":0},"end":{"line":30,"column":1}},"locations":[{"start":{"line":28,"column":0},"end":{"line":30,"column":1}}]},"1":{"type":"branch","line":52,"loc":{"start":{"line":52,"column":2},"end":{"line":106,"column":4}},"locations":[{"start":{"line":52,"column":2},"end":{"line":106,"column":4}}]},"2":{"type":"branch","line":53,"loc":{"start":{"line":53,"column":28},"end":{"line":53,"column":34}},"locations":[{"start":{"line":53,"column":28},"end":{"line":53,"column":34}}]},"3":{"type":"branch","line":54,"loc":{"start":{"line":54,"column":36},"end":{"line":54,"column":43}},"locations":[{"start":{"line":54,"column":36},"end":{"line":54,"column":43}}]},"4":{"type":"branch","line":57,"loc":{"start":{"line":57,"column":36},"end":{"line":57,"column":48}},"locations":[{"start":{"line":57,"column":36},"end":{"line":57,"column":48}}]},"5":{"type":"branch","line":57,"loc":{"start":{"line":57,"column":38},"end":{"line":57,"column":51}},"locations":[{"start":{"line":57,"column":38},"end":{"line":57,"column":51}}]},"6":{"type":"branch","line":65,"loc":{"start":{"line":65,"column":34},"end":{"line":65,"column":41}},"locations":[{"start":{"line":65,"column":34},"end":{"line":65,"column":41}}]},"7":{"type":"branch","line":66,"loc":{"start":{"line":66,"column":34},"end":{"line":66,"column":73}},"locations":[{"start":{"line":66,"column":34},"end":{"line":66,"column":73}}]},"8":{"type":"branch","line":66,"loc":{"start":{"line":66,"column":73},"end":{"line":68,"column":5}},"locations":[{"start":{"line":66,"column":73},"end":{"line":68,"column":5}}]},"9":{"type":"branch","line":69,"loc":{"start":{"line":69,"column":37},"end":{"line":69,"column":79}},"locations":[{"start":{"line":69,"column":37},"end":{"line":69,"column":79}}]},"10":{"type":"branch","line":69,"loc":{"start":{"line":69,"column":79},"end":{"line":71,"column":5}},"locations":[{"start":{"line":69,"column":79},"end":{"line":71,"column":5}}]},"11":{"type":"branch","line":72,"loc":{"start":{"line":72,"column":38},"end":{"line":72,"column":81}},"locations":[{"start":{"line":72,"column":38},"end":{"line":72,"column":81}}]},"12":{"type":"branch","line":72,"loc":{"start":{"line":72,"column":81},"end":{"line":74,"column":5}},"locations":[{"start":{"line":72,"column":81},"end":{"line":74,"column":5}}]},"13":{"type":"branch","line":75,"loc":{"start":{"line":75,"column":37},"end":{"line":75,"column":79}},"locations":[{"start":{"line":75,"column":37},"end":{"line":75,"column":79}}]},"14":{"type":"branch","line":75,"loc":{"start":{"line":75,"column":79},"end":{"line":77,"column":5}},"locations":[{"start":{"line":75,"column":79},"end":{"line":77,"column":5}}]},"15":{"type":"branch","line":78,"loc":{"start":{"line":78,"column":35},"end":{"line":78,"column":75}},"locations":[{"start":{"line":78,"column":35},"end":{"line":78,"column":75}}]},"16":{"type":"branch","line":78,"loc":{"start":{"line":78,"column":75},"end":{"line":80,"column":5}},"locations":[{"start":{"line":78,"column":75},"end":{"line":80,"column":5}}]},"17":{"type":"branch","line":82,"loc":{"start":{"line":82,"column":20},"end":{"line":88,"column":5}},"locations":[{"start":{"line":82,"column":20},"end":{"line":88,"column":5}}]},"18":{"type":"branch","line":90,"loc":{"start":{"line":90,"column":34},"end":{"line":90,"column":46}},"locations":[{"start":{"line":90,"column":34},"end":{"line":90,"column":46}}]},"19":{"type":"branch","line":90,"loc":{"start":{"line":90,"column":36},"end":{"line":90,"column":86}},"locations":[{"start":{"line":90,"column":36},"end":{"line":90,"column":86}}]},"20":{"type":"branch","line":90,"loc":{"start":{"line":90,"column":85},"end":{"line":91,"column":26}},"locations":[{"start":{"line":90,"column":85},"end":{"line":91,"column":26}}]},"21":{"type":"branch","line":92,"loc":{"start":{"line":92,"column":-2},"end":{"line":92,"column":27}},"locations":[{"start":{"line":92,"column":-2},"end":{"line":92,"column":27}}]},"22":{"type":"branch","line":93,"loc":{"start":{"line":93,"column":37},"end":{"line":93,"column":52}},"locations":[{"start":{"line":93,"column":37},"end":{"line":93,"column":52}}]},"23":{"type":"branch","line":93,"loc":{"start":{"line":93,"column":39},"end":{"line":93,"column":58}},"locations":[{"start":{"line":93,"column":39},"end":{"line":93,"column":58}}]},"24":{"type":"branch","line":98,"loc":{"start":{"line":98,"column":15},"end":{"line":103,"column":5}},"locations":[{"start":{"line":98,"column":15},"end":{"line":103,"column":5}}]},"25":{"type":"branch","line":99,"loc":{"start":{"line":99,"column":42},"end":{"line":99,"column":77}},"locations":[{"start":{"line":99,"column":42},"end":{"line":99,"column":77}}]},"26":{"type":"branch","line":103,"loc":{"start":{"line":103,"column":4},"end":{"line":105,"column":28}},"locations":[{"start":{"line":103,"column":4},"end":{"line":105,"column":28}}]},"27":{"type":"branch","line":105,"loc":{"start":{"line":105,"column":20},"end":{"line":105,"column":30}},"locations":[{"start":{"line":105,"column":20},"end":{"line":105,"column":30}}]},"28":{"type":"branch","line":105,"loc":{"start":{"line":105,"column":57},"end":{"line":105,"column":68}},"locations":[{"start":{"line":105,"column":57},"end":{"line":105,"column":68}}]},"29":{"type":"branch","line":85,"loc":{"start":{"line":85,"column":13},"end":{"line":85,"column":49}},"locations":[{"start":{"line":85,"column":13},"end":{"line":85,"column":49}}]},"30":{"type":"branch","line":107,"loc":{"start":{"line":107,"column":2},"end":{"line":161,"column":4}},"locations":[{"start":{"line":107,"column":2},"end":{"line":161,"column":4}}]},"31":{"type":"branch","line":108,"loc":{"start":{"line":108,"column":28},"end":{"line":108,"column":34}},"locations":[{"start":{"line":108,"column":28},"end":{"line":108,"column":34}}]},"32":{"type":"branch","line":109,"loc":{"start":{"line":109,"column":36},"end":{"line":109,"column":43}},"locations":[{"start":{"line":109,"column":36},"end":{"line":109,"column":43}}]},"33":{"type":"branch","line":112,"loc":{"start":{"line":112,"column":36},"end":{"line":112,"column":48}},"locations":[{"start":{"line":112,"column":36},"end":{"line":112,"column":48}}]},"34":{"type":"branch","line":112,"loc":{"start":{"line":112,"column":38},"end":{"line":112,"column":51}},"locations":[{"start":{"line":112,"column":38},"end":{"line":112,"column":51}}]},"35":{"type":"branch","line":120,"loc":{"start":{"line":120,"column":34},"end":{"line":120,"column":41}},"locations":[{"start":{"line":120,"column":34},"end":{"line":120,"column":41}}]},"36":{"type":"branch","line":121,"loc":{"start":{"line":121,"column":34},"end":{"line":121,"column":73}},"locations":[{"start":{"line":121,"column":34},"end":{"line":121,"column":73}}]},"37":{"type":"branch","line":121,"loc":{"start":{"line":121,"column":73},"end":{"line":123,"column":5}},"locations":[{"start":{"line":121,"column":73},"end":{"line":123,"column":5}}]},"38":{"type":"branch","line":124,"loc":{"start":{"line":124,"column":37},"end":{"line":124,"column":79}},"locations":[{"start":{"line":124,"column":37},"end":{"line":124,"column":79}}]},"39":{"type":"branch","line":124,"loc":{"start":{"line":124,"column":79},"end":{"line":126,"column":5}},"locations":[{"start":{"line":124,"column":79},"end":{"line":126,"column":5}}]},"40":{"type":"branch","line":127,"loc":{"start":{"line":127,"column":38},"end":{"line":127,"column":81}},"locations":[{"start":{"line":127,"column":38},"end":{"line":127,"column":81}}]},"41":{"type":"branch","line":127,"loc":{"start":{"line":127,"column":81},"end":{"line":129,"column":5}},"locations":[{"start":{"line":127,"column":81},"end":{"line":129,"column":5}}]},"42":{"type":"branch","line":130,"loc":{"start":{"line":130,"column":37},"end":{"line":130,"column":79}},"locations":[{"start":{"line":130,"column":37},"end":{"line":130,"column":79}}]},"43":{"type":"branch","line":130,"loc":{"start":{"line":130,"column":79},"end":{"line":132,"column":5}},"locations":[{"start":{"line":130,"column":79},"end":{"line":132,"column":5}}]},"44":{"type":"branch","line":133,"loc":{"start":{"line":133,"column":35},"end":{"line":133,"column":75}},"locations":[{"start":{"line":133,"column":35},"end":{"line":133,"column":75}}]},"45":{"type":"branch","line":133,"loc":{"start":{"line":133,"column":75},"end":{"line":135,"column":5}},"locations":[{"start":{"line":133,"column":75},"end":{"line":135,"column":5}}]},"46":{"type":"branch","line":137,"loc":{"start":{"line":137,"column":20},"end":{"line":143,"column":5}},"locations":[{"start":{"line":137,"column":20},"end":{"line":143,"column":5}}]},"47":{"type":"branch","line":145,"loc":{"start":{"line":145,"column":34},"end":{"line":145,"column":46}},"locations":[{"start":{"line":145,"column":34},"end":{"line":145,"column":46}}]},"48":{"type":"branch","line":145,"loc":{"start":{"line":145,"column":36},"end":{"line":145,"column":86}},"locations":[{"start":{"line":145,"column":36},"end":{"line":145,"column":86}}]},"49":{"type":"branch","line":145,"loc":{"start":{"line":145,"column":85},"end":{"line":146,"column":26}},"locations":[{"start":{"line":145,"column":85},"end":{"line":146,"column":26}}]},"50":{"type":"branch","line":147,"loc":{"start":{"line":147,"column":-2},"
[...]
,"C:\\Users\\Boo\\Desktop\\Shefaa\\shefaa\\src\\services\\subscription\\subscription.service.ts": {"path":"C:\\Users\\Boo\\Desktop\\Shefaa\\shefaa\\src\\services\\subscription\\subscription.service.ts","all":false,"statementMap":{"0":{"start":{"line":1,"column":0},"end":{"line":1,"column":86}},"5":{"start":{"line":6,"column":0},"end":{"line":6,"column":36}},"6":{"start":{"line":7,"column":0},"end":{"line":7,"column":39}},"7":{"start":{"line":8,"column":0},"end":{"line":8,"column":9}},"8":{"start":{"line":9,"column":0},"end":{"line":9,"column":56}},"9":{"start":{"line":10,"column":0},"end":{"line":10,"column":78}},"10":{"start":{"line":11,"column":0},"end":{"line":11,"column":69}},"11":{"start":{"line":12,"column":0},"end":{"line":12,"column":19}},"12":{"start":{"line":13,"column":0},"end":{"line":13,"column":63}},"13":{"start":{"line":14,"column":0},"end":{"line":14,"column":5}},"14":{"start":{"line":15,"column":0},"end":{"line":15,"column":4}},"15":{"start":{"line":16,"column":0},"end":{"line":16,"column":2}}},"s":{"0":1,"5":1,"6":1,"7":1,"8":1,"9":1,"10":1,"11":1,"12":0,"13":0,"14":1,"15":1},"branchMap":{"0":{"type":"branch","line":7,"loc":{"start":{"line":7,"column":2},"end":{"line":15,"column":4}},"locations":[{"start":{"line":7,"column":2},"end":{"line":15,"column":4}}]},"1":{"type":"branch","line":11,"loc":{"start":{"line":11,"column":54},"end":{"line":11,"column":69}},"locations":[{"start":{"line":11,"column":54},"end":{"line":11,"column":69}}]},"2":{"type":"branch","line":12,"loc":{"start":{"line":12,"column":6},"end":{"line":14,"column":5}},"locations":[{"start":{"line":12,"column":6},"end":{"line":14,"column":5}}]}},"b":{"0":[1],"1":[0],"2":[0]},"fnMap":{"0":{"name":"getByTenant","decl":{"start":{"line":7,"column":2},"end":{"line":15,"column":4}},"loc":{"start":{"line":7,"column":2},"end":{"line":15,"column":4}},"line":7}},"f":{"0":1}}
,"C:\\Users\\Boo\\Desktop\\Shefaa\\shefaa\\src\\services\\supabase\\client.ts": {"path":"C:\\Users\\Boo\\Desktop\\Shefaa\\shefaa\\src\\services\\supabase\\client.ts","all":false,"statementMap":{"0":{"start":{"line":1,"column":0},"end":{"line":1,"column":53}},"4":{"start":{"line":5,"column":0},"end":{"line":5,"column":47}},"5":{"start":{"line":6,"column":0},"end":{"line":6,"column":24}},"6":{"start":{"line":7,"column":0},"end":{"line":7,"column":36}},"7":{"start":{"line":8,"column":0},"end":{"line":8,"column":3}},"8":{"start":{"line":9,"column":0},"end":{"line":9,"column":11}},"9":{"start":{"line":10,"column":0},"end":{"line":10,"column":28}},"10":{"start":{"line":11,"column":0},"end":{"line":11,"column":27}},"11":{"start":{"line":12,"column":0},"end":{"line":12,"column":29}},"12":{"start":{"line":13,"column":0},"end":{"line":13,"column":6}},"13":{"start":{"line":14,"column":0},"end":{"line":14,"column":4}}},"s":{"0":1,"4":1,"5":1,"6":1,"7":1,"8":1,"9":1,"10":1,"11":1,"12":1,"13":1},"branchMap":{},"b":{},"fnMap":{},"f":{}}
,"C:\\Users\\Boo\\Desktop\\Shefaa\\shefaa\\src\\services\\supabase\\errors.ts": {"path":"C:\\Users\\Boo\\Desktop\\Shefaa\\shefaa\\src\\services\\supabase\\errors.ts","all":false,"statementMap":{"0":{"start":{"line":1,"column":0},"end":{"line":1,"column":31}},"2":{"start":{"line":3,"column":0},"end":{"line":3,"column":41}},"3":{"start":{"line":4,"column":0},"end":{"line":4,"column":25}},"4":{"start":{"line":5,"column":0},"end":{"line":5,"column":27}},"5":{"start":{"line":6,"column":0},"end":{"line":6,"column":29}},"7":{"start":{"line":8,"column":0},"end":{"line":8,"column":97}},"8":{"start":{"line":9,"column":0},"end":{"line":9,"column":19}},"9":{"start":{"line":10,"column":0},"end":{"line":10,"column":31}},"10":{"start":{"line":11,"column":0},"end":{"line":11,"column":30}},"11":{"start":{"line":12,"column":0},"end":{"line":12,"column":34}},"12":{"start":{"line":13,"column":0},"end":{"line":13,"column":36}},"13":{"start":{"line":14,"column":0},"end":{"line":14,"column":3}},"14":{"start":{"line":15,"column":0},"end":{"line":15,"column":1}},"16":{"start":{"line":17,"column":0},"end":{"line":17,"column":51}},"17":{"start":{"line":18,"column":0},"end":{"line":18,"column":79}},"18":{"start":{"line":19,"column":0},"end":{"line":19,"column":89}},"19":{"start":{"line":20,"column":0},"end":{"line":20,"column":34}},"20":{"start":{"line":21,"column":0},"end":{"line":21,"column":3}},"21":{"start":{"line":22,"column":0},"end":{"line":22,"column":1}},"23":{"start":{"line":24,"column":0},"end":{"line":24,"column":54}},"24":{"start":{"line":25,"column":0},"end":{"line":25,"column":91}},"25":{"start":{"line":26,"column":0},"end":{"line":26,"column":104}},"26":{"start":{"line":27,"column":0},"end":{"line":27,"column":37}},"27":{"start":{"line":28,"column":0},"end":{"line":28,"column":3}},"28":{"start":{"line":29,"column":0},"end":{"line":29,"column":1}},"30":{"start":{"line":31,"column":0},"end":{"line":31,"column":49}},"31":{"start":{"line":32,"column":0},"end":{"line":32,"column":86}},"32":{"start":{"line":33,"column":0},"end":{"line":33,"column":99}},"33":{"start":{"line":34,"column":0},"end":{"line":34,"column":32}},"34":{"start":{"line":35,"column":0},"end":{"line":35,"column":3}},"35":{"start":{"line":36,"column":0},"end":{"line":36,"column":1}},"37":{"start":{"line":38,"column":0},"end":{"line":38,"column":49}},"38":{"start":{"line":39,"column":0},"end":{"line":39,"column":85}},"39":{"start":{"line":40,"column":0},"end":{"line":40,"column":98}},"40":{"start":{"line":41,"column":0},"end":{"line":41,"column":32}},"41":{"start":{"line":42,"column":0},"end":{"line":42,"column":3}},"42":{"start":{"line":43,"column":0},"end":{"line":43,"column":1}},"44":{"start":{"line":45,"column":0},"end":{"line":45,"column":53}},"45":{"start":{"line":46,"column":0},"end":{"line":46,"column":100}},"46":{"start":{"line":47,"column":0},"end":{"line":47,"column":103}},"47":{"start":{"line":48,"column":0},"end":{"line":48,"column":36}},"48":{"start":{"line":49,"column":0},"end":{"line":49,"column":3}},"49":{"start":{"line":50,"column":0},"end":{"line":50,"column":1}},"51":{"start":{"line":52,"column":0},"end":{"line":52,"column":45}},"52":{"start":{"line":53,"column":0},"end":{"line":53,"column":108}},"53":{"start":{"line":54,"column":0},"end":{"line":54,"column":108}},"54":{"start":{"line":55,"column":0},"end":{"line":55,"column":56}},"55":{"start":{"line":56,"column":0},"end":{"line":56,"column":89}},"56":{"start":{"line":57,"column":0},"end":{"line":57,"column":3}},"57":{"start":{"line":58,"column":0},"end":{"line":58,"column":111}},"58":{"start":{"line":59,"column":0},"end":{"line":59,"column":13}},"59":{"start":{"line":60,"column":0},"end":{"line":60,"column":1}},"61":{"start":{"line":62,"column":0},"end":{"line":62,"column":92}},"62":{"start":{"line":63,"column":0},"end":{"line":63,"column":63}},"63":{"start":{"line":64,"column":0},"end":{"line":64,"column":107}},"64":{"start":{"line":65,"column":0},"end":{"line":65,"column":65}},"65":{"start":{"line":66,"column":0},"end":{"line":66,"column":61}},"66":{"start":{"line":67,"column":0},"end":{"line":67,"column":1}}},"s":{"0":1,"2":1,"3":1,"4":1,"5":1,"7":1,"8":35,"9":35,"10":35,"11":35,"12":35,"13":35,"14":1,"16":1,"17":1,"18":1,"19":1,"20":1,"21":1,"23":1,"24":1,"25":11,"26":11,"27":11,"28":1,"30":1,"31":1,"32":0,"33":0,"34":0,"35":1,"37":1,"38":1,"39":0,"40":0,"41":0,"42":1,"44":1,"45":1,"46":0,"47":0,"48":0,"49":1,"51":12,"52":12,"53":12,"54":12,"55":0,"56":0,"57":12,"58":12,"59":12,"61":1,"62":16,"63":16,"64":4,"65":0,"66":0},"branchMap":{"0":{"type":"branch","line":8,"loc":{"start":{"line":8,"column":2},"end":{"line":14,"column":3}},"locations":[{"start":{"line":8,"column":2},"end":{"line":14,"column":3}}]},"1":{"type":"branch","line":11,"loc":{"start":{"line":11,"column":16},"end":{"line":11,"column":30}},"locations":[{"start":{"line":11,"column":16},"end":{"line":11,"column":30}}]},"2":{"type":"branch","line":12,"loc":{"start":{"line":12,"column":18},"end":{"line":12,"column":34}},"locations":[{"start":{"line":12,"column":18},"end":{"line":12,"column":34}}]},"3":{"type":"branch","line":13,"loc":{"start":{"line":13,"column":19},"end":{"line":13,"column":36}},"locations":[{"start":{"line":13,"column":19},"end":{"line":13,"column":36}}]},"4":{"type":"branch","line":18,"loc":{"start":{"line":18,"column":2},"end":{"line":21,"column":3}},"locations":[{"start":{"line":18,"column":2},"end":{"line":21,"column":3}}]},"5":{"type":"branch","line":19,"loc":{"start":{"line":19,"column":69},"end":{"line":19,"column":86}},"locations":[{"start":{"line":19,"column":69},"end":{"line":19,"column":86}}]},"6":{"type":"branch","line":25,"loc":{"start":{"line":25,"column":2},"end":{"line":28,"column":3}},"locations":[{"start":{"line":25,"column":2},"end":{"line":28,"column":3}}]},"7":{"type":"branch","line":26,"loc":{"start":{"line":26,"column":27},"end":{"line":26,"column":44}},"locations":[{"start":{"line":26,"column":27},"end":{"line":26,"column":44}}]},"8":{"type":"branch","line":26,"loc":{"start":{"line":26,"column":84},"end":{"line":26,"column":101}},"locations":[{"start":{"line":26,"column":84},"end":{"line":26,"column":101}}]},"9":{"type":"branch","line":52,"loc":{"start":{"line":52,"column":0},"end":{"line":60,"column":1}},"locations":[{"start":{"line":52,"column":0},"end":{"line":60,"column":1}}]},"10":{"type":"branch","line":53,"loc":{"start":{"line":53,"column":28},"end":{"line":53,"column":108}},"locations":[{"start":{"line":53,"column":28},"end":{"line":53,"column":108}}]},"11":{"type":"branch","line":54,"loc":{"start":{"line":54,"column":28},"end":{"line":54,"column":108}},"locations":[{"start":{"line":54,"column":28},"end":{"line":54,"column":108}}]},"12":{"type":"branch","line":55,"loc":{"start":{"line":55,"column":55},"end":{"line":57,"column":3}},"locations":[{"start":{"line":55,"column":55},"end":{"line":57,"column":3}}]},"13":{"type":"branch","line":58,"loc":{"start":{"line":58,"column":31},"end":{"line":58,"column":111}},"locations":[{"start":{"line":58,"column":31},"end":{"line":58,"column":111}}]},"14":{"type":"branch","line":62,"loc":{"start":{"line":62,"column":7},"end":{"line":67,"column":1}},"locations":[{"start":{"line":62,"column":7},"end":{"line":67,"column":1}}]},"15":{"type":"branch","line":63,"loc":{"start":{"line":63,"column":35},"end":{"line":64,"column":31}},"locations":[{"start":{"line":63,"column":35},"end":{"line":64,"column":31}}]},"16":{"type":"branch","line":63,"loc":{"start":{"line":63,"column":35},"end":{"line":63,"column":63}},"locations":[{"start":{"line":63,"column":35},"end":{"line":63,"column":63}}]},"17":{"type":"branch","line":63,"loc":{"start":{"line":63,"column":58},"end":{"line":64,"column":31}},"locations":[{"start":{"line":63,"column":58},"end":{"line":64,"column":31}}]},"18":{"type":"branch","line":64,"loc":{"start":{"line":64,"column":31},"end":{"line":67,"column":1}},"locations":[{"start":{"line":64,"column":31},"end":{"line":67,"column":1}}]},"19":{"type":"branch","line":64,"loc":{"start":{"line":64,"column":31},"end":{"line":64,"column":107}},"locations":[{"start":{"line":64,"column":31},"end":{"line":64,"column":107}}]},"20":{"type":"branch","line":64,"loc":{"start":{"line":64,"column":104},"end":{"line":65,"column":65}},"locations":[{"start":{"line":64,"column":104},"end":{"line":65,"column":65}}]},"21":{"type":"branch","line":65,"loc":{"start":{"line":65,"column":63},"end":{"line":67,"column":1}},"locations":[{"start":{"line":65,"column":63},"end":{"line":67,"column":1}}]}},"b":{"0":[35],"1":[28],"2":[28],"3":[28],"4":[1],"5":[0],"6":[11],"7":[0],"8":[0],"9":[12],"10":[0],"11":[0],"12":[0],"13":[0],"14":[16],"15":[15],"16":[12],"17":[4],"18":[5],"19":[0],"20":[4],"21":[0]},"fnMap":{"0":{"name":"ServiceError","decl":{"start":{"line":8,"column":2},"end":{"line":14,"column":3}},"loc":{"start":{"line":8,"column":2},"end":{"line":14,"column":3}},"line":8},"1":{"name":"ValidationError","decl":{"start":{"line":18,"column":2},"end":{"line":21,"column":3}},"loc":{"start":{"line":18,"column":2},"end":{"line":21,"column":3}},"line":18},"2":{"name":"AuthorizationError","decl":{"start":{"line":25,"column":2},"end":{"line":28,"column":3}},"loc":{"start":{"line":25,"column":2},"end":{"line":28,"column":3}},"line":25},"3":{"name":"NotFoundError","decl":{"start":{"line":32,"column":2},"end":{"line":35,"column":3}},"loc":{"start":{"line":32,"column":2},"end":{"line":35,"column":3}},"line":32},"4":{"name":"ConflictError","decl":{"start":{"line":39,"column":2},"end":{"line":42,"column":3}},"loc":{"start":{"line":39,"column":2},"end":{"line":42,"column":3}},"line":39},"5":{"name":"BusinessRuleError","decl":{"start":{"line":46,"column":2},"end":{"line":49,"column":3}},"loc":{"start":{"line":46,"column":2},"end":{"line":49,"column":3}},"line":46},"6":{"name":"mapServiceError","decl":{"start":{"line":52,"column":0},"end":{"line":60,"column":1}},"loc":{"start":{"line":52,"column":0},"end":{"line":60,"column":1}},"line":52},"7":{"name":"toServiceError","decl":{"start":{"line":62,"column":7},"end":{"line":67,"column":1}},"loc":{"start":{"line":62,"column":7},"end":{"line":67,"column":1}},"line":62}},"f":{"0":35,"1":1,"2":11,"3":0,"4":0,"5":0,"6":12,"7":16}}
,"C:\\Users\\Boo\\Desktop\\Shefaa\\shefaa\\src\\services\\supabase\\permissions.ts": {"path":"C:\\Users\\Boo\\Desktop\\Shefaa\\shefaa\\src\\services\\supabase\\permissions.ts","all":false,"statementMap":{"0":{"start":{"line":1,"column":0},"end":{"line":1,"column":56}},"4":{"start":{"line":5,"column":0},"end":{"line":5,"column":82}},"5":{"start":{"line":6,"column":0},"end":{"line":6,"column":47}},"6":{"start":{"line":7,"column":0},"end":{"line":7,"column":78}},"7":{"start":{"line":8,"column":0},"end":{"line":8,"column":17}},"8":{"start":{"line":9,"column":0},"end":{"line":9,"column":62}},"9":{"start":{"line":10,"column":0},"end":{"line":10,"column":3}},"10":{"start":{"line":11,"column":0},"end":{"line":11,"column":1}}},"s":{"0":1,"4":1,"5":21,"6":21,"7":21,"8":10,"9":10,"10":21},"branchMap":{"0":{"type":"branch","line":5,"loc":{"start":{"line":5,"column":7},"end":{"line":11,"column":1}},"locations":[{"start":{"line":5,"column":7},"end":{"line":11,"column":1}}]},"1":{"type":"branch","line":8,"loc":{"start":{"line":8,"column":16},"end":{"line":10,"column":3}},"locations":[{"start":{"line":8,"column":16},"end":{"line":10,"column":3}}]},"2":{"type":"branch","line":7,"loc":{"start":{"line":7,"column":35},"end":{"line":7,"column":78}},"locations":[{"start":{"line":7,"column":35},"end":{"line":7,"column":78}}]}},"b":{"0":[21],"1":[10],"2":[29]},"fnMap":{"0":{"name":"assertAnyPermission","decl":{"start":{"line":5,"column":7},"end":{"line":11,"column":1}},"loc":{"start":{"line":5,"column":7},"end":{"line":11,"column":1}},"line":5}},"f":{"0":21}}
,"C:\\Users\\Boo\\Desktop\\Shefaa\\shefaa\\src\\services\\supabase\\query.ts": {"path":"C:\\Users\\Boo\\Desktop\\Shefaa\\shefaa\\src\\services\\supabase\\query.ts","all":false,"statementMap":{"0":{"start":{"line":1,"column":0},"end":{"line":1,"column":40}},"2":{"start":{"line":3,"column":0},"end":{"line":3,"column":69}},"3":{"start":{"line":4,"column":0},"end":{"line":4,"column":21}},"4":{"start":{"line":5,"column":0},"end":{"line":5,"column":70}},"5":{"start":{"line":6,"column":0},"end":{"line":6,"column":30}},"6":{"start":{"line":7,"column":0},"end":{"line":7,"column":28}},"7":{"start":{"line":8,"column":0},"end":{"line":8,"column":7}},"8":{"start":{"line":9,"column":0},"end":{"line":9,"column":3}},"9":{"start":{"line":10,"column":0},"end":{"line":10,"column":26}},"10":{"start":{"line":11,"column":0},"end":{"line":11,"column":1}}},"s":{"0":1,"2":1,"3":69,"4":1,"5":1,"6":1,"7":1,"8":1,"9":68,"10":68},"branchMap":{"0":{"type":"branch","line":3,"loc":{"start":{"line":3,"column":7},"end":{"line":11,"column":1}},"locations":[{"start":{"line":3,"column":7},"end":{"line":11,"column":1}}]},"1":{"type":"branch","line":4,"loc":{"start":{"line":4,"column":20},"end":{"line":9,"column":3}},"locations":[{"start":{"line":4,"column":20},"end":{"line":9,"column":3}}]},"2":{"type":"branch","line":5,"loc":{"start":{"line":5,"column":47},"end":{"line":5,"column":69}},"locations":[{"start":{"line":5,"column":47},"end":{"line":5,"column":69}}]},"3":{"type":"branch","line":9,"loc":{"start":{"line":9,"column":2},"end":{"line":11,"column":1}},"locations":[{"start":{"line":9,"column":2},"end":{"line":11,"column":1}}]}},"b":{"0":[69],"1":[1],"2":[0],"3":[68]},"fnMap":{"0":{"name":"assertOk","decl":{"start":{"line":3,"column":7},"end":{"line":11,"column":1}},"loc":{"start":{"line":3,"column":7},"end":{"line":11,"column":1}},"line":3}},"f":{"0":69}}
,"C:\\Users\\Boo\\Desktop\\Shefaa\\shefaa\\src\\services\\supabase\\tenant.ts": {"path":"C:\\Users\\Boo\\Desktop\\Shefaa\\shefaa\\src\\services\\supabase\\tenant.ts","all":false,"statementMap":{"0":{"start":{"line":1,"column":0},"end":{"line":1,"column":48}},"3":{"start":{"line":4,"column":0},"end":{"line":4,"column":36}},"4":{"start":{"line":5,"column":0},"end":{"line":5,"column":54}},"5":{"start":{"line":6,"column":0},"end":{"line":6,"column":37}},"6":{"start":{"line":7,"column":0},"end":{"line":7,"column":53}},"7":{"start":{"line":8,"column":0},"end":{"line":8,"column":3}},"8":{"start":{"line":9,"column":0},"end":{"line":9,"column":18}},"9":{"start":{"line":10,"column":0},"end":{"line":10,"column":53}},"10":{"start":{"line":11,"column":0},"end":{"line":11,"column":25}},"11":{"start":{"line":12,"column":0},"end":{"line":12,"column":22}},"12":{"start":{"line":13,"column":0},"end":{"line":13,"column":39}},"13":{"start":{"line":14,"column":0},"end":{"line":14,"column":1}}},"s":{"0":1,"3":1,"4":3,"5":3,"6":1,"7":1,"8":2,"9":3,"10":1,"11":3,"12":3,"13":3},"branchMap":{"0":{"type":"branch","line":4,"loc":{"start":{"line":4,"column":7},"end":{"line":14,"column":1}},"locations":[{"start":{"line":4,"column":7},"end":{"line":14,"column":1}}]},"1":{"type":"branch","line":6,"loc":{"start":{"line":6,"column":7},"end":{"line":6,"column":25}},"locations":[{"start":{"line":6,"column":7},"end":{"line":6,"column":25}}]},"2":{"type":"branch","line":6,"loc":{"start":{"line":6,"column":13},"end":{"line":6,"column":36}},"locations":[{"start":{"line":6,"column":13},"end":{"line":6,"column":36}}]},"3":{"type":"branch","line":6,"loc":{"start":{"line":6,"column":36},"end":{"line":8,"column":3}},"locations":[{"start":{"line":6,"column":36},"end":{"line":8,"column":3}}]},"4":{"type":"branch","line":8,"loc":{"start":{"line":8,"column":2},"end":{"line":10,"column":35}},"locations":[{"start":{"line":8,"column":2},"end":{"line":10,"column":35}}]},"5":{"type":"branch","line":10,"loc":{"start":{"line":10,"column":18},"end":{"line":10,"column":53}},"locations":[{"start":{"line":10,"column":18},"end":{"line":10,"column":53}}]},"6":{"type":"branch","line":10,"loc":{"start":{"line":10,"column":51},"end":{"line":11,"column":25}},"locations":[{"start":{"line":10,"column":51},"end":{"line":11,"column":25}}]},"7":{"type":"branch","line":12,"loc":{"start":{"line":12,"column":-1},"end":{"line":12,"column":21}},"locations":[{"start":{"line":12,"column":-1},"end":{"line":12,"column":21}}]}},"b":{"0":[3],"1":[2],"2":[2],"3":[1],"4":[2],"5":[1],"6":[1],"7":[1]},"fnMap":{"0":{"name":"getTenantContext","decl":{"start":{"line":4,"column":7},"end":{"line":14,"column":1}},"loc":{"start":{"line":4,"column":7},"end":{"line":14,"column":1}},"line":4}},"f":{"0":3}}
}
